[2022-07-29 19:53:14.529] [exthost] [info] Extension host with pid 830 started
[2022-07-29 19:53:14.531] [exthost] [error] Error: EEXIST: file already exists, open '/workspace/.vscode-remote/data/User/workspaceStorage/25429c0/vscode.lock'
[2022-07-29 19:53:14.535] [exthost] [info] Lock '/workspace/.vscode-remote/data/User/workspaceStorage/25429c0/vscode.lock': Could not acquire lock, checking if the file is stale.
[2022-07-29 19:53:14.536] [exthost] [info] Lock '/workspace/.vscode-remote/data/User/workspaceStorage/25429c0/vscode.lock': The lock looks stale, waiting for 2s.
[2022-07-29 19:53:14.704] [exthost] [info] ExtensionService#_doActivateExtension vscode.css-language-features, startup: false, activationEvent: 'onLanguage:scss'
[2022-07-29 19:53:14.745] [exthost] [info] ExtensionService#_doActivateExtension gitpod.gitpod-web, startup: false, activationEvent: 'onAuthenticationRequest:gitpod'
[2022-07-29 19:53:14.860] [exthost] [info] ExtensionService#_doActivateExtension vscode.debug-auto-launch, startup: true, activationEvent: '*'
[2022-07-29 19:53:14.862] [exthost] [info] ExtensionService#_doActivateExtension vscode.git-base, startup: true, activationEvent: '*', root cause: vscode.git
[2022-07-29 19:53:14.866] [exthost] [info] ExtensionService#_doActivateExtension vscode.ipynb, startup: true, activationEvent: '*'
[2022-07-29 19:53:14.880] [exthost] [info] ExtensionService#_doActivateExtension vscode.github-authentication, startup: true, activationEvent: '*', root cause: GitHub.vscode-pull-request-github
[2022-07-29 19:53:16.537] [exthost] [info] Lock '/workspace/.vscode-remote/data/User/workspaceStorage/25429c0/vscode.lock': The lock looks stale even after waiting for 2s.
[2022-07-29 19:53:16.537] [exthost] [info] Lock '/workspace/.vscode-remote/data/User/workspaceStorage/25429c0/vscode.lock': Deleting a stale lock.
[2022-07-29 19:53:16.539] [exthost] [info] Lock '/workspace/.vscode-remote/data/User/workspaceStorage/25429c0/vscode.lock': Lock acquired.
[2022-07-29 19:53:22.555] [exthost] [info] ExtensionService#_doActivateExtension GitHub.vscode-pull-request-github, startup: true, activationEvent: '*'
[2022-07-29 19:53:22.634] [exthost] [info] ExtensionService#_doActivateExtension vscode.git, startup: true, activationEvent: '*'
[2022-07-29 19:53:22.706] [exthost] [info] ExtensionService#_doActivateExtension vscode.github, startup: true, activationEvent: '*'
[2022-07-29 19:53:23.446] [exthost] [info] ExtensionService#_doActivateExtension vscode.markdown-language-features, startup: false, activationEvent: 'onCommand:markdown.api.render'
[2022-07-29 19:53:23.856] [exthost] [info] ExtensionService#_doActivateExtension vscode.markdown-math, startup: false, activationEvent: 'api', root cause: vscode.markdown-language-features
[2022-07-29 19:53:24.118] [exthost] [info] ExtensionService#_doActivateExtension vscode.configuration-editing, startup: false, activationEvent: 'onLanguage:jsonc'
[2022-07-29 19:53:24.124] [exthost] [info] ExtensionService#_doActivateExtension vscode.json-language-features, startup: false, activationEvent: 'onLanguage:jsonc'
[2022-07-29 19:53:24.188] [exthost] [info] ExtensionService#_doActivateExtension vscode.typescript-language-features, startup: false, activationEvent: 'onLanguage:jsonc'
[2022-07-29 19:53:24.882] [exthost] [info] ExtensionService#_doActivateExtension vscode.emmet, startup: false, activationEvent: 'onStartupFinished'
[2022-07-29 19:53:24.898] [exthost] [info] ExtensionService#_doActivateExtension vscode.merge-conflict, startup: false, activationEvent: 'onStartupFinished'
[2022-07-29 19:53:24.915] [exthost] [info] Eager extensions activated
[2022-07-29 19:54:15.023] [exthost] [info] Extension host terminating: received terminate message from renderer
[2022-07-29 19:54:15.025] [exthost] [info] Lock '/workspace/.vscode-remote/data/User/workspaceStorage/25429c0/vscode.lock': Marking the lockfile as scheduled to be released in 6000 ms.
[2022-07-29 19:54:15.052] [exthost] [info] Extension host with pid 830 exiting with code 0
