[2022-08-16 02:17:18.596] [exthost] [info] Extension host with pid 826 started
[2022-08-16 02:17:18.604] [exthost] [info] Lock '/workspace/.vscode-remote/data/User/workspaceStorage/-46c1abdc/vscode.lock': Lock acquired.
[2022-08-16 02:17:18.787] [exthost] [info] ExtensionService#_doActivateExtension vscode.css-language-features, startup: false, activationEvent: 'onLanguage:scss'
[2022-08-16 02:17:18.828] [exthost] [info] ExtensionService#_doActivateExtension gitpod.gitpod-web, startup: false, activationEvent: 'onAuthenticationRequest:gitpod'
[2022-08-16 02:17:18.943] [exthost] [info] ExtensionService#_doActivateExtension vscode.debug-auto-launch, startup: true, activationEvent: '*'
[2022-08-16 02:17:18.946] [exthost] [info] ExtensionService#_doActivateExtension vscode.git-base, startup: true, activationEvent: '*', root cause: vscode.git
[2022-08-16 02:17:18.950] [exthost] [info] ExtensionService#_doActivateExtension vscode.ipynb, startup: true, activationEvent: '*'
[2022-08-16 02:17:18.964] [exthost] [info] ExtensionService#_doActivateExtension vscode.github-authentication, startup: true, activationEvent: '*', root cause: GitHub.vscode-pull-request-github
[2022-08-16 02:17:19.125] [exthost] [info] ExtensionService#_doActivateExtension GitHub.vscode-pull-request-github, startup: true, activationEvent: '*'
[2022-08-16 02:17:19.213] [exthost] [info] ExtensionService#_doActivateExtension vscode.git, startup: true, activationEvent: '*'
[2022-08-16 02:17:19.293] [exthost] [info] ExtensionService#_doActivateExtension vscode.github, startup: true, activationEvent: '*'
[2022-08-16 02:17:20.749] [exthost] [info] ExtensionService#_doActivateExtension vscode.configuration-editing, startup: false, activationEvent: 'onLanguage:jsonc'
[2022-08-16 02:17:20.756] [exthost] [info] ExtensionService#_doActivateExtension vscode.json-language-features, startup: false, activationEvent: 'onLanguage:jsonc'
[2022-08-16 02:17:20.824] [exthost] [info] ExtensionService#_doActivateExtension vscode.typescript-language-features, startup: false, activationEvent: 'onLanguage:jsonc'
[2022-08-16 02:17:21.350] [exthost] [info] ExtensionService#_doActivateExtension vscode.emmet, startup: false, activationEvent: 'onStartupFinished'
[2022-08-16 02:17:21.366] [exthost] [info] ExtensionService#_doActivateExtension vscode.merge-conflict, startup: false, activationEvent: 'onStartupFinished'
[2022-08-16 02:17:21.369] [exthost] [info] Eager extensions activated
[2022-08-16 02:30:33.300] [exthost] [info] ExtensionService#_doActivateExtension vscode.html-language-features, startup: false, activationEvent: 'onLanguage:html'
[2022-08-16 02:40:35.220] [exthost] [info] Extension host terminating: received terminate message from renderer
[2022-08-16 02:40:35.221] [exthost] [info] Lock '/workspace/.vscode-remote/data/User/workspaceStorage/-46c1abdc/vscode.lock': Marking the lockfile as scheduled to be released in 6000 ms.
[2022-08-16 02:40:35.245] [exthost] [info] Extension host with pid 826 exiting with code 0
