[2022-08-16T04:23:25.810Z] Log level: Info
[2022-08-16T04:23:25.812Z] [info] Validating found git in: git
[2022-08-16T04:23:25.826Z] [info] Using git 2.37.1 from git
[2022-08-16T04:23:25.845Z] > git rev-parse --show-toplevel [5ms]
[2022-08-16T04:23:25.855Z] > git rev-parse --git-dir --git-common-dir [2ms]
[2022-08-16T04:23:25.861Z] [info] Open repository: /workspace/FRONTFUNDATION
[2022-08-16T04:23:25.947Z] > git status -z -uall [71ms]
[2022-08-16T04:23:25.956Z] > git symbolic-ref --short HEAD [1ms]
[2022-08-16T04:23:25.963Z] > git for-each-ref --format=%(refname)%00%(upstream:short)%00%(objectname)%00%(upstream:track)%00%(upstream:remotename)%00%(upstream:remoteref) refs/heads/main refs/remotes/main [2ms]
[2022-08-16T04:23:25.977Z] > git for-each-ref --sort -committerdate --format %(refname) %(objectname) %(*objectname) [9ms]
[2022-08-16T04:23:25.979Z] > git remote --verbose [4ms]
[2022-08-16T04:23:25.996Z] > git config --get commit.template [6ms]
[2022-08-16T04:23:26.079Z] > git status -z -uall [76ms]
[2022-08-16T04:23:26.087Z] > git symbolic-ref --short HEAD [2ms]
[2022-08-16T04:23:26.092Z] > git for-each-ref --format=%(refname)%00%(upstream:short)%00%(objectname)%00%(upstream:track)%00%(upstream:remotename)%00%(upstream:remoteref) refs/heads/main refs/remotes/main [1ms]
[2022-08-16T04:23:26.102Z] > git for-each-ref --sort -committerdate --format %(refname) %(objectname) %(*objectname) [5ms]
[2022-08-16T04:23:26.102Z] > git remote --verbose [1ms]
[2022-08-16T04:23:26.112Z] > git config --get commit.template [4ms]
[2022-08-16T04:23:26.169Z] > git fetch [300ms]
[2022-08-16T04:23:26.247Z] > git status -z -uall [71ms]
[2022-08-16T04:23:26.255Z] > git symbolic-ref --short HEAD [1ms]
[2022-08-16T04:23:26.261Z] > git for-each-ref --format=%(refname)%00%(upstream:short)%00%(objectname)%00%(upstream:track)%00%(upstream:remotename)%00%(upstream:remoteref) refs/heads/main refs/remotes/main [1ms]
[2022-08-16T04:23:26.270Z] > git for-each-ref --sort -committerdate --format %(refname) %(objectname) %(*objectname) [5ms]
[2022-08-16T04:23:26.271Z] > git remote --verbose [2ms]
[2022-08-16T04:23:26.279Z] > git config --get commit.template [1ms]
[2022-08-16T04:23:26.477Z] > git show --textconv :FRONTFUNDATION/src/app/admin/ninos-admin/ninos-admin.component.html [5ms]
[2022-08-16T04:23:26.478Z] > git ls-files --stage -- /workspace/FRONTFUNDATION/FRONTFUNDATION/src/app/admin/ninos-admin/ninos-admin.component.html [1ms]
[2022-08-16T04:23:26.484Z] > git cat-file -s e64445cfe4eeab926e82e516c5ec2681948a3904 [1ms]
[2022-08-16T04:23:26.632Z] > git check-ignore -v -z --stdin [2ms]
[2022-08-16T04:23:27.425Z] > git status -z -uall [70ms]
[2022-08-16T04:23:27.446Z] > git symbolic-ref --short HEAD [12ms]
[2022-08-16T04:23:27.456Z] > git for-each-ref --format=%(refname)%00%(upstream:short)%00%(objectname)%00%(upstream:track)%00%(upstream:remotename)%00%(upstream:remoteref) refs/heads/main refs/remotes/main [2ms]
[2022-08-16T04:23:27.475Z] > git for-each-ref --sort -committerdate --format %(refname) %(objectname) %(*objectname) [10ms]
[2022-08-16T04:23:27.475Z] > git remote --verbose [1ms]
[2022-08-16T04:23:27.487Z] > git config --get commit.template [1ms]
[2022-08-16T04:23:27.641Z] > git ls-files --stage -- /workspace/FRONTFUNDATION/FRONTFUNDATION/src/app/admin/ninos-admin/ninos-admin.component.html [1ms]
[2022-08-16T04:23:27.654Z] > git cat-file -s e64445cfe4eeab926e82e516c5ec2681948a3904 [2ms]
[2022-08-16T04:23:27.815Z] > git show --textconv :FRONTFUNDATION/src/app/admin/ninos-admin/ninos-admin.component.html [2ms]
[2022-08-16T04:23:27.911Z] > git config --local branch.main.github-pr-owner-number [57ms]
[2022-08-16T04:23:31.194Z] > git check-ignore -v -z --stdin [2ms]
[2022-08-16T04:24:09.610Z] > git check-ignore -v -z --stdin [1ms]
[2022-08-16T04:24:14.669Z] > git check-ignore -v -z --stdin [2ms]
[2022-08-16T04:24:16.278Z] > git check-ignore -v -z --stdin [1ms]
[2022-08-16T04:24:17.705Z] > git check-ignore -v -z --stdin [1ms]
[2022-08-16T04:24:50.144Z] > git check-ignore -v -z --stdin [2ms]
[2022-08-16T04:26:26.589Z] > git fetch [302ms]
[2022-08-16T04:26:26.669Z] > git status -z -uall [71ms]
[2022-08-16T04:26:26.678Z] > git symbolic-ref --short HEAD [1ms]
[2022-08-16T04:26:26.684Z] > git for-each-ref --format=%(refname)%00%(upstream:short)%00%(objectname)%00%(upstream:track)%00%(upstream:remotename)%00%(upstream:remoteref) refs/heads/main refs/remotes/main [1ms]
[2022-08-16T04:26:26.695Z] > git for-each-ref --sort -committerdate --format %(refname) %(objectname) %(*objectname) [6ms]
[2022-08-16T04:26:26.695Z] > git remote --verbose [1ms]
[2022-08-16T04:26:26.705Z] > git config --get commit.template [1ms]
[2022-08-16T04:26:27.853Z] > git status -z -uall [77ms]
[2022-08-16T04:26:27.866Z] > git symbolic-ref --short HEAD [2ms]
[2022-08-16T04:26:27.875Z] > git for-each-ref --format=%(refname)%00%(upstream:short)%00%(objectname)%00%(upstream:track)%00%(upstream:remotename)%00%(upstream:remoteref) refs/heads/main refs/remotes/main [1ms]
[2022-08-16T04:26:27.890Z] > git for-each-ref --sort -committerdate --format %(refname) %(objectname) %(*objectname) [8ms]
[2022-08-16T04:26:27.890Z] > git remote --verbose [1ms]
[2022-08-16T04:26:27.903Z] > git config --get commit.template [1ms]
[2022-08-16T04:26:28.015Z] > git ls-files --stage -- /workspace/FRONTFUNDATION/FRONTFUNDATION/src/app/admin/ninos-admin/ninos-admin.component.html [2ms]
[2022-08-16T04:26:28.024Z] > git cat-file -s e64445cfe4eeab926e82e516c5ec2681948a3904 [3ms]
[2022-08-16T04:26:28.167Z] > git show --textconv :FRONTFUNDATION/src/app/admin/ninos-admin/ninos-admin.component.html [2ms]
[2022-08-16T04:29:27.006Z] > git fetch [291ms]
[2022-08-16T04:29:27.086Z] > git status -z -uall [71ms]
[2022-08-16T04:29:27.096Z] > git symbolic-ref --short HEAD [1ms]
[2022-08-16T04:29:27.106Z] > git for-each-ref --format=%(refname)%00%(upstream:short)%00%(objectname)%00%(upstream:track)%00%(upstream:remotename)%00%(upstream:remoteref) refs/heads/main refs/remotes/main [1ms]
[2022-08-16T04:29:27.124Z] > git for-each-ref --sort -committerdate --format %(refname) %(objectname) %(*objectname) [9ms]
[2022-08-16T04:29:27.124Z] > git remote --verbose [1ms]
[2022-08-16T04:29:27.134Z] > git config --get commit.template [1ms]
[2022-08-16T04:29:29.345Z] > git status -z -uall [73ms]
[2022-08-16T04:29:29.354Z] > git symbolic-ref --short HEAD [1ms]
[2022-08-16T04:29:29.361Z] > git for-each-ref --format=%(refname)%00%(upstream:short)%00%(objectname)%00%(upstream:track)%00%(upstream:remotename)%00%(upstream:remoteref) refs/heads/main refs/remotes/main [2ms]
[2022-08-16T04:29:29.373Z] > git for-each-ref --sort -committerdate --format %(refname) %(objectname) %(*objectname) [6ms]
[2022-08-16T04:29:29.373Z] > git remote --verbose [1ms]
[2022-08-16T04:29:29.381Z] > git config --get commit.template [1ms]
[2022-08-16T04:29:29.410Z] > git ls-files --stage -- /workspace/FRONTFUNDATION/FRONTFUNDATION/src/app/admin/ninos-admin/ninos-admin.component.html [1ms]
[2022-08-16T04:29:29.416Z] > git cat-file -s e64445cfe4eeab926e82e516c5ec2681948a3904 [1ms]
[2022-08-16T04:29:29.555Z] > git show --textconv :FRONTFUNDATION/src/app/admin/ninos-admin/ninos-admin.component.html [2ms]
[2022-08-16T04:29:40.912Z] > git status -z -uall [71ms]
[2022-08-16T04:29:40.924Z] > git symbolic-ref --short HEAD [1ms]
[2022-08-16T04:29:40.934Z] > git for-each-ref --format=%(refname)%00%(upstream:short)%00%(objectname)%00%(upstream:track)%00%(upstream:remotename)%00%(upstream:remoteref) refs/heads/main refs/remotes/main [1ms]
[2022-08-16T04:29:40.949Z] > git for-each-ref --sort -committerdate --format %(refname) %(objectname) %(*objectname) [6ms]
[2022-08-16T04:29:40.949Z] > git remote --verbose [1ms]
[2022-08-16T04:29:40.965Z] > git config --get commit.template [2ms]
[2022-08-16T04:29:41.140Z] > git check-ignore -v -z --stdin [82ms]
[2022-08-16T04:29:43.006Z] > git check-ignore -v -z --stdin [1ms]
[2022-08-16T04:29:51.273Z] > git status -z -uall [234ms]
[2022-08-16T04:29:51.284Z] > git symbolic-ref --short HEAD [2ms]
[2022-08-16T04:29:51.292Z] > git for-each-ref --format=%(refname)%00%(upstream:short)%00%(objectname)%00%(upstream:track)%00%(upstream:remotename)%00%(upstream:remoteref) refs/heads/main refs/remotes/main [1ms]
[2022-08-16T04:29:51.304Z] > git for-each-ref --sort -committerdate --format %(refname) %(objectname) %(*objectname) [6ms]
[2022-08-16T04:29:51.304Z] > git remote --verbose [1ms]
[2022-08-16T04:29:51.328Z] > git config --get commit.template [1ms]
[2022-08-16T04:29:56.341Z] > git status -z -uall [3ms]
[2022-08-16T04:29:56.347Z] > git symbolic-ref --short HEAD [1ms]
[2022-08-16T04:29:56.353Z] > git for-each-ref --format=%(refname)%00%(upstream:short)%00%(objectname)%00%(upstream:track)%00%(upstream:remotename)%00%(upstream:remoteref) refs/heads/main refs/remotes/main [1ms]
[2022-08-16T04:29:56.363Z] > git for-each-ref --sort -committerdate --format %(refname) %(objectname) %(*objectname) [5ms]
[2022-08-16T04:29:56.364Z] > git remote --verbose [1ms]
[2022-08-16T04:29:56.377Z] > git config --get commit.template [1ms]
