[2022-08-16T05:23:12.635Z] Log level: Info
[2022-08-16T05:23:12.637Z] [info] Validating found git in: git
[2022-08-16T05:23:12.652Z] [info] Using git 2.37.1 from git
[2022-08-16T05:23:12.671Z] > git rev-parse --show-toplevel [4ms]
[2022-08-16T05:23:12.681Z] > git rev-parse --git-dir --git-common-dir [2ms]
[2022-08-16T05:23:12.687Z] [info] Open repository: /workspace
[2022-08-16T05:23:12.773Z] > git status -z -uall [72ms]
[2022-08-16T05:23:12.781Z] > git symbolic-ref --short HEAD [1ms]
[2022-08-16T05:23:12.787Z] > git for-each-ref --format=%(refname)%00%(upstream:short)%00%(objectname)%00%(upstream:track)%00%(upstream:remotename)%00%(upstream:remoteref) refs/heads/main refs/remotes/main [1ms]
[2022-08-16T05:23:12.798Z] > git remote --verbose [1ms]
[2022-08-16T05:23:12.798Z] > git for-each-ref --sort -committerdate --format %(refname) %(objectname) %(*objectname) [6ms]
[2022-08-16T05:23:12.811Z] > git config --get commit.template [3ms]
[2022-08-16T05:23:12.891Z] > git status -z -uall [73ms]
[2022-08-16T05:23:12.899Z] > git symbolic-ref --short HEAD [1ms]
[2022-08-16T05:23:12.911Z] > git for-each-ref --format=%(refname)%00%(upstream:short)%00%(objectname)%00%(upstream:track)%00%(upstream:remotename)%00%(upstream:remoteref) refs/heads/main refs/remotes/main [7ms]
[2022-08-16T05:23:12.922Z] > git for-each-ref --sort -committerdate --format %(refname) %(objectname) %(*objectname) [6ms]
[2022-08-16T05:23:12.922Z] > git remote --verbose [1ms]
[2022-08-16T05:23:12.931Z] > git config --get commit.template [1ms]
[2022-08-16T05:23:12.986Z] > git fetch [291ms]
[2022-08-16T05:23:13.070Z] > git status -z -uall [76ms]
[2022-08-16T05:23:13.079Z] > git symbolic-ref --short HEAD [2ms]
[2022-08-16T05:23:13.088Z] > git for-each-ref --format=%(refname)%00%(upstream:short)%00%(objectname)%00%(upstream:track)%00%(upstream:remotename)%00%(upstream:remoteref) refs/heads/main refs/remotes/main [1ms]
[2022-08-16T05:23:13.103Z] > git for-each-ref --sort -committerdate --format %(refname) %(objectname) %(*objectname) [7ms]
[2022-08-16T05:23:13.103Z] > git remote --verbose [1ms]
[2022-08-16T05:23:13.115Z] > git config --get commit.template [0ms]
[2022-08-16T05:23:13.355Z] > git check-ignore -v -z --stdin [2ms]
[2022-08-16T05:23:14.723Z] > git config --local branch.main.github-pr-owner-number [93ms]
[2022-08-16T05:23:16.628Z] > git check-ignore -v -z --stdin [1ms]
[2022-08-16T05:23:18.966Z] > git status -z -uall [73ms]
[2022-08-16T05:23:18.977Z] > git symbolic-ref --short HEAD [1ms]
[2022-08-16T05:23:18.984Z] > git for-each-ref --format=%(refname)%00%(upstream:short)%00%(objectname)%00%(upstream:track)%00%(upstream:remotename)%00%(upstream:remoteref) refs/heads/main refs/remotes/main [1ms]
[2022-08-16T05:23:18.996Z] > git for-each-ref --sort -committerdate --format %(refname) %(objectname) %(*objectname) [6ms]
[2022-08-16T05:23:18.997Z] > git remote --verbose [2ms]
[2022-08-16T05:23:19.005Z] > git config --get commit.template [0ms]
[2022-08-16T05:23:50.800Z] > git status -z -uall [72ms]
[2022-08-16T05:23:50.810Z] > git symbolic-ref --short HEAD [1ms]
[2022-08-16T05:23:50.820Z] > git for-each-ref --format=%(refname)%00%(upstream:short)%00%(objectname)%00%(upstream:track)%00%(upstream:remotename)%00%(upstream:remoteref) refs/heads/main refs/remotes/main [1ms]
[2022-08-16T05:23:50.838Z] > git for-each-ref --sort -committerdate --format %(refname) %(objectname) %(*objectname) [9ms]
[2022-08-16T05:23:50.840Z] > git remote --verbose [3ms]
[2022-08-16T05:23:50.849Z] > git config --get commit.template [1ms]
[2022-08-16T05:23:55.864Z] > git check-ignore -v -z --stdin [9ms]
[2022-08-16T05:23:55.934Z] > git status -z -uall [72ms]
[2022-08-16T05:23:55.943Z] > git symbolic-ref --short HEAD [1ms]
[2022-08-16T05:23:55.951Z] > git for-each-ref --format=%(refname)%00%(upstream:short)%00%(objectname)%00%(upstream:track)%00%(upstream:remotename)%00%(upstream:remoteref) refs/heads/main refs/remotes/main [1ms]
[2022-08-16T05:23:55.967Z] > git for-each-ref --sort -committerdate --format %(refname) %(objectname) %(*objectname) [8ms]
[2022-08-16T05:23:55.969Z] > git remote --verbose [3ms]
[2022-08-16T05:23:55.980Z] > git config --get commit.template [1ms]
[2022-08-16T05:24:01.062Z] > git status -z -uall [71ms]
[2022-08-16T05:24:01.072Z] > git symbolic-ref --short HEAD [1ms]
[2022-08-16T05:24:01.082Z] > git for-each-ref --format=%(refname)%00%(upstream:short)%00%(objectname)%00%(upstream:track)%00%(upstream:remotename)%00%(upstream:remoteref) refs/heads/main refs/remotes/main [1ms]
[2022-08-16T05:24:01.126Z] > git for-each-ref --sort -committerdate --format %(refname) %(objectname) %(*objectname) [36ms]
[2022-08-16T05:24:01.126Z] > git remote --verbose [1ms]
[2022-08-16T05:24:01.138Z] > git config --get commit.template [1ms]
[2022-08-16T05:24:07.060Z] > git status -z -uall [72ms]
[2022-08-16T05:24:07.069Z] > git symbolic-ref --short HEAD [1ms]
[2022-08-16T05:24:07.075Z] > git for-each-ref --format=%(refname)%00%(upstream:short)%00%(objectname)%00%(upstream:track)%00%(upstream:remotename)%00%(upstream:remoteref) refs/heads/main refs/remotes/main [1ms]
[2022-08-16T05:24:07.086Z] > git remote --verbose [1ms]
[2022-08-16T05:24:07.086Z] > git for-each-ref --sort -committerdate --format %(refname) %(objectname) %(*objectname) [6ms]
[2022-08-16T05:24:07.098Z] > git config --get commit.template [1ms]
[2022-08-16T05:24:12.190Z] > git status -z -uall [83ms]
[2022-08-16T05:24:12.199Z] > git symbolic-ref --short HEAD [1ms]
[2022-08-16T05:24:12.204Z] > git for-each-ref --format=%(refname)%00%(upstream:short)%00%(objectname)%00%(upstream:track)%00%(upstream:remotename)%00%(upstream:remoteref) refs/heads/main refs/remotes/main [1ms]
[2022-08-16T05:24:12.214Z] > git for-each-ref --sort -committerdate --format %(refname) %(objectname) %(*objectname) [5ms]
[2022-08-16T05:24:12.215Z] > git remote --verbose [2ms]
[2022-08-16T05:24:12.227Z] > git config --get commit.template [0ms]
[2022-08-16T05:24:17.325Z] > git status -z -uall [81ms]
[2022-08-16T05:24:17.345Z] > git symbolic-ref --short HEAD [0ms]
[2022-08-16T05:24:17.363Z] > git for-each-ref --format=%(refname)%00%(upstream:short)%00%(objectname)%00%(upstream:track)%00%(upstream:remotename)%00%(upstream:remoteref) refs/heads/main refs/remotes/main [2ms]
[2022-08-16T05:24:17.380Z] > git for-each-ref --sort -committerdate --format %(refname) %(objectname) %(*objectname) [7ms]
[2022-08-16T05:24:17.380Z] > git remote --verbose [1ms]
[2022-08-16T05:24:17.389Z] > git config --get commit.template [1ms]
[2022-08-16T05:24:22.487Z] > git status -z -uall [89ms]
[2022-08-16T05:24:22.496Z] > git symbolic-ref --short HEAD [1ms]
[2022-08-16T05:24:22.502Z] > git for-each-ref --format=%(refname)%00%(upstream:short)%00%(objectname)%00%(upstream:track)%00%(upstream:remotename)%00%(upstream:remoteref) refs/heads/main refs/remotes/main [1ms]
[2022-08-16T05:24:22.512Z] > git for-each-ref --sort -committerdate --format %(refname) %(objectname) %(*objectname) [5ms]
[2022-08-16T05:24:22.512Z] > git remote --verbose [1ms]
[2022-08-16T05:24:22.520Z] > git config --get commit.template [1ms]
[2022-08-16T05:25:17.166Z] > git check-ignore -v -z --stdin [2ms]
[2022-08-16T05:26:33.135Z] > git check-ignore -v -z --stdin [2ms]
[2022-08-16T05:26:41.135Z] > git status -z -uall [262ms]
[2022-08-16T05:26:41.136Z] > git check-ignore -v -z --stdin [3ms]
[2022-08-16T05:26:41.262Z] > git fetch [397ms]
[2022-08-16T05:26:43.353Z] > git symbolic-ref --short HEAD [1ms]
[2022-08-16T05:26:43.361Z] > git for-each-ref --format=%(refname)%00%(upstream:short)%00%(objectname)%00%(upstream:track)%00%(upstream:remotename)%00%(upstream:remoteref) refs/heads/main refs/remotes/main [1ms]
[2022-08-16T05:26:43.373Z] > git for-each-ref --sort -committerdate --format %(refname) %(objectname) %(*objectname) [6ms]
[2022-08-16T05:26:43.373Z] > git remote --verbose [1ms]
[2022-08-16T05:26:46.880Z] > git config --get commit.template [10ms]
[2022-08-16T05:26:47.462Z] > git status -z -uall [539ms]
[2022-08-16T05:26:47.462Z] > git symbolic-ref --short HEAD [5ms]
[2022-08-16T05:26:47.479Z] > git for-each-ref --format=%(refname)%00%(upstream:short)%00%(objectname)%00%(upstream:track)%00%(upstream:remotename)%00%(upstream:remoteref) refs/heads/main refs/remotes/main [2ms]
[2022-08-16T05:26:47.553Z] > git for-each-ref --sort -committerdate --format %(refname) %(objectname) %(*objectname) [18ms]
[2022-08-16T05:26:47.553Z] > git remote --verbose [1ms]
[2022-08-16T05:26:54.228Z] > git config --get commit.template [31ms]
[2022-08-16T05:26:54.647Z] > git status -z -uall [401ms]
[2022-08-16T05:26:54.647Z] > git symbolic-ref --short HEAD [3ms]
[2022-08-16T05:26:54.657Z] > git for-each-ref --format=%(refname)%00%(upstream:short)%00%(objectname)%00%(upstream:track)%00%(upstream:remotename)%00%(upstream:remoteref) refs/heads/main refs/remotes/main [2ms]
[2022-08-16T05:26:54.675Z] > git for-each-ref --sort -committerdate --format %(refname) %(objectname) %(*objectname) [10ms]
[2022-08-16T05:26:54.676Z] > git remote --verbose [2ms]
[2022-08-16T05:26:59.177Z] > git config --get commit.template [6ms]
[2022-08-16T05:26:59.706Z] > git check-ignore -v -z --stdin [2ms]
[2022-08-16T05:27:17.528Z] > git check-ignore -v -z --stdin [1ms]
[2022-08-16T05:27:32.159Z] > git check-ignore -v -z --stdin [1ms]
[2022-08-16T05:27:32.246Z] > git show --textconv :.gitignore [7ms]
[2022-08-16T05:27:32.247Z] > git ls-files --stage -- /workspace/.gitignore [1ms]
[2022-08-16T05:27:37.519Z] > git check-ignore -v -z --stdin [2ms]
[2022-08-16T05:27:39.520Z] > git check-ignore -v -z --stdin [2ms]
[2022-08-16T05:27:43.468Z] > git check-ignore -v -z --stdin [2ms]
[2022-08-16T05:29:41.121Z] > git check-ignore -v -z --stdin [26ms]
[2022-08-16T05:29:44.943Z] > git check-ignore -v -z --stdin [2ms]
[2022-08-16T05:29:48.499Z] > git check-ignore -v -z --stdin [20ms]
[2022-08-16T05:29:51.227Z] > git check-ignore -v -z --stdin [15ms]
[2022-08-16T05:29:54.573Z] > git fetch [332ms]
[2022-08-16T05:29:54.660Z] > git status -z -uall [76ms]
[2022-08-16T05:29:54.673Z] > git symbolic-ref --short HEAD [1ms]
[2022-08-16T05:29:54.684Z] > git for-each-ref --format=%(refname)%00%(upstream:short)%00%(objectname)%00%(upstream:track)%00%(upstream:remotename)%00%(upstream:remoteref) refs/heads/main refs/remotes/main [2ms]
[2022-08-16T05:29:54.708Z] > git for-each-ref --sort -committerdate --format %(refname) %(objectname) %(*objectname) [12ms]
[2022-08-16T05:29:54.709Z] > git remote --verbose [2ms]
[2022-08-16T05:29:54.765Z] > git config --get commit.template [2ms]
[2022-08-16T05:29:55.869Z] > git check-ignore -v -z --stdin [1ms]
[2022-08-16T05:29:56.016Z] > git ls-files --stage -- /workspace/.gitignore [2ms]
[2022-08-16T05:29:56.163Z] > git show --textconv :.gitignore [1ms]
[2022-08-16T05:29:57.572Z] > git status -z -uall [77ms]
[2022-08-16T05:29:57.583Z] > git symbolic-ref --short HEAD [1ms]
[2022-08-16T05:29:57.590Z] > git for-each-ref --format=%(refname)%00%(upstream:short)%00%(objectname)%00%(upstream:track)%00%(upstream:remotename)%00%(upstream:remoteref) refs/heads/main refs/remotes/main [1ms]
[2022-08-16T05:29:57.604Z] > git for-each-ref --sort -committerdate --format %(refname) %(objectname) %(*objectname) [7ms]
[2022-08-16T05:29:57.604Z] > git remote --verbose [1ms]
[2022-08-16T05:29:57.616Z] > git config --get commit.template [1ms]
[2022-08-16T05:29:59.572Z] > git check-ignore -v -z --stdin [2ms]
[2022-08-16T05:30:02.271Z] > git check-ignore -v -z --stdin [2ms]
[2022-08-16T05:30:02.699Z] > git status -z -uall [73ms]
[2022-08-16T05:30:02.712Z] > git symbolic-ref --short HEAD [1ms]
[2022-08-16T05:30:02.723Z] > git for-each-ref --format=%(refname)%00%(upstream:short)%00%(objectname)%00%(upstream:track)%00%(upstream:remotename)%00%(upstream:remoteref) refs/heads/main refs/remotes/main [2ms]
[2022-08-16T05:30:02.740Z] > git for-each-ref --sort -committerdate --format %(refname) %(objectname) %(*objectname) [10ms]
[2022-08-16T05:30:02.741Z] > git remote --verbose [2ms]
[2022-08-16T05:30:02.755Z] > git config --get commit.template [1ms]
[2022-08-16T05:30:07.771Z] > git status -z -uall [5ms]
[2022-08-16T05:30:07.779Z] > git symbolic-ref --short HEAD [1ms]
[2022-08-16T05:30:07.786Z] > git for-each-ref --format=%(refname)%00%(upstream:short)%00%(objectname)%00%(upstream:track)%00%(upstream:remotename)%00%(upstream:remoteref) refs/heads/main refs/remotes/main [1ms]
[2022-08-16T05:30:07.798Z] > git for-each-ref --sort -committerdate --format %(refname) %(objectname) %(*objectname) [6ms]
[2022-08-16T05:30:07.798Z] > git remote --verbose [1ms]
[2022-08-16T05:30:07.809Z] > git config --get commit.template [1ms]
[2022-08-16T05:30:08.277Z] > git ls-files --stage -- /workspace/.gitignore [2ms]
[2022-08-16T05:30:08.284Z] > git cat-file -s b512c09d476623ff4bf8d0d63c29b784925dbdf8 [1ms]
[2022-08-16T05:30:08.428Z] > git show --textconv :.gitignore [1ms]
