[2022-08-08T03:25:48.212Z] Log level: Info
[2022-08-08T03:25:48.215Z] [info] Validating found git in: git
[2022-08-08T03:25:48.243Z] [info] Using git 2.37.1 from git
[2022-08-08T03:25:48.277Z] > git rev-parse --show-toplevel [13ms]
[2022-08-08T03:25:48.303Z] > git rev-parse --git-dir --git-common-dir [10ms]
[2022-08-08T03:25:48.310Z] [info] Open repository: /workspace/FRONTFUNDATION
[2022-08-08T03:25:48.448Z] > git status -z -uall [116ms]
[2022-08-08T03:25:48.458Z] > git symbolic-ref --short HEAD [3ms]
[2022-08-08T03:25:48.468Z] > git for-each-ref --format=%(refname)%00%(upstream:short)%00%(objectname)%00%(upstream:track)%00%(upstream:remotename)%00%(upstream:remoteref) refs/heads/main refs/remotes/main [2ms]
[2022-08-08T03:25:48.484Z] > git remote --verbose [2ms]
[2022-08-08T03:25:48.484Z] > git for-each-ref --sort -committerdate --format %(refname) %(objectname) %(*objectname) [9ms]
[2022-08-08T03:25:48.503Z] > git config --get commit.template [6ms]
[2022-08-08T03:25:48.547Z] > git status -z -uall [34ms]
[2022-08-08T03:25:48.558Z] > git symbolic-ref --short HEAD [2ms]
[2022-08-08T03:25:48.568Z] > git for-each-ref --format=%(refname)%00%(upstream:short)%00%(objectname)%00%(upstream:track)%00%(upstream:remotename)%00%(upstream:remoteref) refs/heads/main refs/remotes/main [2ms]
[2022-08-08T03:25:48.585Z] > git remote --verbose [1ms]
[2022-08-08T03:25:48.586Z] > git for-each-ref --sort -committerdate --format %(refname) %(objectname) %(*objectname) [10ms]
[2022-08-08T03:25:48.600Z] > git config --get commit.template [1ms]
[2022-08-08T03:25:48.727Z] > git fetch [405ms]
[2022-08-08T03:25:48.727Z] From https://github.com/FundationSemillas/FRONTFUNDATION
   2654287..9eafb1b  zaida      -> origin/zaida
[2022-08-08T03:25:48.776Z] > git status -z -uall [39ms]
[2022-08-08T03:25:48.787Z] > git symbolic-ref --short HEAD [2ms]
[2022-08-08T03:25:48.797Z] > git for-each-ref --format=%(refname)%00%(upstream:short)%00%(objectname)%00%(upstream:track)%00%(upstream:remotename)%00%(upstream:remoteref) refs/heads/main refs/remotes/main [2ms]
[2022-08-08T03:25:48.814Z] > git remote --verbose [2ms]
[2022-08-08T03:25:48.814Z] > git for-each-ref --sort -committerdate --format %(refname) %(objectname) %(*objectname) [9ms]
[2022-08-08T03:25:48.825Z] > git config --get commit.template [1ms]
[2022-08-08T03:25:49.101Z] > git check-ignore -v -z --stdin [2ms]
[2022-08-08T03:25:50.004Z] > git status -z -uall [33ms]
[2022-08-08T03:25:50.018Z] > git symbolic-ref --short HEAD [4ms]
[2022-08-08T03:25:50.029Z] > git for-each-ref --format=%(refname)%00%(upstream:short)%00%(objectname)%00%(upstream:track)%00%(upstream:remotename)%00%(upstream:remoteref) refs/heads/main refs/remotes/main [2ms]
[2022-08-08T03:25:50.049Z] > git for-each-ref --sort -committerdate --format %(refname) %(objectname) %(*objectname) [11ms]
[2022-08-08T03:25:50.059Z] > git remote --verbose [14ms]
[2022-08-08T03:25:50.071Z] > git config --get commit.template [1ms]
[2022-08-08T03:25:50.494Z] > git config --local branch.main.github-pr-owner-number [54ms]
[2022-08-08T03:25:50.543Z] > git check-ignore -v -z --stdin [14ms]
[2022-08-08T03:26:00.399Z] > git check-ignore -v -z --stdin [2ms]
[2022-08-08T03:26:02.974Z] > git show --textconv :FRONTFUNDATION/src/index.html [11ms]
[2022-08-08T03:26:02.975Z] > git ls-files --stage -- /workspace/FRONTFUNDATION/FRONTFUNDATION/src/index.html [2ms]
[2022-08-08T03:26:02.986Z] > git cat-file -s b825ca678e0df311cd6418f72cae3590e4ac9095 [1ms]
[2022-08-08T03:26:35.531Z] > git check-ignore -v -z --stdin [1ms]
[2022-08-08T03:26:36.525Z] > git check-ignore -v -z --stdin [1ms]
[2022-08-08T03:26:39.390Z] > git show --textconv :FRONTFUNDATION/src/app/app.component.html [7ms]
[2022-08-08T03:26:39.391Z] > git ls-files --stage -- /workspace/FRONTFUNDATION/FRONTFUNDATION/src/app/app.component.html [1ms]
[2022-08-08T03:26:39.400Z] > git cat-file -s 591afe5e6b16468a5442cf65994030481a066129 [1ms]
[2022-08-08T03:26:41.921Z] > git show --textconv :FRONTFUNDATION/src/app/app.component.ts [12ms]
[2022-08-08T03:26:41.921Z] > git ls-files --stage -- /workspace/FRONTFUNDATION/FRONTFUNDATION/src/app/app.component.ts [2ms]
[2022-08-08T03:26:41.932Z] > git cat-file -s 7d06012c18ed878983e7c59f516f9e6a6eaa5748 [2ms]
[2022-08-08T03:26:45.714Z] > git check-ignore -v -z --stdin [1ms]
[2022-08-08T03:26:47.372Z] > git show --textconv :FRONTFUNDATION/src/app/components/components.component.html [14ms]
[2022-08-08T03:26:47.373Z] > git ls-files --stage -- /workspace/FRONTFUNDATION/FRONTFUNDATION/src/app/components/components.component.html [2ms]
[2022-08-08T03:26:47.384Z] > git cat-file -s d9287673f78c1c7ebbc79e0438d4dc8bb3872148 [1ms]
[2022-08-08T03:28:19.527Z] > git status -z -uall [37ms]
[2022-08-08T03:28:19.538Z] > git symbolic-ref --short HEAD [1ms]
[2022-08-08T03:28:19.547Z] > git for-each-ref --format=%(refname)%00%(upstream:short)%00%(objectname)%00%(upstream:track)%00%(upstream:remotename)%00%(upstream:remoteref) refs/heads/main refs/remotes/main [1ms]
[2022-08-08T03:28:19.563Z] > git for-each-ref --sort -committerdate --format %(refname) %(objectname) %(*objectname) [7ms]
[2022-08-08T03:28:19.564Z] > git remote --verbose [2ms]
[2022-08-08T03:28:19.574Z] > git config --get commit.template [1ms]
[2022-08-08T03:28:24.616Z] > git status -z -uall [32ms]
[2022-08-08T03:28:24.627Z] > git symbolic-ref --short HEAD [1ms]
[2022-08-08T03:28:24.637Z] > git for-each-ref --format=%(refname)%00%(upstream:short)%00%(objectname)%00%(upstream:track)%00%(upstream:remotename)%00%(upstream:remoteref) refs/heads/main refs/remotes/main [1ms]
[2022-08-08T03:28:24.657Z] > git for-each-ref --sort -committerdate --format %(refname) %(objectname) %(*objectname) [9ms]
[2022-08-08T03:28:24.658Z] > git remote --verbose [2ms]
[2022-08-08T03:28:24.672Z] > git config --get commit.template [1ms]
[2022-08-08T03:28:32.618Z] > git status -z -uall [31ms]
[2022-08-08T03:28:32.625Z] > git symbolic-ref --short HEAD [1ms]
[2022-08-08T03:28:32.631Z] > git for-each-ref --format=%(refname)%00%(upstream:short)%00%(objectname)%00%(upstream:track)%00%(upstream:remotename)%00%(upstream:remoteref) refs/heads/main refs/remotes/main [1ms]
[2022-08-08T03:28:32.642Z] > git for-each-ref --sort -committerdate --format %(refname) %(objectname) %(*objectname) [6ms]
[2022-08-08T03:28:32.642Z] > git remote --verbose [0ms]
[2022-08-08T03:28:32.653Z] > git config --get commit.template [1ms]
[2022-08-08T03:28:39.131Z] > git status -z -uall [32ms]
[2022-08-08T03:28:39.139Z] > git symbolic-ref --short HEAD [1ms]
[2022-08-08T03:28:39.145Z] > git for-each-ref --format=%(refname)%00%(upstream:short)%00%(objectname)%00%(upstream:track)%00%(upstream:remotename)%00%(upstream:remoteref) refs/heads/main refs/remotes/main [1ms]
[2022-08-08T03:28:39.156Z] > git for-each-ref --sort -committerdate --format %(refname) %(objectname) %(*objectname) [6ms]
[2022-08-08T03:28:39.156Z] > git remote --verbose [0ms]
[2022-08-08T03:28:39.164Z] > git config --get commit.template [1ms]
[2022-08-08T03:28:49.146Z] > git fetch [310ms]
[2022-08-08T03:28:49.187Z] > git status -z -uall [32ms]
[2022-08-08T03:28:49.198Z] > git symbolic-ref --short HEAD [1ms]
[2022-08-08T03:28:49.206Z] > git for-each-ref --format=%(refname)%00%(upstream:short)%00%(objectname)%00%(upstream:track)%00%(upstream:remotename)%00%(upstream:remoteref) refs/heads/main refs/remotes/main [1ms]
[2022-08-08T03:28:49.219Z] > git for-each-ref --sort -committerdate --format %(refname) %(objectname) %(*objectname) [6ms]
[2022-08-08T03:28:49.219Z] > git remote --verbose [1ms]
[2022-08-08T03:28:49.228Z] > git config --get commit.template [1ms]
[2022-08-08T03:28:50.373Z] > git status -z -uall [39ms]
[2022-08-08T03:28:50.387Z] > git symbolic-ref --short HEAD [2ms]
[2022-08-08T03:28:50.399Z] > git for-each-ref --format=%(refname)%00%(upstream:short)%00%(objectname)%00%(upstream:track)%00%(upstream:remotename)%00%(upstream:remoteref) refs/heads/main refs/remotes/main [1ms]
[2022-08-08T03:28:50.418Z] > git for-each-ref --sort -committerdate --format %(refname) %(objectname) %(*objectname) [8ms]
[2022-08-08T03:28:50.418Z] > git remote --verbose [1ms]
[2022-08-08T03:28:50.430Z] > git config --get commit.template [1ms]
[2022-08-08T03:28:50.574Z] > git ls-files --stage -- /workspace/FRONTFUNDATION/FRONTFUNDATION/src/app/components/components.component.html [1ms]
[2022-08-08T03:28:50.584Z] > git cat-file -s d9287673f78c1c7ebbc79e0438d4dc8bb3872148 [1ms]
[2022-08-08T03:28:50.725Z] > git show --textconv :FRONTFUNDATION/src/app/components/components.component.html [1ms]
[2022-08-08T03:28:55.472Z] > git status -z -uall [31ms]
[2022-08-08T03:28:55.480Z] > git symbolic-ref --short HEAD [1ms]
[2022-08-08T03:28:55.487Z] > git for-each-ref --format=%(refname)%00%(upstream:short)%00%(objectname)%00%(upstream:track)%00%(upstream:remotename)%00%(upstream:remoteref) refs/heads/main refs/remotes/main [2ms]
[2022-08-08T03:28:55.499Z] > git for-each-ref --sort -committerdate --format %(refname) %(objectname) %(*objectname) [7ms]
[2022-08-08T03:28:55.500Z] > git remote --verbose [1ms]
[2022-08-08T03:28:55.512Z] > git config --get commit.template [1ms]
[2022-08-08T03:29:00.552Z] > git status -z -uall [31ms]
[2022-08-08T03:29:00.562Z] > git symbolic-ref --short HEAD [1ms]
[2022-08-08T03:29:00.568Z] > git for-each-ref --format=%(refname)%00%(upstream:short)%00%(objectname)%00%(upstream:track)%00%(upstream:remotename)%00%(upstream:remoteref) refs/heads/main refs/remotes/main [1ms]
[2022-08-08T03:29:00.580Z] > git for-each-ref --sort -committerdate --format %(refname) %(objectname) %(*objectname) [6ms]
[2022-08-08T03:29:00.580Z] > git remote --verbose [1ms]
[2022-08-08T03:29:00.588Z] > git config --get commit.template [1ms]
[2022-08-08T03:29:12.016Z] > git status -z -uall [32ms]
[2022-08-08T03:29:12.025Z] > git symbolic-ref --short HEAD [1ms]
[2022-08-08T03:29:12.032Z] > git for-each-ref --format=%(refname)%00%(upstream:short)%00%(objectname)%00%(upstream:track)%00%(upstream:remotename)%00%(upstream:remoteref) refs/heads/main refs/remotes/main [2ms]
[2022-08-08T03:29:12.042Z] > git for-each-ref --sort -committerdate --format %(refname) %(objectname) %(*objectname) [5ms]
[2022-08-08T03:29:12.042Z] > git remote --verbose [0ms]
[2022-08-08T03:29:12.051Z] > git config --get commit.template [1ms]
[2022-08-08T03:29:33.475Z] > git status -z -uall [32ms]
[2022-08-08T03:29:33.488Z] > git symbolic-ref --short HEAD [0ms]
[2022-08-08T03:29:33.500Z] > git for-each-ref --format=%(refname)%00%(upstream:short)%00%(objectname)%00%(upstream:track)%00%(upstream:remotename)%00%(upstream:remoteref) refs/heads/main refs/remotes/main [1ms]
[2022-08-08T03:29:33.518Z] > git for-each-ref --sort -committerdate --format %(refname) %(objectname) %(*objectname) [9ms]
[2022-08-08T03:29:33.518Z] > git remote --verbose [1ms]
[2022-08-08T03:29:33.530Z] > git config --get commit.template [1ms]
[2022-08-08T03:29:38.575Z] > git status -z -uall [33ms]
[2022-08-08T03:29:38.586Z] > git symbolic-ref --short HEAD [1ms]
[2022-08-08T03:29:38.595Z] > git for-each-ref --format=%(refname)%00%(upstream:short)%00%(objectname)%00%(upstream:track)%00%(upstream:remotename)%00%(upstream:remoteref) refs/heads/main refs/remotes/main [1ms]
[2022-08-08T03:29:38.616Z] > git for-each-ref --sort -committerdate --format %(refname) %(objectname) %(*objectname) [10ms]
[2022-08-08T03:29:38.616Z] > git remote --verbose [1ms]
[2022-08-08T03:29:38.628Z] > git config --get commit.template [0ms]
[2022-08-08T03:29:46.252Z] > git status -z -uall [31ms]
[2022-08-08T03:29:46.262Z] > git symbolic-ref --short HEAD [1ms]
[2022-08-08T03:29:46.269Z] > git for-each-ref --format=%(refname)%00%(upstream:short)%00%(objectname)%00%(upstream:track)%00%(upstream:remotename)%00%(upstream:remoteref) refs/heads/main refs/remotes/main [1ms]
[2022-08-08T03:29:46.280Z] > git for-each-ref --sort -committerdate --format %(refname) %(objectname) %(*objectname) [6ms]
[2022-08-08T03:29:46.280Z] > git remote --verbose [1ms]
[2022-08-08T03:29:46.287Z] > git config --get commit.template [1ms]
[2022-08-08T03:29:51.331Z] > git status -z -uall [32ms]
[2022-08-08T03:29:51.341Z] > git symbolic-ref --short HEAD [1ms]
[2022-08-08T03:29:51.349Z] > git for-each-ref --format=%(refname)%00%(upstream:short)%00%(objectname)%00%(upstream:track)%00%(upstream:remotename)%00%(upstream:remoteref) refs/heads/main refs/remotes/main [1ms]
[2022-08-08T03:29:51.362Z] > git for-each-ref --sort -committerdate --format %(refname) %(objectname) %(*objectname) [6ms]
[2022-08-08T03:29:51.362Z] > git remote --verbose [1ms]
[2022-08-08T03:29:51.371Z] > git config --get commit.template [1ms]
[2022-08-08T03:30:03.666Z] > git status -z -uall [32ms]
[2022-08-08T03:30:03.675Z] > git symbolic-ref --short HEAD [1ms]
[2022-08-08T03:30:03.682Z] > git for-each-ref --format=%(refname)%00%(upstream:short)%00%(objectname)%00%(upstream:track)%00%(upstream:remotename)%00%(upstream:remoteref) refs/heads/main refs/remotes/main [1ms]
[2022-08-08T03:30:03.693Z] > git for-each-ref --sort -committerdate --format %(refname) %(objectname) %(*objectname) [6ms]
[2022-08-08T03:30:03.693Z] > git remote --verbose [0ms]
[2022-08-08T03:30:03.701Z] > git config --get commit.template [1ms]
[2022-08-08T03:30:11.722Z] > git show --textconv :FRONTFUNDATION/src/app/components/components.component.scss [38ms]
[2022-08-08T03:30:11.723Z] > git ls-files --stage -- /workspace/FRONTFUNDATION/FRONTFUNDATION/src/app/components/components.component.scss [2ms]
[2022-08-08T03:30:11.734Z] > git cat-file -s 84ea83777905c0ae30415d2e58d8a10119c77d97 [1ms]
[2022-08-08T03:31:29.805Z] > git status -z -uall [35ms]
[2022-08-08T03:31:29.817Z] > git symbolic-ref --short HEAD [1ms]
[2022-08-08T03:31:29.826Z] > git for-each-ref --format=%(refname)%00%(upstream:short)%00%(objectname)%00%(upstream:track)%00%(upstream:remotename)%00%(upstream:remoteref) refs/heads/main refs/remotes/main [1ms]
[2022-08-08T03:31:29.839Z] > git for-each-ref --sort -committerdate --format %(refname) %(objectname) %(*objectname) [6ms]
[2022-08-08T03:31:29.839Z] > git remote --verbose [1ms]
[2022-08-08T03:31:29.850Z] > git config --get commit.template [0ms]
[2022-08-08T03:31:37.172Z] > git status -z -uall [32ms]
[2022-08-08T03:31:37.183Z] > git symbolic-ref --short HEAD [1ms]
[2022-08-08T03:31:37.194Z] > git for-each-ref --format=%(refname)%00%(upstream:short)%00%(objectname)%00%(upstream:track)%00%(upstream:remotename)%00%(upstream:remoteref) refs/heads/main refs/remotes/main [1ms]
[2022-08-08T03:31:37.215Z] > git for-each-ref --sort -committerdate --format %(refname) %(objectname) %(*objectname) [11ms]
[2022-08-08T03:31:37.215Z] > git remote --verbose [2ms]
[2022-08-08T03:31:37.226Z] > git config --get commit.template [1ms]
[2022-08-08T03:31:46.149Z] > git status -z -uall [36ms]
[2022-08-08T03:31:46.159Z] > git symbolic-ref --short HEAD [1ms]
[2022-08-08T03:31:46.166Z] > git for-each-ref --format=%(refname)%00%(upstream:short)%00%(objectname)%00%(upstream:track)%00%(upstream:remotename)%00%(upstream:remoteref) refs/heads/main refs/remotes/main [1ms]
[2022-08-08T03:31:46.177Z] > git for-each-ref --sort -committerdate --format %(refname) %(objectname) %(*objectname) [6ms]
[2022-08-08T03:31:46.178Z] > git remote --verbose [1ms]
[2022-08-08T03:31:46.186Z] > git config --get commit.template [1ms]
[2022-08-08T03:31:49.504Z] > git fetch [265ms]
[2022-08-08T03:31:49.552Z] > git status -z -uall [38ms]
[2022-08-08T03:31:49.564Z] > git symbolic-ref --short HEAD [2ms]
[2022-08-08T03:31:49.573Z] > git for-each-ref --format=%(refname)%00%(upstream:short)%00%(objectname)%00%(upstream:track)%00%(upstream:remotename)%00%(upstream:remoteref) refs/heads/main refs/remotes/main [2ms]
[2022-08-08T03:31:49.585Z] > git for-each-ref --sort -committerdate --format %(refname) %(objectname) %(*objectname) [6ms]
[2022-08-08T03:31:49.585Z] > git remote --verbose [1ms]
[2022-08-08T03:31:49.594Z] > git config --get commit.template [1ms]
[2022-08-08T03:31:58.862Z] > git status -z -uall [34ms]
[2022-08-08T03:31:58.873Z] > git symbolic-ref --short HEAD [1ms]
[2022-08-08T03:31:58.900Z] > git for-each-ref --format=%(refname)%00%(upstream:short)%00%(objectname)%00%(upstream:track)%00%(upstream:remotename)%00%(upstream:remoteref) refs/heads/main refs/remotes/main [19ms]
[2022-08-08T03:31:58.916Z] > git for-each-ref --sort -committerdate --format %(refname) %(objectname) %(*objectname) [7ms]
[2022-08-08T03:31:58.916Z] > git remote --verbose [1ms]
[2022-08-08T03:31:58.926Z] > git config --get commit.template [1ms]
[2022-08-08T03:31:58.988Z] > git ls-files --stage -- /workspace/FRONTFUNDATION/FRONTFUNDATION/src/app/components/components.component.scss [1ms]
[2022-08-08T03:31:58.999Z] > git cat-file -s 84ea83777905c0ae30415d2e58d8a10119c77d97 [1ms]
[2022-08-08T03:31:59.142Z] > git show --textconv :FRONTFUNDATION/src/app/components/components.component.scss [2ms]
[2022-08-08T03:32:00.897Z] > git show --textconv :FRONTFUNDATION/src/app/components/components.component.html [6ms]
[2022-08-08T03:32:00.898Z] > git ls-files --stage -- /workspace/FRONTFUNDATION/FRONTFUNDATION/src/app/components/components.component.html [1ms]
[2022-08-08T03:32:00.905Z] > git cat-file -s d9287673f78c1c7ebbc79e0438d4dc8bb3872148 [1ms]
[2022-08-08T03:32:13.145Z] > git check-ignore -v -z --stdin [1ms]
[2022-08-08T03:32:14.312Z] > git show --textconv :FRONTFUNDATION/src/app/components/navbar/navbar.component.html [9ms]
[2022-08-08T03:32:14.313Z] > git ls-files --stage -- /workspace/FRONTFUNDATION/FRONTFUNDATION/src/app/components/navbar/navbar.component.html [2ms]
[2022-08-08T03:32:14.320Z] > git cat-file -s aebfe41738eb14775d56affa2ba73554377253ef [2ms]
[2022-08-08T03:32:18.996Z] > git check-ignore -v -z --stdin [3ms]
[2022-08-08T03:32:20.368Z] > git check-ignore -v -z --stdin [2ms]
[2022-08-08T03:32:45.754Z] > git check-ignore -v -z --stdin [1ms]
[2022-08-08T03:33:09.185Z] > git show --textconv :FRONTFUNDATION/src/app/components/navbar/navbar.component.html [7ms]
[2022-08-08T03:33:09.185Z] > git ls-files --stage -- /workspace/FRONTFUNDATION/FRONTFUNDATION/src/app/components/navbar/navbar.component.html [1ms]
[2022-08-08T03:33:09.192Z] > git cat-file -s aebfe41738eb14775d56affa2ba73554377253ef [1ms]
[2022-08-08T03:33:11.776Z] > git check-ignore -v -z --stdin [1ms]
[2022-08-08T03:33:12.632Z] > git show --textconv :FRONTFUNDATION/src/app/components/footer/footer.component.html [11ms]
[2022-08-08T03:33:12.632Z] > git ls-files --stage -- /workspace/FRONTFUNDATION/FRONTFUNDATION/src/app/components/footer/footer.component.html [1ms]
[2022-08-08T03:33:12.641Z] > git cat-file -s c53c2c7ee2bdd7e12ece8eb8273fb1b57827e489 [1ms]
[2022-08-08T03:33:30.441Z] > git show --textconv :FRONTFUNDATION/src/app/components/footer/footer.component.html [5ms]
[2022-08-08T03:33:30.442Z] > git ls-files --stage -- /workspace/FRONTFUNDATION/FRONTFUNDATION/src/app/components/footer/footer.component.html [1ms]
[2022-08-08T03:33:30.448Z] > git cat-file -s c53c2c7ee2bdd7e12ece8eb8273fb1b57827e489 [1ms]
[2022-08-08T03:33:37.410Z] > git show --textconv :FRONTFUNDATION/src/app/components/footer/footer.component.scss [8ms]
[2022-08-08T03:33:37.410Z] > git ls-files --stage -- /workspace/FRONTFUNDATION/FRONTFUNDATION/src/app/components/footer/footer.component.scss [1ms]
[2022-08-08T03:33:37.417Z] > git cat-file -s 54d204c961762eadd1a689fae4793ee3ce5a63f4 [1ms]
[2022-08-08T03:33:57.464Z] > git show --textconv :FRONTFUNDATION/src/app/components/footer/footer.component.html [8ms]
[2022-08-08T03:33:57.464Z] > git ls-files --stage -- /workspace/FRONTFUNDATION/FRONTFUNDATION/src/app/components/footer/footer.component.html [2ms]
[2022-08-08T03:33:57.470Z] > git cat-file -s c53c2c7ee2bdd7e12ece8eb8273fb1b57827e489 [1ms]
[2022-08-08T03:34:00.376Z] > git show --textconv :FRONTFUNDATION/src/app/components/navbar/navbar.component.html [11ms]
[2022-08-08T03:34:00.376Z] > git ls-files --stage -- /workspace/FRONTFUNDATION/FRONTFUNDATION/src/app/components/navbar/navbar.component.html [1ms]
[2022-08-08T03:34:00.387Z] > git cat-file -s aebfe41738eb14775d56affa2ba73554377253ef [1ms]
[2022-08-08T03:34:10.096Z] > git status -z -uall [33ms]
[2022-08-08T03:34:10.107Z] > git symbolic-ref --short HEAD [1ms]
[2022-08-08T03:34:10.118Z] > git for-each-ref --format=%(refname)%00%(upstream:short)%00%(objectname)%00%(upstream:track)%00%(upstream:remotename)%00%(upstream:remoteref) refs/heads/main refs/remotes/main [1ms]
[2022-08-08T03:34:10.139Z] > git for-each-ref --sort -committerdate --format %(refname) %(objectname) %(*objectname) [11ms]
[2022-08-08T03:34:10.139Z] > git remote --verbose [1ms]
[2022-08-08T03:34:10.152Z] > git config --get commit.template [1ms]
[2022-08-08T03:34:16.250Z] > git status -z -uall [44ms]
[2022-08-08T03:34:16.262Z] > git symbolic-ref --short HEAD [1ms]
[2022-08-08T03:34:16.275Z] > git for-each-ref --format=%(refname)%00%(upstream:short)%00%(objectname)%00%(upstream:track)%00%(upstream:remotename)%00%(upstream:remoteref) refs/heads/main refs/remotes/main [1ms]
[2022-08-08T03:34:16.300Z] > git for-each-ref --sort -committerdate --format %(refname) %(objectname) %(*objectname) [12ms]
[2022-08-08T03:34:16.301Z] > git remote --verbose [1ms]
[2022-08-08T03:34:16.314Z] > git config --get commit.template [1ms]
[2022-08-08T03:34:18.043Z] > git show --textconv :FRONTFUNDATION/src/app/components/components.component.scss [12ms]
[2022-08-08T03:34:18.044Z] > git ls-files --stage -- /workspace/FRONTFUNDATION/FRONTFUNDATION/src/app/components/components.component.scss [1ms]
[2022-08-08T03:34:18.057Z] > git cat-file -s 84ea83777905c0ae30415d2e58d8a10119c77d97 [1ms]
[2022-08-08T03:34:18.477Z] > git show --textconv :FRONTFUNDATION/src/app/components/navbar/navbar.component.html [11ms]
[2022-08-08T03:34:18.478Z] > git ls-files --stage -- /workspace/FRONTFUNDATION/FRONTFUNDATION/src/app/components/navbar/navbar.component.html [1ms]
[2022-08-08T03:34:18.492Z] > git cat-file -s aebfe41738eb14775d56affa2ba73554377253ef [3ms]
[2022-08-08T03:34:23.930Z] > git status -z -uall [32ms]
[2022-08-08T03:34:23.942Z] > git symbolic-ref --short HEAD [1ms]
[2022-08-08T03:34:23.954Z] > git for-each-ref --format=%(refname)%00%(upstream:short)%00%(objectname)%00%(upstream:track)%00%(upstream:remotename)%00%(upstream:remoteref) refs/heads/main refs/remotes/main [1ms]
[2022-08-08T03:34:23.975Z] > git for-each-ref --sort -committerdate --format %(refname) %(objectname) %(*objectname) [10ms]
[2022-08-08T03:34:23.976Z] > git remote --verbose [1ms]
[2022-08-08T03:34:23.988Z] > git config --get commit.template [1ms]
[2022-08-08T03:34:31.816Z] > git status -z -uall [34ms]
[2022-08-08T03:34:31.828Z] > git symbolic-ref --short HEAD [2ms]
[2022-08-08T03:34:31.838Z] > git for-each-ref --format=%(refname)%00%(upstream:short)%00%(objectname)%00%(upstream:track)%00%(upstream:remotename)%00%(upstream:remoteref) refs/heads/main refs/remotes/main [1ms]
[2022-08-08T03:34:31.854Z] > git for-each-ref --sort -committerdate --format %(refname) %(objectname) %(*objectname) [7ms]
[2022-08-08T03:34:31.854Z] > git remote --verbose [1ms]
[2022-08-08T03:34:31.865Z] > git config --get commit.template [1ms]
[2022-08-08T03:34:36.910Z] > git status -z -uall [32ms]
[2022-08-08T03:34:36.923Z] > git symbolic-ref --short HEAD [1ms]
[2022-08-08T03:34:36.935Z] > git for-each-ref --format=%(refname)%00%(upstream:short)%00%(objectname)%00%(upstream:track)%00%(upstream:remotename)%00%(upstream:remoteref) refs/heads/main refs/remotes/main [1ms]
[2022-08-08T03:34:36.956Z] > git for-each-ref --sort -committerdate --format %(refname) %(objectname) %(*objectname) [11ms]
[2022-08-08T03:34:36.956Z] > git remote --verbose [1ms]
[2022-08-08T03:34:36.971Z] > git config --get commit.template [3ms]
[2022-08-08T03:34:47.293Z] > git status -z -uall [35ms]
[2022-08-08T03:34:47.305Z] > git symbolic-ref --short HEAD [1ms]
[2022-08-08T03:34:47.317Z] > git for-each-ref --format=%(refname)%00%(upstream:short)%00%(objectname)%00%(upstream:track)%00%(upstream:remotename)%00%(upstream:remoteref) refs/heads/main refs/remotes/main [2ms]
[2022-08-08T03:34:47.340Z] > git for-each-ref --sort -committerdate --format %(refname) %(objectname) %(*objectname) [13ms]
[2022-08-08T03:34:47.340Z] > git remote --verbose [1ms]
[2022-08-08T03:34:47.354Z] > git config --get commit.template [1ms]
[2022-08-08T03:34:49.908Z] > git fetch [300ms]
[2022-08-08T03:34:49.953Z] > git status -z -uall [33ms]
[2022-08-08T03:34:49.967Z] > git symbolic-ref --short HEAD [2ms]
[2022-08-08T03:34:49.978Z] > git for-each-ref --format=%(refname)%00%(upstream:short)%00%(objectname)%00%(upstream:track)%00%(upstream:remotename)%00%(upstream:remoteref) refs/heads/main refs/remotes/main [1ms]
[2022-08-08T03:34:49.999Z] > git for-each-ref --sort -committerdate --format %(refname) %(objectname) %(*objectname) [11ms]
[2022-08-08T03:34:49.999Z] > git remote --verbose [1ms]
[2022-08-08T03:34:50.013Z] > git config --get commit.template [1ms]
[2022-08-08T03:34:55.918Z] > git status -z -uall [33ms]
[2022-08-08T03:34:55.933Z] > git symbolic-ref --short HEAD [1ms]
[2022-08-08T03:34:55.945Z] > git for-each-ref --format=%(refname)%00%(upstream:short)%00%(objectname)%00%(upstream:track)%00%(upstream:remotename)%00%(upstream:remoteref) refs/heads/main refs/remotes/main [1ms]
[2022-08-08T03:34:55.969Z] > git for-each-ref --sort -committerdate --format %(refname) %(objectname) %(*objectname) [13ms]
[2022-08-08T03:34:55.969Z] > git remote --verbose [1ms]
[2022-08-08T03:34:55.984Z] > git config --get commit.template [1ms]
[2022-08-08T03:34:56.045Z] > git ls-files --stage -- /workspace/FRONTFUNDATION/FRONTFUNDATION/src/app/components/navbar/navbar.component.html [1ms]
[2022-08-08T03:34:56.057Z] > git cat-file -s aebfe41738eb14775d56affa2ba73554377253ef [1ms]
[2022-08-08T03:34:56.200Z] > git show --textconv :FRONTFUNDATION/src/app/components/navbar/navbar.component.html [2ms]
[2022-08-08T03:35:01.274Z] > git status -z -uall [35ms]
[2022-08-08T03:35:01.289Z] > git symbolic-ref --short HEAD [2ms]
[2022-08-08T03:35:01.301Z] > git for-each-ref --format=%(refname)%00%(upstream:short)%00%(objectname)%00%(upstream:track)%00%(upstream:remotename)%00%(upstream:remoteref) refs/heads/main refs/remotes/main [1ms]
[2022-08-08T03:35:01.325Z] > git for-each-ref --sort -committerdate --format %(refname) %(objectname) %(*objectname) [12ms]
[2022-08-08T03:35:01.326Z] > git remote --verbose [2ms]
[2022-08-08T03:35:01.340Z] > git config --get commit.template [1ms]
[2022-08-08T03:35:06.952Z] > git status -z -uall [33ms]
[2022-08-08T03:35:06.964Z] > git symbolic-ref --short HEAD [1ms]
[2022-08-08T03:35:06.976Z] > git for-each-ref --format=%(refname)%00%(upstream:short)%00%(objectname)%00%(upstream:track)%00%(upstream:remotename)%00%(upstream:remoteref) refs/heads/main refs/remotes/main [1ms]
[2022-08-08T03:35:06.994Z] > git for-each-ref --sort -committerdate --format %(refname) %(objectname) %(*objectname) [9ms]
[2022-08-08T03:35:06.995Z] > git remote --verbose [2ms]
[2022-08-08T03:35:07.010Z] > git config --get commit.template [0ms]
[2022-08-08T03:35:13.052Z] > git status -z -uall [35ms]
[2022-08-08T03:35:13.065Z] > git symbolic-ref --short HEAD [1ms]
[2022-08-08T03:35:13.076Z] > git for-each-ref --format=%(refname)%00%(upstream:short)%00%(objectname)%00%(upstream:track)%00%(upstream:remotename)%00%(upstream:remoteref) refs/heads/main refs/remotes/main [1ms]
[2022-08-08T03:35:13.097Z] > git for-each-ref --sort -committerdate --format %(refname) %(objectname) %(*objectname) [11ms]
[2022-08-08T03:35:13.098Z] > git remote --verbose [1ms]
[2022-08-08T03:35:13.110Z] > git config --get commit.template [1ms]
[2022-08-08T03:35:24.715Z] > git status -z -uall [34ms]
[2022-08-08T03:35:24.729Z] > git symbolic-ref --short HEAD [1ms]
[2022-08-08T03:35:24.742Z] > git for-each-ref --format=%(refname)%00%(upstream:short)%00%(objectname)%00%(upstream:track)%00%(upstream:remotename)%00%(upstream:remoteref) refs/heads/main refs/remotes/main [2ms]
[2022-08-08T03:35:24.766Z] > git for-each-ref --sort -committerdate --format %(refname) %(objectname) %(*objectname) [13ms]
[2022-08-08T03:35:24.766Z] > git remote --verbose [1ms]
[2022-08-08T03:35:24.782Z] > git config --get commit.template [0ms]
[2022-08-08T03:35:45.446Z] > git status -z -uall [32ms]
[2022-08-08T03:35:45.460Z] > git symbolic-ref --short HEAD [1ms]
[2022-08-08T03:35:45.472Z] > git for-each-ref --format=%(refname)%00%(upstream:short)%00%(objectname)%00%(upstream:track)%00%(upstream:remotename)%00%(upstream:remoteref) refs/heads/main refs/remotes/main [2ms]
[2022-08-08T03:35:45.492Z] > git for-each-ref --sort -committerdate --format %(refname) %(objectname) %(*objectname) [10ms]
[2022-08-08T03:35:45.492Z] > git remote --verbose [1ms]
[2022-08-08T03:35:45.506Z] > git config --get commit.template [1ms]
[2022-08-08T03:35:51.755Z] > git status -z -uall [2ms]
[2022-08-08T03:35:51.766Z] > git symbolic-ref --short HEAD [1ms]
[2022-08-08T03:35:51.778Z] > git for-each-ref --format=%(refname)%00%(upstream:short)%00%(objectname)%00%(upstream:track)%00%(upstream:remotename)%00%(upstream:remoteref) refs/heads/main refs/remotes/main [1ms]
[2022-08-08T03:35:51.800Z] > git for-each-ref --sort -committerdate --format %(refname) %(objectname) %(*objectname) [12ms]
[2022-08-08T03:35:51.800Z] > git remote --verbose [1ms]
[2022-08-08T03:35:51.813Z] > git config --get commit.template [1ms]
[2022-08-08T03:35:51.987Z] > git ls-files --stage -- /workspace/FRONTFUNDATION/FRONTFUNDATION/src/app/components/navbar/navbar.component.html [2ms]
[2022-08-08T03:35:51.999Z] > git cat-file -s 506aa381c20f1d1389d2ea0f73df164286e0ce9c [1ms]
[2022-08-08T03:35:52.144Z] > git show --textconv :FRONTFUNDATION/src/app/components/navbar/navbar.component.html [2ms]
[2022-08-08T03:36:15.133Z] > git status -z -uall [3ms]
[2022-08-08T03:36:15.146Z] > git symbolic-ref --short HEAD [1ms]
[2022-08-08T03:36:15.158Z] > git for-each-ref --format=%(refname)%00%(upstream:short)%00%(objectname)%00%(upstream:track)%00%(upstream:remotename)%00%(upstream:remoteref) refs/heads/main refs/remotes/main [1ms]
[2022-08-08T03:36:15.177Z] > git for-each-ref --sort -committerdate --format %(refname) %(objectname) %(*objectname) [8ms]
[2022-08-08T03:36:15.177Z] > git remote --verbose [1ms]
[2022-08-08T03:36:15.229Z] > git config --get commit.template [1ms]
[2022-08-08T03:36:15.406Z] > git config --local branch.main.github-pr-owner-number [31ms]
[2022-08-08T03:36:15.475Z] > git ls-files --stage -- /workspace/FRONTFUNDATION/FRONTFUNDATION/src/app/components/navbar/navbar.component.html [7ms]
[2022-08-08T03:36:15.487Z] > git cat-file -s 506aa381c20f1d1389d2ea0f73df164286e0ce9c [2ms]
[2022-08-08T03:36:15.629Z] > git show --textconv :FRONTFUNDATION/src/app/components/navbar/navbar.component.html [3ms]
[2022-08-08T03:36:18.122Z] > git ls-files --stage -- /workspace/FRONTFUNDATION/FRONTFUNDATION/src/app/components/navbar/navbar.component.html [1ms]
[2022-08-08T03:36:18.135Z] > git cat-file -s 506aa381c20f1d1389d2ea0f73df164286e0ce9c [1ms]
[2022-08-08T03:36:18.278Z] > git show --textconv :FRONTFUNDATION/src/app/components/navbar/navbar.component.html [2ms]
