[2022-08-16T03:09:15.205Z] Log level: Info
[2022-08-16T03:09:15.207Z] [info] Validating found git in: git
[2022-08-16T03:09:15.222Z] [info] Using git 2.37.1 from git
[2022-08-16T03:09:15.245Z] > git rev-parse --show-toplevel [5ms]
[2022-08-16T03:09:15.257Z] > git rev-parse --git-dir --git-common-dir [1ms]
[2022-08-16T03:09:15.267Z] [info] Open repository: /workspace/FRONTFUNDATION
[2022-08-16T03:09:15.360Z] > git status -z -uall [81ms]
[2022-08-16T03:09:15.369Z] > git symbolic-ref --short HEAD [2ms]
[2022-08-16T03:09:15.379Z] > git for-each-ref --format=%(refname)%00%(upstream:short)%00%(objectname)%00%(upstream:track)%00%(upstream:remotename)%00%(upstream:remoteref) refs/heads/main refs/remotes/main [1ms]
[2022-08-16T03:09:15.405Z] > git remote --verbose [1ms]
[2022-08-16T03:09:15.406Z] > git for-each-ref --sort -committerdate --format %(refname) %(objectname) %(*objectname) [8ms]
[2022-08-16T03:09:15.423Z] > git config --get commit.template [1ms]
[2022-08-16T03:09:15.530Z] > git status -z -uall [96ms]
[2022-08-16T03:09:15.540Z] > git symbolic-ref --short HEAD [2ms]
[2022-08-16T03:09:15.549Z] > git for-each-ref --format=%(refname)%00%(upstream:short)%00%(objectname)%00%(upstream:track)%00%(upstream:remotename)%00%(upstream:remoteref) refs/heads/main refs/remotes/main [3ms]
[2022-08-16T03:09:15.562Z] > git for-each-ref --sort -committerdate --format %(refname) %(objectname) %(*objectname) [7ms]
[2022-08-16T03:09:15.564Z] > git remote --verbose [3ms]
[2022-08-16T03:09:15.574Z] > git config --get commit.template [1ms]
[2022-08-16T03:09:16.038Z] > git check-ignore -v -z --stdin [2ms]
[2022-08-16T03:09:16.566Z] > git show --textconv :FRONTFUNDATION/src/app/components/components.component.html [7ms]
[2022-08-16T03:09:16.567Z] > git ls-files --stage -- /workspace/FRONTFUNDATION/FRONTFUNDATION/src/app/components/components.component.html [2ms]
[2022-08-16T03:09:16.575Z] > git cat-file -s bc4127d1c8235eb10392dc81d0abb9d860f64f9e [1ms]
[2022-08-16T03:09:17.633Z] > git config --local branch.main.github-pr-owner-number [55ms]
[2022-08-16T03:09:26.546Z] > git fetch [383ms]
[2022-08-16T03:09:26.624Z] > git status -z -uall [70ms]
[2022-08-16T03:09:26.634Z] > git symbolic-ref --short HEAD [1ms]
[2022-08-16T03:09:26.643Z] > git for-each-ref --format=%(refname)%00%(upstream:short)%00%(objectname)%00%(upstream:track)%00%(upstream:remotename)%00%(upstream:remoteref) refs/heads/main refs/remotes/main [1ms]
[2022-08-16T03:09:26.658Z] > git for-each-ref --sort -committerdate --format %(refname) %(objectname) %(*objectname) [8ms]
[2022-08-16T03:09:26.658Z] > git remote --verbose [1ms]
[2022-08-16T03:09:26.669Z] > git config --get commit.template [1ms]
[2022-08-16T03:09:28.189Z] > git status -z -uall [74ms]
[2022-08-16T03:09:28.199Z] > git symbolic-ref --short HEAD [1ms]
[2022-08-16T03:09:28.208Z] > git for-each-ref --format=%(refname)%00%(upstream:short)%00%(objectname)%00%(upstream:track)%00%(upstream:remotename)%00%(upstream:remoteref) refs/heads/main refs/remotes/main [1ms]
[2022-08-16T03:09:28.223Z] > git for-each-ref --sort -committerdate --format %(refname) %(objectname) %(*objectname) [8ms]
[2022-08-16T03:09:28.223Z] > git remote --verbose [1ms]
[2022-08-16T03:09:28.234Z] > git config --get commit.template [1ms]
[2022-08-16T03:09:28.403Z] > git ls-files --stage -- /workspace/FRONTFUNDATION/FRONTFUNDATION/src/app/components/components.component.html [1ms]
[2022-08-16T03:09:28.412Z] > git cat-file -s bc4127d1c8235eb10392dc81d0abb9d860f64f9e [1ms]
[2022-08-16T03:09:28.590Z] > git show --textconv :FRONTFUNDATION/src/app/components/components.component.html [2ms]
[2022-08-16T03:09:51.228Z] > git check-ignore -v -z --stdin [9ms]
[2022-08-16T03:09:52.028Z] > git check-ignore -v -z --stdin [1ms]
[2022-08-16T03:09:59.364Z] > git check-ignore -v -z --stdin [1ms]
[2022-08-16T03:10:00.530Z] > git check-ignore -v -z --stdin [2ms]
[2022-08-16T03:10:01.404Z] > git show --textconv :FRONTFUNDATION/src/app/pages/galeria/galeria.component.html [11ms]
[2022-08-16T03:10:01.405Z] > git ls-files --stage -- /workspace/FRONTFUNDATION/FRONTFUNDATION/src/app/pages/galeria/galeria.component.html [2ms]
[2022-08-16T03:10:01.415Z] > git cat-file -s 8fee18cd1f9a4a409d49e94c08230586cddb6e91 [2ms]
[2022-08-16T03:11:23.669Z] > git status -z -uall [86ms]
[2022-08-16T03:11:23.682Z] > git symbolic-ref --short HEAD [1ms]
[2022-08-16T03:11:23.692Z] > git for-each-ref --format=%(refname)%00%(upstream:short)%00%(objectname)%00%(upstream:track)%00%(upstream:remotename)%00%(upstream:remoteref) refs/heads/main refs/remotes/main [2ms]
[2022-08-16T03:11:23.705Z] > git for-each-ref --sort -committerdate --format %(refname) %(objectname) %(*objectname) [7ms]
[2022-08-16T03:11:23.706Z] > git remote --verbose [2ms]
[2022-08-16T03:11:23.719Z] > git config --get commit.template [1ms]
[2022-08-16T03:11:27.875Z] > git show --textconv :FRONTFUNDATION/src/app/pages/galeria/galeria.component.scss [14ms]
[2022-08-16T03:11:27.875Z] > git ls-files --stage -- /workspace/FRONTFUNDATION/FRONTFUNDATION/src/app/pages/galeria/galeria.component.scss [1ms]
[2022-08-16T03:11:27.888Z] > git cat-file -s 03d382f81f3dd5e08c744bfa2f604ab78e06d84a [1ms]
[2022-08-16T03:11:28.836Z] > git status -z -uall [103ms]
[2022-08-16T03:11:28.880Z] > git symbolic-ref --short HEAD [3ms]
[2022-08-16T03:11:28.894Z] > git for-each-ref --format=%(refname)%00%(upstream:short)%00%(objectname)%00%(upstream:track)%00%(upstream:remotename)%00%(upstream:remoteref) refs/heads/main refs/remotes/main [2ms]
[2022-08-16T03:11:28.932Z] > git remote --verbose [3ms]
[2022-08-16T03:11:28.933Z] > git for-each-ref --sort -committerdate --format %(refname) %(objectname) %(*objectname) [25ms]
[2022-08-16T03:11:28.960Z] > git config --get commit.template [1ms]
[2022-08-16T03:11:36.736Z] > git status -z -uall [88ms]
[2022-08-16T03:11:36.751Z] > git symbolic-ref --short HEAD [2ms]
[2022-08-16T03:11:36.764Z] > git for-each-ref --format=%(refname)%00%(upstream:short)%00%(objectname)%00%(upstream:track)%00%(upstream:remotename)%00%(upstream:remoteref) refs/heads/main refs/remotes/main [2ms]
[2022-08-16T03:11:36.786Z] > git for-each-ref --sort -committerdate --format %(refname) %(objectname) %(*objectname) [11ms]
[2022-08-16T03:11:36.786Z] > git remote --verbose [2ms]
[2022-08-16T03:11:36.801Z] > git config --get commit.template [1ms]
[2022-08-16T03:12:09.722Z] > git check-ignore -v -z --stdin [1ms]
[2022-08-16T03:12:11.949Z] > git show --textconv :FRONTFUNDATION/src/app/pages/galeria/imagenes/imagenes.component.html [11ms]
[2022-08-16T03:12:11.950Z] > git ls-files --stage -- /workspace/FRONTFUNDATION/FRONTFUNDATION/src/app/pages/galeria/imagenes/imagenes.component.html [2ms]
[2022-08-16T03:12:11.962Z] > git cat-file -s 15b58832935ea50cf5ba5ab816e4c3ee607ae6b2 [1ms]
[2022-08-16T03:12:20.076Z] > git status -z -uall [66ms]
[2022-08-16T03:12:20.085Z] > git symbolic-ref --short HEAD [1ms]
[2022-08-16T03:12:20.091Z] > git for-each-ref --format=%(refname)%00%(upstream:short)%00%(objectname)%00%(upstream:track)%00%(upstream:remotename)%00%(upstream:remoteref) refs/heads/main refs/remotes/main [1ms]
[2022-08-16T03:12:20.102Z] > git for-each-ref --sort -committerdate --format %(refname) %(objectname) %(*objectname) [6ms]
[2022-08-16T03:12:20.103Z] > git remote --verbose [2ms]
[2022-08-16T03:12:20.116Z] > git config --get commit.template [1ms]
[2022-08-16T03:12:25.199Z] > git status -z -uall [73ms]
[2022-08-16T03:12:25.209Z] > git symbolic-ref --short HEAD [1ms]
[2022-08-16T03:12:25.219Z] > git for-each-ref --format=%(refname)%00%(upstream:short)%00%(objectname)%00%(upstream:track)%00%(upstream:remotename)%00%(upstream:remoteref) refs/heads/main refs/remotes/main [2ms]
[2022-08-16T03:12:25.231Z] > git for-each-ref --sort -committerdate --format %(refname) %(objectname) %(*objectname) [7ms]
[2022-08-16T03:12:25.232Z] > git remote --verbose [2ms]
[2022-08-16T03:12:25.241Z] > git config --get commit.template [1ms]
[2022-08-16T03:12:26.958Z] > git fetch [279ms]
[2022-08-16T03:12:27.045Z] > git status -z -uall [77ms]
[2022-08-16T03:12:27.054Z] > git symbolic-ref --short HEAD [1ms]
[2022-08-16T03:12:27.062Z] > git for-each-ref --format=%(refname)%00%(upstream:short)%00%(objectname)%00%(upstream:track)%00%(upstream:remotename)%00%(upstream:remoteref) refs/heads/main refs/remotes/main [1ms]
[2022-08-16T03:12:27.074Z] > git for-each-ref --sort -committerdate --format %(refname) %(objectname) %(*objectname) [6ms]
[2022-08-16T03:12:27.075Z] > git remote --verbose [2ms]
[2022-08-16T03:12:27.084Z] > git config --get commit.template [1ms]
[2022-08-16T03:12:28.459Z] > git ls-files --stage -- /workspace/FRONTFUNDATION/FRONTFUNDATION/src/app/pages/galeria/imagenes/imagenes.component.html [0ms]
[2022-08-16T03:12:28.471Z] > git cat-file -s 15b58832935ea50cf5ba5ab816e4c3ee607ae6b2 [1ms]
[2022-08-16T03:12:28.651Z] > git show --textconv :FRONTFUNDATION/src/app/pages/galeria/imagenes/imagenes.component.html [2ms]
[2022-08-16T03:12:30.335Z] > git status -z -uall [80ms]
[2022-08-16T03:12:30.350Z] > git symbolic-ref --short HEAD [1ms]
[2022-08-16T03:12:30.361Z] > git for-each-ref --format=%(refname)%00%(upstream:short)%00%(objectname)%00%(upstream:track)%00%(upstream:remotename)%00%(upstream:remoteref) refs/heads/main refs/remotes/main [1ms]
[2022-08-16T03:12:30.378Z] > git for-each-ref --sort -committerdate --format %(refname) %(objectname) %(*objectname) [8ms]
[2022-08-16T03:12:30.379Z] > git remote --verbose [2ms]
[2022-08-16T03:12:30.390Z] > git config --get commit.template [1ms]
[2022-08-16T03:12:35.483Z] > git status -z -uall [83ms]
[2022-08-16T03:12:35.492Z] > git symbolic-ref --short HEAD [1ms]
[2022-08-16T03:12:35.498Z] > git for-each-ref --format=%(refname)%00%(upstream:short)%00%(objectname)%00%(upstream:track)%00%(upstream:remotename)%00%(upstream:remoteref) refs/heads/main refs/remotes/main [1ms]
[2022-08-16T03:12:35.508Z] > git for-each-ref --sort -committerdate --format %(refname) %(objectname) %(*objectname) [5ms]
[2022-08-16T03:12:35.509Z] > git remote --verbose [1ms]
[2022-08-16T03:12:35.520Z] > git config --get commit.template [1ms]
[2022-08-16T03:12:38.578Z] > git show --textconv :FRONTFUNDATION/src/app/pages/galeria/imagenes/imagenes.component.scss [9ms]
[2022-08-16T03:12:38.579Z] > git ls-files --stage -- /workspace/FRONTFUNDATION/FRONTFUNDATION/src/app/pages/galeria/imagenes/imagenes.component.scss [2ms]
[2022-08-16T03:12:38.588Z] > git cat-file -s e7b7da3134b80cdaa433c2db8fd36117bbeeb29c [1ms]
[2022-08-16T03:12:50.315Z] > git status -z -uall [65ms]
[2022-08-16T03:12:50.325Z] > git symbolic-ref --short HEAD [1ms]
[2022-08-16T03:12:50.331Z] > git for-each-ref --format=%(refname)%00%(upstream:short)%00%(objectname)%00%(upstream:track)%00%(upstream:remotename)%00%(upstream:remoteref) refs/heads/main refs/remotes/main [1ms]
[2022-08-16T03:12:50.343Z] > git for-each-ref --sort -committerdate --format %(refname) %(objectname) %(*objectname) [6ms]
[2022-08-16T03:12:50.343Z] > git remote --verbose [1ms]
[2022-08-16T03:12:50.352Z] > git config --get commit.template [1ms]
[2022-08-16T03:12:55.471Z] > git status -z -uall [104ms]
[2022-08-16T03:12:55.483Z] > git symbolic-ref --short HEAD [1ms]
[2022-08-16T03:12:55.495Z] > git for-each-ref --format=%(refname)%00%(upstream:short)%00%(objectname)%00%(upstream:track)%00%(upstream:remotename)%00%(upstream:remoteref) refs/heads/main refs/remotes/main [2ms]
[2022-08-16T03:12:55.521Z] > git for-each-ref --sort -committerdate --format %(refname) %(objectname) %(*objectname) [17ms]
[2022-08-16T03:12:55.522Z] > git remote --verbose [2ms]
[2022-08-16T03:12:55.535Z] > git config --get commit.template [1ms]
[2022-08-16T03:13:00.629Z] > git status -z -uall [82ms]
[2022-08-16T03:13:00.642Z] > git symbolic-ref --short HEAD [2ms]
[2022-08-16T03:13:00.662Z] > git for-each-ref --format=%(refname)%00%(upstream:short)%00%(objectname)%00%(upstream:track)%00%(upstream:remotename)%00%(upstream:remoteref) refs/heads/main refs/remotes/main [10ms]
[2022-08-16T03:13:00.682Z] > git for-each-ref --sort -committerdate --format %(refname) %(objectname) %(*objectname) [9ms]
[2022-08-16T03:13:00.683Z] > git remote --verbose [2ms]
[2022-08-16T03:13:00.691Z] > git config --get commit.template [1ms]
[2022-08-16T03:13:05.801Z] > git status -z -uall [97ms]
[2022-08-16T03:13:05.813Z] > git symbolic-ref --short HEAD [2ms]
[2022-08-16T03:13:05.825Z] > git for-each-ref --format=%(refname)%00%(upstream:short)%00%(objectname)%00%(upstream:track)%00%(upstream:remotename)%00%(upstream:remoteref) refs/heads/main refs/remotes/main [2ms]
[2022-08-16T03:13:05.852Z] > git for-each-ref --sort -committerdate --format %(refname) %(objectname) %(*objectname) [13ms]
[2022-08-16T03:13:05.852Z] > git remote --verbose [1ms]
[2022-08-16T03:13:05.865Z] > git config --get commit.template [0ms]
[2022-08-16T03:13:10.944Z] > git status -z -uall [67ms]
[2022-08-16T03:13:10.956Z] > git symbolic-ref --short HEAD [1ms]
[2022-08-16T03:13:10.966Z] > git for-each-ref --format=%(refname)%00%(upstream:short)%00%(objectname)%00%(upstream:track)%00%(upstream:remotename)%00%(upstream:remoteref) refs/heads/main refs/remotes/main [1ms]
[2022-08-16T03:13:10.983Z] > git for-each-ref --sort -committerdate --format %(refname) %(objectname) %(*objectname) [7ms]
[2022-08-16T03:13:10.983Z] > git remote --verbose [1ms]
[2022-08-16T03:13:10.993Z] > git config --get commit.template [0ms]
[2022-08-16T03:14:10.726Z] > git status -z -uall [65ms]
[2022-08-16T03:14:10.736Z] > git symbolic-ref --short HEAD [1ms]
[2022-08-16T03:14:10.743Z] > git for-each-ref --format=%(refname)%00%(upstream:short)%00%(objectname)%00%(upstream:track)%00%(upstream:remotename)%00%(upstream:remoteref) refs/heads/main refs/remotes/main [1ms]
[2022-08-16T03:14:10.755Z] > git for-each-ref --sort -committerdate --format %(refname) %(objectname) %(*objectname) [7ms]
[2022-08-16T03:14:10.757Z] > git remote --verbose [3ms]
[2022-08-16T03:14:10.767Z] > git config --get commit.template [1ms]
[2022-08-16T03:14:21.753Z] > git status -z -uall [98ms]
[2022-08-16T03:14:21.778Z] > git symbolic-ref --short HEAD [0ms]
[2022-08-16T03:14:21.790Z] > git for-each-ref --format=%(refname)%00%(upstream:short)%00%(objectname)%00%(upstream:track)%00%(upstream:remotename)%00%(upstream:remoteref) refs/heads/main refs/remotes/main [1ms]
[2022-08-16T03:14:21.806Z] > git for-each-ref --sort -committerdate --format %(refname) %(objectname) %(*objectname) [7ms]
[2022-08-16T03:14:21.807Z] > git remote --verbose [1ms]
[2022-08-16T03:14:21.829Z] > git config --get commit.template [0ms]
[2022-08-16T03:15:53.265Z] > git status -z -uall [109ms]
[2022-08-16T03:15:53.278Z] > git symbolic-ref --short HEAD [1ms]
[2022-08-16T03:15:53.290Z] > git for-each-ref --format=%(refname)%00%(upstream:short)%00%(objectname)%00%(upstream:track)%00%(upstream:remotename)%00%(upstream:remoteref) refs/heads/main refs/remotes/main [2ms]
[2022-08-16T03:15:53.308Z] > git for-each-ref --sort -committerdate --format %(refname) %(objectname) %(*objectname) [10ms]
[2022-08-16T03:15:53.309Z] > git remote --verbose [2ms]
[2022-08-16T03:15:53.336Z] > git config --get commit.template [1ms]
[2022-08-16T03:15:53.532Z] > git fetch [412ms]
[2022-08-16T03:15:53.633Z] > git status -z -uall [87ms]
[2022-08-16T03:15:53.652Z] > git symbolic-ref --short HEAD [6ms]
[2022-08-16T03:15:53.665Z] > git for-each-ref --format=%(refname)%00%(upstream:short)%00%(objectname)%00%(upstream:track)%00%(upstream:remotename)%00%(upstream:remoteref) refs/heads/main refs/remotes/main [1ms]
[2022-08-16T03:15:53.681Z] > git for-each-ref --sort -committerdate --format %(refname) %(objectname) %(*objectname) [7ms]
[2022-08-16T03:15:53.682Z] > git remote --verbose [1ms]
[2022-08-16T03:15:53.694Z] > git config --get commit.template [2ms]
[2022-08-16T03:15:55.048Z] > git ls-files --stage -- /workspace/FRONTFUNDATION/FRONTFUNDATION/src/app/pages/galeria/imagenes/imagenes.component.scss [1ms]
[2022-08-16T03:15:55.074Z] > git cat-file -s e7b7da3134b80cdaa433c2db8fd36117bbeeb29c [0ms]
[2022-08-16T03:15:55.251Z] > git show --textconv :FRONTFUNDATION/src/app/pages/galeria/imagenes/imagenes.component.scss [3ms]
[2022-08-16T03:16:20.686Z] > git status -z -uall [89ms]
[2022-08-16T03:16:20.696Z] > git symbolic-ref --short HEAD [1ms]
[2022-08-16T03:16:20.705Z] > git for-each-ref --format=%(refname)%00%(upstream:short)%00%(objectname)%00%(upstream:track)%00%(upstream:remotename)%00%(upstream:remoteref) refs/heads/main refs/remotes/main [1ms]
[2022-08-16T03:16:20.723Z] > git for-each-ref --sort -committerdate --format %(refname) %(objectname) %(*objectname) [12ms]
[2022-08-16T03:16:20.723Z] > git remote --verbose [2ms]
[2022-08-16T03:16:20.739Z] > git config --get commit.template [2ms]
[2022-08-16T03:16:29.650Z] > git check-ignore -v -z --stdin [1ms]
[2022-08-16T03:16:31.173Z] > git check-ignore -v -z --stdin [1ms]
[2022-08-16T03:16:32.433Z] > git check-ignore -v -z --stdin [1ms]
[2022-08-16T03:16:36.892Z] > git check-ignore -v -z --stdin [2ms]
[2022-08-16T03:16:41.617Z] > git check-ignore -v -z --stdin [1ms]
[2022-08-16T03:16:53.002Z] > git check-ignore -v -z --stdin [2ms]
[2022-08-16T03:16:54.508Z] > git check-ignore -v -z --stdin [1ms]
[2022-08-16T03:16:56.016Z] > git show --textconv :FRONTFUNDATION/src/app/admin/ninos-admin/ninos-admin.component.html [8ms]
[2022-08-16T03:16:56.017Z] > git ls-files --stage -- /workspace/FRONTFUNDATION/FRONTFUNDATION/src/app/admin/ninos-admin/ninos-admin.component.html [1ms]
[2022-08-16T03:16:56.025Z] > git cat-file -s 69dfcf28941764a0dd7300429d162e99ee21d688 [1ms]
[2022-08-16T03:17:26.303Z] > git status -z -uall [16ms]
[2022-08-16T03:17:26.317Z] > git symbolic-ref --short HEAD [2ms]
[2022-08-16T03:17:26.331Z] > git for-each-ref --format=%(refname)%00%(upstream:short)%00%(objectname)%00%(upstream:track)%00%(upstream:remotename)%00%(upstream:remoteref) refs/heads/main refs/remotes/main [2ms]
[2022-08-16T03:17:26.354Z] > git for-each-ref --sort -committerdate --format %(refname) %(objectname) %(*objectname) [12ms]
[2022-08-16T03:17:26.355Z] > git remote --verbose [2ms]
[2022-08-16T03:17:26.369Z] > git config --get commit.template [2ms]
[2022-08-16T03:17:26.542Z] > git ls-files --stage -- /workspace/FRONTFUNDATION/FRONTFUNDATION/src/app/admin/ninos-admin/ninos-admin.component.html [2ms]
[2022-08-16T03:17:26.551Z] > git cat-file -s 69dfcf28941764a0dd7300429d162e99ee21d688 [1ms]
[2022-08-16T03:17:26.713Z] > git show --textconv :FRONTFUNDATION/src/app/admin/ninos-admin/ninos-admin.component.html [2ms]
[2022-08-16T03:17:32.147Z] > git status -z -uall [2ms]
[2022-08-16T03:17:32.154Z] > git symbolic-ref --short HEAD [1ms]
[2022-08-16T03:17:32.163Z] > git for-each-ref --format=%(refname)%00%(upstream:short)%00%(objectname)%00%(upstream:track)%00%(upstream:remotename)%00%(upstream:remoteref) refs/heads/main refs/remotes/main [2ms]
[2022-08-16T03:17:32.180Z] > git for-each-ref --sort -committerdate --format %(refname) %(objectname) %(*objectname) [8ms]
[2022-08-16T03:17:32.181Z] > git remote --verbose [1ms]
[2022-08-16T03:17:32.242Z] > git config --get commit.template [1ms]
[2022-08-16T03:17:32.426Z] > git config --local branch.main.github-pr-owner-number [19ms]
[2022-08-16T03:17:32.471Z] > git ls-files --stage -- /workspace/FRONTFUNDATION/FRONTFUNDATION/src/app/admin/ninos-admin/ninos-admin.component.html [6ms]
[2022-08-16T03:17:32.479Z] > git cat-file -s 69dfcf28941764a0dd7300429d162e99ee21d688 [3ms]
[2022-08-16T03:17:32.650Z] > git show --textconv :FRONTFUNDATION/src/app/admin/ninos-admin/ninos-admin.component.html [2ms]
[2022-08-16T03:19:16.391Z] > git status -z -uall [2ms]
[2022-08-16T03:19:16.400Z] > git symbolic-ref --short HEAD [1ms]
[2022-08-16T03:19:16.410Z] > git for-each-ref --format=%(refname)%00%(upstream:short)%00%(objectname)%00%(upstream:track)%00%(upstream:remotename)%00%(upstream:remoteref) refs/heads/main refs/remotes/main [2ms]
[2022-08-16T03:19:16.426Z] > git for-each-ref --sort -committerdate --format %(refname) %(objectname) %(*objectname) [9ms]
[2022-08-16T03:19:16.426Z] > git remote --verbose [1ms]
[2022-08-16T03:19:16.439Z] > git config --get commit.template [1ms]
[2022-08-16T03:19:16.554Z] > git ls-files --stage -- /workspace/FRONTFUNDATION/FRONTFUNDATION/src/app/admin/ninos-admin/ninos-admin.component.html [2ms]
[2022-08-16T03:19:16.562Z] > git cat-file -s 69dfcf28941764a0dd7300429d162e99ee21d688 [1ms]
[2022-08-16T03:19:16.650Z] > git config --local branch.main.github-pr-owner-number [45ms]
[2022-08-16T03:19:16.681Z] > git fetch [300ms]
[2022-08-16T03:19:16.692Z] > git status -z -uall [3ms]
[2022-08-16T03:19:16.699Z] > git symbolic-ref --short HEAD [1ms]
[2022-08-16T03:19:16.707Z] > git for-each-ref --format=%(refname)%00%(upstream:short)%00%(objectname)%00%(upstream:track)%00%(upstream:remotename)%00%(upstream:remoteref) refs/heads/main refs/remotes/main [1ms]
[2022-08-16T03:19:16.719Z] > git for-each-ref --sort -committerdate --format %(refname) %(objectname) %(*objectname) [5ms]
[2022-08-16T03:19:16.725Z] > git remote --verbose [7ms]
[2022-08-16T03:19:16.732Z] > git show --textconv :FRONTFUNDATION/src/app/admin/ninos-admin/ninos-admin.component.html [8ms]
[2022-08-16T03:19:16.732Z] > git config --get commit.template [0ms]
[2022-08-16T03:19:18.164Z] > git ls-files --stage -- /workspace/FRONTFUNDATION/FRONTFUNDATION/src/app/admin/ninos-admin/ninos-admin.component.html [1ms]
[2022-08-16T03:19:18.174Z] > git cat-file -s 69dfcf28941764a0dd7300429d162e99ee21d688 [2ms]
[2022-08-16T03:19:18.337Z] > git show --textconv :FRONTFUNDATION/src/app/admin/ninos-admin/ninos-admin.component.html [2ms]
[2022-08-16T03:19:21.450Z] > git status -z -uall [2ms]
[2022-08-16T03:19:21.458Z] > git symbolic-ref --short HEAD [1ms]
[2022-08-16T03:19:21.466Z] > git for-each-ref --format=%(refname)%00%(upstream:short)%00%(objectname)%00%(upstream:track)%00%(upstream:remotename)%00%(upstream:remoteref) refs/heads/main refs/remotes/main [2ms]
[2022-08-16T03:19:21.482Z] > git for-each-ref --sort -committerdate --format %(refname) %(objectname) %(*objectname) [9ms]
[2022-08-16T03:19:21.482Z] > git remote --verbose [1ms]
[2022-08-16T03:19:21.492Z] > git config --get commit.template [1ms]
[2022-08-16T03:19:26.505Z] > git status -z -uall [3ms]
[2022-08-16T03:19:26.514Z] > git symbolic-ref --short HEAD [2ms]
[2022-08-16T03:19:26.523Z] > git for-each-ref --format=%(refname)%00%(upstream:short)%00%(objectname)%00%(upstream:track)%00%(upstream:remotename)%00%(upstream:remoteref) refs/heads/main refs/remotes/main [2ms]
[2022-08-16T03:19:26.543Z] > git for-each-ref --sort -committerdate --format %(refname) %(objectname) %(*objectname) [9ms]
[2022-08-16T03:19:26.543Z] > git remote --verbose [1ms]
[2022-08-16T03:19:26.553Z] > git config --get commit.template [1ms]
[2022-08-16T03:19:33.273Z] > git status -z -uall [3ms]
[2022-08-16T03:19:33.285Z] > git symbolic-ref --short HEAD [2ms]
[2022-08-16T03:19:33.296Z] > git for-each-ref --format=%(refname)%00%(upstream:short)%00%(objectname)%00%(upstream:track)%00%(upstream:remotename)%00%(upstream:remoteref) refs/heads/main refs/remotes/main [2ms]
[2022-08-16T03:19:33.317Z] > git for-each-ref --sort -committerdate --format %(refname) %(objectname) %(*objectname) [9ms]
[2022-08-16T03:19:33.318Z] > git remote --verbose [2ms]
[2022-08-16T03:19:33.331Z] > git config --get commit.template [2ms]
[2022-08-16T03:19:33.525Z] > git ls-files --stage -- /workspace/FRONTFUNDATION/FRONTFUNDATION/src/app/admin/ninos-admin/ninos-admin.component.html [2ms]
[2022-08-16T03:19:33.541Z] > git cat-file -s ceef6eca0873aa453b4363be426f99e0fbaca708 [3ms]
[2022-08-16T03:19:33.706Z] > git show --textconv :FRONTFUNDATION/src/app/admin/ninos-admin/ninos-admin.component.html [3ms]
[2022-08-16T03:19:36.407Z] > git ls-files --stage -- /workspace/FRONTFUNDATION/FRONTFUNDATION/src/app/admin/ninos-admin/ninos-admin.component.html [1ms]
[2022-08-16T03:19:36.417Z] > git cat-file -s ceef6eca0873aa453b4363be426f99e0fbaca708 [1ms]
[2022-08-16T03:19:36.581Z] > git show --textconv :FRONTFUNDATION/src/app/admin/ninos-admin/ninos-admin.component.html [2ms]
[2022-08-16T03:19:38.343Z] > git status -z -uall [2ms]
[2022-08-16T03:19:38.351Z] > git symbolic-ref --short HEAD [1ms]
[2022-08-16T03:19:38.360Z] > git for-each-ref --format=%(refname)%00%(upstream:short)%00%(objectname)%00%(upstream:track)%00%(upstream:remotename)%00%(upstream:remoteref) refs/heads/main refs/remotes/main [1ms]
[2022-08-16T03:19:38.380Z] > git remote --verbose [2ms]
[2022-08-16T03:19:38.380Z] > git for-each-ref --sort -committerdate --format %(refname) %(objectname) %(*objectname) [11ms]
[2022-08-16T03:19:38.431Z] > git config --get commit.template [1ms]
[2022-08-16T03:19:38.622Z] > git config --local branch.main.github-pr-owner-number [25ms]
[2022-08-16T03:19:38.980Z] > git ls-files --stage -- /workspace/FRONTFUNDATION/FRONTFUNDATION/src/app/admin/ninos-admin/ninos-admin.component.html [1ms]
[2022-08-16T03:19:38.989Z] > git cat-file -s ceef6eca0873aa453b4363be426f99e0fbaca708 [1ms]
[2022-08-16T03:19:39.152Z] > git show --textconv :FRONTFUNDATION/src/app/admin/ninos-admin/ninos-admin.component.html [1ms]
[2022-08-16T03:21:48.931Z] > git status -z -uall [3ms]
[2022-08-16T03:21:48.941Z] > git symbolic-ref --short HEAD [2ms]
[2022-08-16T03:21:48.949Z] > git for-each-ref --format=%(refname)%00%(upstream:short)%00%(objectname)%00%(upstream:track)%00%(upstream:remotename)%00%(upstream:remoteref) refs/heads/main refs/remotes/main [1ms]
[2022-08-16T03:21:48.969Z] > git for-each-ref --sort -committerdate --format %(refname) %(objectname) %(*objectname) [10ms]
[2022-08-16T03:21:48.970Z] > git remote --verbose [2ms]
[2022-08-16T03:21:48.982Z] > git config --get commit.template [1ms]
[2022-08-16T03:22:22.814Z] > git fetch [259ms]
[2022-08-16T03:22:22.825Z] > git status -z -uall [2ms]
[2022-08-16T03:22:22.831Z] > git symbolic-ref --short HEAD [1ms]
[2022-08-16T03:22:22.839Z] > git for-each-ref --format=%(refname)%00%(upstream:short)%00%(objectname)%00%(upstream:track)%00%(upstream:remotename)%00%(upstream:remoteref) refs/heads/main refs/remotes/main [1ms]
[2022-08-16T03:22:22.858Z] > git for-each-ref --sort -committerdate --format %(refname) %(objectname) %(*objectname) [10ms]
[2022-08-16T03:22:22.858Z] > git remote --verbose [1ms]
[2022-08-16T03:22:22.868Z] > git config --get commit.template [1ms]
[2022-08-16T03:22:24.044Z] > git status -z -uall [2ms]
[2022-08-16T03:22:24.051Z] > git symbolic-ref --short HEAD [1ms]
[2022-08-16T03:22:24.057Z] > git for-each-ref --format=%(refname)%00%(upstream:short)%00%(objectname)%00%(upstream:track)%00%(upstream:remotename)%00%(upstream:remoteref) refs/heads/main refs/remotes/main [1ms]
[2022-08-16T03:22:24.068Z] > git for-each-ref --sort -committerdate --format %(refname) %(objectname) %(*objectname) [6ms]
[2022-08-16T03:22:24.068Z] > git remote --verbose [1ms]
[2022-08-16T03:22:24.076Z] > git config --get commit.template [1ms]
[2022-08-16T03:22:24.296Z] > git ls-files --stage -- /workspace/FRONTFUNDATION/FRONTFUNDATION/src/app/admin/ninos-admin/ninos-admin.component.html [1ms]
[2022-08-16T03:22:24.304Z] > git cat-file -s ceef6eca0873aa453b4363be426f99e0fbaca708 [2ms]
[2022-08-16T03:22:24.465Z] > git show --textconv :FRONTFUNDATION/src/app/admin/ninos-admin/ninos-admin.component.html [2ms]
[2022-08-16T03:22:35.644Z] > git status -z -uall [2ms]
[2022-08-16T03:22:35.654Z] > git symbolic-ref --short HEAD [2ms]
[2022-08-16T03:22:35.662Z] > git for-each-ref --format=%(refname)%00%(upstream:short)%00%(objectname)%00%(upstream:track)%00%(upstream:remotename)%00%(upstream:remoteref) refs/heads/main refs/remotes/main [1ms]
[2022-08-16T03:22:35.675Z] > git for-each-ref --sort -committerdate --format %(refname) %(objectname) %(*objectname) [7ms]
[2022-08-16T03:22:35.676Z] > git remote --verbose [2ms]
[2022-08-16T03:22:35.687Z] > git config --get commit.template [1ms]
[2022-08-16T03:22:40.528Z] > git show --textconv HEAD:FRONTFUNDATION/src/app/admin/ninos-admin/ninos-admin.component.html [7ms]
[2022-08-16T03:22:40.529Z] > git ls-tree -l HEAD -- /workspace/FRONTFUNDATION/FRONTFUNDATION/src/app/admin/ninos-admin/ninos-admin.component.html [1ms]
[2022-08-16T03:22:40.700Z] > git status -z -uall [3ms]
[2022-08-16T03:22:40.710Z] > git symbolic-ref --short HEAD [3ms]
[2022-08-16T03:22:40.717Z] > git for-each-ref --format=%(refname)%00%(upstream:short)%00%(objectname)%00%(upstream:track)%00%(upstream:remotename)%00%(upstream:remoteref) refs/heads/main refs/remotes/main [1ms]
[2022-08-16T03:22:40.728Z] > git for-each-ref --sort -committerdate --format %(refname) %(objectname) %(*objectname) [6ms]
[2022-08-16T03:22:40.728Z] > git remote --verbose [1ms]
[2022-08-16T03:22:40.738Z] > git config --get commit.template [1ms]
[2022-08-16T03:23:10.079Z] > git show --textconv :FRONTFUNDATION/src/app/admin/ninos-admin/ninos-admin.component.html [11ms]
[2022-08-16T03:23:10.080Z] > git ls-files --stage -- /workspace/FRONTFUNDATION/FRONTFUNDATION/src/app/admin/ninos-admin/ninos-admin.component.html [2ms]
[2022-08-16T03:23:10.090Z] > git cat-file -s ceef6eca0873aa453b4363be426f99e0fbaca708 [2ms]
[2022-08-16T03:23:14.222Z] > git show --textconv :FRONTFUNDATION/src/app/admin/ninos-admin/ninos-admin.component.scss [9ms]
[2022-08-16T03:23:14.223Z] > git ls-files --stage -- /workspace/FRONTFUNDATION/FRONTFUNDATION/src/app/admin/ninos-admin/ninos-admin.component.scss [2ms]
[2022-08-16T03:23:14.230Z] > git cat-file -s 795809f7b407c01f7009b53b227859d8198ca4cf [1ms]
[2022-08-16T03:23:18.995Z] > git show --textconv :FRONTFUNDATION/src/app/admin/ninos-admin/ninos-admin.component.html [6ms]
[2022-08-16T03:23:18.996Z] > git ls-files --stage -- /workspace/FRONTFUNDATION/FRONTFUNDATION/src/app/admin/ninos-admin/ninos-admin.component.html [1ms]
[2022-08-16T03:23:19.002Z] > git cat-file -s ceef6eca0873aa453b4363be426f99e0fbaca708 [1ms]
[2022-08-16T03:23:23.075Z] > git status -z -uall [2ms]
[2022-08-16T03:23:23.081Z] > git symbolic-ref --short HEAD [1ms]
[2022-08-16T03:23:23.087Z] > git for-each-ref --format=%(refname)%00%(upstream:short)%00%(objectname)%00%(upstream:track)%00%(upstream:remotename)%00%(upstream:remoteref) refs/heads/main refs/remotes/main [1ms]
[2022-08-16T03:23:23.097Z] > git for-each-ref --sort -committerdate --format %(refname) %(objectname) %(*objectname) [5ms]
[2022-08-16T03:23:23.098Z] > git remote --verbose [1ms]
[2022-08-16T03:23:23.105Z] > git config --get commit.template [1ms]
[2022-08-16T03:23:35.007Z] > git status -z -uall [2ms]
[2022-08-16T03:23:35.013Z] > git symbolic-ref --short HEAD [0ms]
[2022-08-16T03:23:35.020Z] > git for-each-ref --format=%(refname)%00%(upstream:short)%00%(objectname)%00%(upstream:track)%00%(upstream:remotename)%00%(upstream:remoteref) refs/heads/main refs/remotes/main [2ms]
[2022-08-16T03:23:35.034Z] > git for-each-ref --sort -committerdate --format %(refname) %(objectname) %(*objectname) [8ms]
[2022-08-16T03:23:35.034Z] > git remote --verbose [0ms]
[2022-08-16T03:23:35.042Z] > git config --get commit.template [1ms]
[2022-08-16T03:23:35.262Z] > git ls-files --stage -- /workspace/FRONTFUNDATION/FRONTFUNDATION/src/app/admin/ninos-admin/ninos-admin.component.html [1ms]
[2022-08-16T03:23:35.273Z] > git cat-file -s ceef6eca0873aa453b4363be426f99e0fbaca708 [1ms]
[2022-08-16T03:23:35.436Z] > git show --textconv :FRONTFUNDATION/src/app/admin/ninos-admin/ninos-admin.component.html [2ms]
[2022-08-16T03:23:38.292Z] > git ls-files --stage -- /workspace/FRONTFUNDATION/FRONTFUNDATION/src/app/admin/ninos-admin/ninos-admin.component.html [1ms]
[2022-08-16T03:23:38.302Z] > git cat-file -s ceef6eca0873aa453b4363be426f99e0fbaca708 [1ms]
[2022-08-16T03:23:38.465Z] > git show --textconv :FRONTFUNDATION/src/app/admin/ninos-admin/ninos-admin.component.html [2ms]
[2022-08-16T03:23:40.058Z] > git status -z -uall [3ms]
[2022-08-16T03:23:40.066Z] > git symbolic-ref --short HEAD [1ms]
[2022-08-16T03:23:40.073Z] > git for-each-ref --format=%(refname)%00%(upstream:short)%00%(objectname)%00%(upstream:track)%00%(upstream:remotename)%00%(upstream:remoteref) refs/heads/main refs/remotes/main [2ms]
[2022-08-16T03:23:40.085Z] > git for-each-ref --sort -committerdate --format %(refname) %(objectname) %(*objectname) [6ms]
[2022-08-16T03:23:40.085Z] > git remote --verbose [1ms]
[2022-08-16T03:23:40.093Z] > git config --get commit.template [2ms]
[2022-08-16T03:25:30.354Z] > git fetch [276ms]
[2022-08-16T03:25:30.368Z] > git status -z -uall [3ms]
[2022-08-16T03:25:30.378Z] > git symbolic-ref --short HEAD [0ms]
[2022-08-16T03:25:30.389Z] > git for-each-ref --format=%(refname)%00%(upstream:short)%00%(objectname)%00%(upstream:track)%00%(upstream:remotename)%00%(upstream:remoteref) refs/heads/main refs/remotes/main [1ms]
[2022-08-16T03:25:30.409Z] > git for-each-ref --sort -committerdate --format %(refname) %(objectname) %(*objectname) [10ms]
[2022-08-16T03:25:30.410Z] > git remote --verbose [1ms]
[2022-08-16T03:25:30.418Z] > git config --get commit.template [1ms]
[2022-08-16T03:25:31.587Z] > git status -z -uall [3ms]
[2022-08-16T03:25:31.597Z] > git symbolic-ref --short HEAD [1ms]
[2022-08-16T03:25:31.606Z] > git for-each-ref --format=%(refname)%00%(upstream:short)%00%(objectname)%00%(upstream:track)%00%(upstream:remotename)%00%(upstream:remoteref) refs/heads/main refs/remotes/main [2ms]
[2022-08-16T03:25:31.625Z] > git remote --verbose [3ms]
[2022-08-16T03:25:31.625Z] > git for-each-ref --sort -committerdate --format %(refname) %(objectname) %(*objectname) [11ms]
[2022-08-16T03:25:31.634Z] > git config --get commit.template [1ms]
[2022-08-16T03:25:31.838Z] > git ls-files --stage -- /workspace/FRONTFUNDATION/FRONTFUNDATION/src/app/admin/ninos-admin/ninos-admin.component.html [2ms]
[2022-08-16T03:25:31.844Z] > git cat-file -s ceef6eca0873aa453b4363be426f99e0fbaca708 [1ms]
[2022-08-16T03:25:32.007Z] > git show --textconv :FRONTFUNDATION/src/app/admin/ninos-admin/ninos-admin.component.html [1ms]
[2022-08-16T03:25:32.653Z] > git check-ignore -v -z --stdin [1ms]
[2022-08-16T03:25:35.023Z] > git show --textconv :FRONTFUNDATION/src/app/admin/albumnes-admin/albumnes-admin.component.html [11ms]
[2022-08-16T03:25:35.024Z] > git ls-files --stage -- /workspace/FRONTFUNDATION/FRONTFUNDATION/src/app/admin/albumnes-admin/albumnes-admin.component.html [1ms]
[2022-08-16T03:25:35.035Z] > git cat-file -s 15e0a5900302e14ec8bb8362c9fa93fc7098b9a1 [1ms]
[2022-08-16T03:25:36.648Z] > git status -z -uall [3ms]
[2022-08-16T03:25:36.659Z] > git symbolic-ref --short HEAD [1ms]
[2022-08-16T03:25:36.671Z] > git for-each-ref --format=%(refname)%00%(upstream:short)%00%(objectname)%00%(upstream:track)%00%(upstream:remotename)%00%(upstream:remoteref) refs/heads/main refs/remotes/main [1ms]
[2022-08-16T03:25:36.688Z] > git for-each-ref --sort -committerdate --format %(refname) %(objectname) %(*objectname) [8ms]
[2022-08-16T03:25:36.688Z] > git remote --verbose [1ms]
[2022-08-16T03:25:36.700Z] > git config --get commit.template [1ms]
[2022-08-16T03:25:38.325Z] > git show --textconv :FRONTFUNDATION/src/app/admin/ninos-admin/ninos-admin.component.html [7ms]
[2022-08-16T03:25:38.326Z] > git ls-files --stage -- /workspace/FRONTFUNDATION/FRONTFUNDATION/src/app/admin/ninos-admin/ninos-admin.component.html [2ms]
[2022-08-16T03:25:38.333Z] > git cat-file -s ceef6eca0873aa453b4363be426f99e0fbaca708 [1ms]
[2022-08-16T03:25:49.211Z] > git status -z -uall [2ms]
[2022-08-16T03:25:49.217Z] > git symbolic-ref --short HEAD [1ms]
[2022-08-16T03:25:49.223Z] > git for-each-ref --format=%(refname)%00%(upstream:short)%00%(objectname)%00%(upstream:track)%00%(upstream:remotename)%00%(upstream:remoteref) refs/heads/main refs/remotes/main [2ms]
[2022-08-16T03:25:49.234Z] > git for-each-ref --sort -committerdate --format %(refname) %(objectname) %(*objectname) [7ms]
[2022-08-16T03:25:49.234Z] > git remote --verbose [2ms]
[2022-08-16T03:25:49.241Z] > git config --get commit.template [1ms]
[2022-08-16T03:25:54.487Z] > git status -z -uall [2ms]
[2022-08-16T03:25:54.496Z] > git symbolic-ref --short HEAD [2ms]
[2022-08-16T03:25:54.504Z] > git for-each-ref --format=%(refname)%00%(upstream:short)%00%(objectname)%00%(upstream:track)%00%(upstream:remotename)%00%(upstream:remoteref) refs/heads/main refs/remotes/main [2ms]
[2022-08-16T03:25:54.515Z] > git for-each-ref --sort -committerdate --format %(refname) %(objectname) %(*objectname) [6ms]
[2022-08-16T03:25:54.515Z] > git remote --verbose [1ms]
[2022-08-16T03:25:54.524Z] > git config --get commit.template [1ms]
[2022-08-16T03:25:54.741Z] > git ls-files --stage -- /workspace/FRONTFUNDATION/FRONTFUNDATION/src/app/admin/ninos-admin/ninos-admin.component.html [1ms]
[2022-08-16T03:25:54.750Z] > git cat-file -s e64445cfe4eeab926e82e516c5ec2681948a3904 [1ms]
[2022-08-16T03:25:54.916Z] > git show --textconv :FRONTFUNDATION/src/app/admin/ninos-admin/ninos-admin.component.html [3ms]
[2022-08-16T03:25:57.423Z] > git ls-files --stage -- /workspace/FRONTFUNDATION/FRONTFUNDATION/src/app/admin/ninos-admin/ninos-admin.component.html [1ms]
[2022-08-16T03:25:57.431Z] > git cat-file -s e64445cfe4eeab926e82e516c5ec2681948a3904 [1ms]
[2022-08-16T03:25:57.595Z] > git show --textconv :FRONTFUNDATION/src/app/admin/ninos-admin/ninos-admin.component.html [2ms]
[2022-08-16T03:25:59.537Z] > git status -z -uall [2ms]
[2022-08-16T03:25:59.545Z] > git symbolic-ref --short HEAD [1ms]
[2022-08-16T03:25:59.554Z] > git for-each-ref --format=%(refname)%00%(upstream:short)%00%(objectname)%00%(upstream:track)%00%(upstream:remotename)%00%(upstream:remoteref) refs/heads/main refs/remotes/main [2ms]
[2022-08-16T03:25:59.572Z] > git for-each-ref --sort -committerdate --format %(refname) %(objectname) %(*objectname) [8ms]
[2022-08-16T03:25:59.572Z] > git remote --verbose [1ms]
[2022-08-16T03:25:59.639Z] > git config --get commit.template [2ms]
[2022-08-16T03:25:59.825Z] > git config --local branch.main.github-pr-owner-number [22ms]
[2022-08-16T03:26:01.723Z] > git ls-files --stage -- /workspace/FRONTFUNDATION/FRONTFUNDATION/src/app/admin/ninos-admin/ninos-admin.component.html [1ms]
[2022-08-16T03:26:01.730Z] > git cat-file -s e64445cfe4eeab926e82e516c5ec2681948a3904 [1ms]
[2022-08-16T03:26:01.901Z] > git show --textconv :FRONTFUNDATION/src/app/admin/ninos-admin/ninos-admin.component.html [1ms]
[2022-08-16T03:28:15.663Z] > git status -z -uall [2ms]
[2022-08-16T03:28:15.670Z] > git symbolic-ref --short HEAD [1ms]
[2022-08-16T03:28:15.677Z] > git for-each-ref --format=%(refname)%00%(upstream:short)%00%(objectname)%00%(upstream:track)%00%(upstream:remotename)%00%(upstream:remoteref) refs/heads/main refs/remotes/main [1ms]
[2022-08-16T03:28:15.691Z] > git for-each-ref --sort -committerdate --format %(refname) %(objectname) %(*objectname) [8ms]
[2022-08-16T03:28:15.691Z] > git remote --verbose [1ms]
[2022-08-16T03:28:15.701Z] > git config --get commit.template [1ms]
[2022-08-16T03:28:15.894Z] > git config --local branch.main.github-pr-owner-number [29ms]
[2022-08-16T03:29:32.745Z] > git fetch [369ms]
[2022-08-16T03:29:32.758Z] > git status -z -uall [3ms]
[2022-08-16T03:29:32.768Z] > git symbolic-ref --short HEAD [1ms]
[2022-08-16T03:29:32.778Z] > git for-each-ref --format=%(refname)%00%(upstream:short)%00%(objectname)%00%(upstream:track)%00%(upstream:remotename)%00%(upstream:remoteref) refs/heads/main refs/remotes/main [1ms]
[2022-08-16T03:29:32.791Z] > git for-each-ref --sort -committerdate --format %(refname) %(objectname) %(*objectname) [7ms]
[2022-08-16T03:29:32.791Z] > git remote --verbose [1ms]
[2022-08-16T03:29:32.800Z] > git config --get commit.template [2ms]
[2022-08-16T03:32:40.649Z] > git status -z -uall [3ms]
[2022-08-16T03:32:40.658Z] > git symbolic-ref --short HEAD [1ms]
[2022-08-16T03:32:40.666Z] > git for-each-ref --format=%(refname)%00%(upstream:short)%00%(objectname)%00%(upstream:track)%00%(upstream:remotename)%00%(upstream:remoteref) refs/heads/main refs/remotes/main [1ms]
[2022-08-16T03:32:40.679Z] > git for-each-ref --sort -committerdate --format %(refname) %(objectname) %(*objectname) [8ms]
[2022-08-16T03:32:40.680Z] > git remote --verbose [1ms]
[2022-08-16T03:32:40.690Z] > git config --get commit.template [1ms]
[2022-08-16T03:32:40.825Z] > git ls-files --stage -- /workspace/FRONTFUNDATION/FRONTFUNDATION/src/app/admin/ninos-admin/ninos-admin.component.html [1ms]
[2022-08-16T03:32:40.833Z] > git cat-file -s e64445cfe4eeab926e82e516c5ec2681948a3904 [1ms]
[2022-08-16T03:32:40.909Z] > git fetch [273ms]
[2022-08-16T03:32:40.919Z] > git status -z -uall [2ms]
[2022-08-16T03:32:40.928Z] > git symbolic-ref --short HEAD [1ms]
[2022-08-16T03:32:40.934Z] > git for-each-ref --format=%(refname)%00%(upstream:short)%00%(objectname)%00%(upstream:track)%00%(upstream:remotename)%00%(upstream:remoteref) refs/heads/main refs/remotes/main [1ms]
[2022-08-16T03:32:40.950Z] > git for-each-ref --sort -committerdate --format %(refname) %(objectname) %(*objectname) [7ms]
[2022-08-16T03:32:40.950Z] > git remote --verbose [1ms]
[2022-08-16T03:32:40.961Z] > git config --get commit.template [1ms]
[2022-08-16T03:32:41.010Z] > git show --textconv :FRONTFUNDATION/src/app/admin/ninos-admin/ninos-admin.component.html [2ms]
