[2022-08-01 00:42:33.555] [exthost] [info] Extension host with pid 842 started
[2022-08-01 00:42:33.558] [exthost] [error] Error: EEXIST: file already exists, open '/workspace/.vscode-remote/data/User/workspaceStorage/25429c0/vscode.lock'
[2022-08-01 00:42:33.563] [exthost] [info] Lock '/workspace/.vscode-remote/data/User/workspaceStorage/25429c0/vscode.lock': Could not acquire lock, checking if the file is stale.
[2022-08-01 00:42:33.563] [exthost] [info] Lock '/workspace/.vscode-remote/data/User/workspaceStorage/25429c0/vscode.lock': The pid 909 appears to be gone.
[2022-08-01 00:42:33.563] [exthost] [info] Lock '/workspace/.vscode-remote/data/User/workspaceStorage/25429c0/vscode.lock': Deleting a stale lock.
[2022-08-01 00:42:33.566] [exthost] [info] Lock '/workspace/.vscode-remote/data/User/workspaceStorage/25429c0/vscode.lock': Lock acquired.
[2022-08-01 00:42:33.723] [exthost] [info] ExtensionService#_doActivateExtension gitpod.gitpod-web, startup: false, activationEvent: 'onAuthenticationRequest:gitpod'
[2022-08-01 00:42:33.863] [exthost] [info] ExtensionService#_doActivateExtension vscode.debug-auto-launch, startup: true, activationEvent: '*'
[2022-08-01 00:42:33.867] [exthost] [info] ExtensionService#_doActivateExtension vscode.git-base, startup: true, activationEvent: '*', root cause: vscode.git
[2022-08-01 00:42:33.870] [exthost] [info] ExtensionService#_doActivateExtension vscode.ipynb, startup: true, activationEvent: '*'
[2022-08-01 00:42:33.890] [exthost] [info] ExtensionService#_doActivateExtension vscode.github-authentication, startup: true, activationEvent: '*', root cause: GitHub.vscode-pull-request-github
[2022-08-01 00:42:34.047] [exthost] [info] ExtensionService#_doActivateExtension GitHub.vscode-pull-request-github, startup: true, activationEvent: '*'
[2022-08-01 00:42:34.150] [exthost] [info] ExtensionService#_doActivateExtension vscode.git, startup: true, activationEvent: '*'
[2022-08-01 00:42:34.241] [exthost] [info] ExtensionService#_doActivateExtension vscode.github, startup: true, activationEvent: '*'
[2022-08-01 00:42:35.785] [exthost] [info] ExtensionService#_doActivateExtension vscode.configuration-editing, startup: false, activationEvent: 'onLanguage:jsonc'
[2022-08-01 00:42:35.792] [exthost] [info] ExtensionService#_doActivateExtension vscode.json-language-features, startup: false, activationEvent: 'onLanguage:jsonc'
[2022-08-01 00:42:35.869] [exthost] [info] ExtensionService#_doActivateExtension vscode.typescript-language-features, startup: false, activationEvent: 'onLanguage:jsonc'
[2022-08-01 00:42:36.477] [exthost] [info] ExtensionService#_doActivateExtension vscode.emmet, startup: false, activationEvent: 'onStartupFinished'
[2022-08-01 00:42:36.499] [exthost] [info] ExtensionService#_doActivateExtension vscode.merge-conflict, startup: false, activationEvent: 'onStartupFinished'
[2022-08-01 00:42:36.504] [exthost] [info] Eager extensions activated
[2022-08-01 00:43:37.630] [exthost] [info] ExtensionService#_doActivateExtension vscode.css-language-features, startup: false, activationEvent: 'onLanguage:scss'
[2022-08-01 01:15:55.331] [exthost] [info] ExtensionService#_doActivateExtension vscode.html-language-features, startup: false, activationEvent: 'onLanguage:html'
[2022-08-01 01:25:43.318] [exthost] [info] Extension host terminating: received terminate message from renderer
[2022-08-01 01:25:43.319] [exthost] [info] Lock '/workspace/.vscode-remote/data/User/workspaceStorage/25429c0/vscode.lock': Marking the lockfile as scheduled to be released in 6000 ms.
[2022-08-01 01:25:43.356] [exthost] [info] Extension host with pid 842 exiting with code 0
