[2022-08-01T00:42:34.402Z] Log level: Info
[2022-08-01T00:42:34.405Z] [info] Validating found git in: git
[2022-08-01T00:42:34.423Z] [info] Using git 2.37.1 from git
[2022-08-01T00:42:34.451Z] > git rev-parse --show-toplevel [11ms]
[2022-08-01T00:42:34.467Z] > git rev-parse --git-dir --git-common-dir [3ms]
[2022-08-01T00:42:34.475Z] [info] Open repository: /workspace/FRONTFUNDATION
[2022-08-01T00:42:34.529Z] > git status -z -uall [38ms]
[2022-08-01T00:42:34.538Z] > git symbolic-ref --short HEAD [1ms]
[2022-08-01T00:42:34.549Z] > git for-each-ref --format=%(refname)%00%(upstream:short)%00%(objectname)%00%(upstream:track)%00%(upstream:remotename)%00%(upstream:remoteref) refs/heads/main refs/remotes/main [3ms]
[2022-08-01T00:42:34.563Z] > git remote --verbose [2ms]
[2022-08-01T00:42:34.564Z] > git for-each-ref --sort -committerdate --format %(refname) %(objectname) %(*objectname) [8ms]
[2022-08-01T00:42:34.576Z] > git config --get commit.template [3ms]
[2022-08-01T00:42:34.616Z] > git status -z -uall [33ms]
[2022-08-01T00:42:34.626Z] > git symbolic-ref --short HEAD [1ms]
[2022-08-01T00:42:34.632Z] > git for-each-ref --format=%(refname)%00%(upstream:short)%00%(objectname)%00%(upstream:track)%00%(upstream:remotename)%00%(upstream:remoteref) refs/heads/main refs/remotes/main [1ms]
[2022-08-01T00:42:34.643Z] > git for-each-ref --sort -committerdate --format %(refname) %(objectname) %(*objectname) [6ms]
[2022-08-01T00:42:34.644Z] > git remote --verbose [2ms]
[2022-08-01T00:42:34.663Z] > git config --get commit.template [5ms]
[2022-08-01T00:42:34.768Z] > git fetch [283ms]
[2022-08-01T00:42:34.809Z] > git status -z -uall [33ms]
[2022-08-01T00:42:34.819Z] > git symbolic-ref --short HEAD [1ms]
[2022-08-01T00:42:34.828Z] > git for-each-ref --format=%(refname)%00%(upstream:short)%00%(objectname)%00%(upstream:track)%00%(upstream:remotename)%00%(upstream:remoteref) refs/heads/main refs/remotes/main [3ms]
[2022-08-01T00:42:34.840Z] > git for-each-ref --sort -committerdate --format %(refname) %(objectname) %(*objectname) [6ms]
[2022-08-01T00:42:34.841Z] > git remote --verbose [2ms]
[2022-08-01T00:42:34.853Z] > git config --get commit.template [3ms]
[2022-08-01T00:42:35.316Z] > git check-ignore -v -z --stdin [1ms]
[2022-08-01T00:42:36.015Z] > git status -z -uall [54ms]
[2022-08-01T00:42:36.028Z] > git symbolic-ref --short HEAD [1ms]
[2022-08-01T00:42:36.040Z] > git for-each-ref --format=%(refname)%00%(upstream:short)%00%(objectname)%00%(upstream:track)%00%(upstream:remotename)%00%(upstream:remoteref) refs/heads/main refs/remotes/main [1ms]
[2022-08-01T00:42:36.068Z] > git remote --verbose [3ms]
[2022-08-01T00:42:36.068Z] > git for-each-ref --sort -committerdate --format %(refname) %(objectname) %(*objectname) [18ms]
[2022-08-01T00:42:36.090Z] > git config --get commit.template [1ms]
[2022-08-01T00:42:36.614Z] > git config --local branch.main.github-pr-owner-number [73ms]
[2022-08-01T00:43:37.140Z] > git check-ignore -v -z --stdin [2ms]
[2022-08-01T00:43:37.496Z] > git show --textconv HEAD:FRONTFUNDATION/src/app/components/navbar/navbar.component.scss [6ms]
[2022-08-01T00:43:37.497Z] > git ls-tree -l HEAD -- /workspace/FRONTFUNDATION/FRONTFUNDATION/src/app/components/navbar/navbar.component.scss [2ms]
[2022-08-01T00:43:38.009Z] > git check-ignore -v -z --stdin [1ms]
[2022-08-01T00:43:42.972Z] > git show --textconv :FRONTFUNDATION/src/app/components/navbar/navbar.component.scss [5ms]
[2022-08-01T00:43:42.974Z] > git ls-files --stage -- /workspace/FRONTFUNDATION/FRONTFUNDATION/src/app/components/navbar/navbar.component.scss [2ms]
[2022-08-01T00:43:42.982Z] > git cat-file -s b8772ff0e1e51f796152a347ed62ff9f182a8394 [1ms]
[2022-08-01T00:43:45.268Z] > git ls-tree -l HEAD -- /workspace/FRONTFUNDATION/FRONTFUNDATION/src/app/components/navbar/navbar.component.scss [3ms]
[2022-08-01T00:43:49.389Z] > git checkout -q -- /workspace/FRONTFUNDATION/FRONTFUNDATION/src/app/components/navbar/navbar.component.scss [2ms]
[2022-08-01T00:43:49.426Z] > git status -z -uall [32ms]
[2022-08-01T00:43:49.433Z] > git symbolic-ref --short HEAD [1ms]
[2022-08-01T00:43:49.439Z] > git for-each-ref --format=%(refname)%00%(upstream:short)%00%(objectname)%00%(upstream:track)%00%(upstream:remotename)%00%(upstream:remoteref) refs/heads/main refs/remotes/main [1ms]
[2022-08-01T00:43:49.448Z] > git for-each-ref --sort -committerdate --format %(refname) %(objectname) %(*objectname) [4ms]
[2022-08-01T00:43:49.449Z] > git remote --verbose [1ms]
[2022-08-01T00:43:49.458Z] > git config --get commit.template [1ms]
[2022-08-01T00:43:50.618Z] > git status -z -uall [36ms]
[2022-08-01T00:43:50.629Z] > git symbolic-ref --short HEAD [2ms]
[2022-08-01T00:43:50.640Z] > git for-each-ref --format=%(refname)%00%(upstream:short)%00%(objectname)%00%(upstream:track)%00%(upstream:remotename)%00%(upstream:remoteref) refs/heads/main refs/remotes/main [3ms]
[2022-08-01T00:43:50.657Z] > git for-each-ref --sort -committerdate --format %(refname) %(objectname) %(*objectname) [9ms]
[2022-08-01T00:43:50.658Z] > git remote --verbose [2ms]
[2022-08-01T00:43:50.668Z] > git config --get commit.template [0ms]
[2022-08-01T00:43:50.821Z] > git ls-tree -l HEAD -- /workspace/FRONTFUNDATION/FRONTFUNDATION/src/app/components/navbar/navbar.component.scss [2ms]
[2022-08-01T00:43:50.969Z] > git show --textconv HEAD:FRONTFUNDATION/src/app/components/navbar/navbar.component.scss [2ms]
[2022-08-01T00:43:52.737Z] > git check-ignore -v -z --stdin [1ms]
[2022-08-01T00:43:55.728Z] > git status -z -uall [48ms]
[2022-08-01T00:43:55.737Z] > git symbolic-ref --short HEAD [1ms]
[2022-08-01T00:43:55.745Z] > git for-each-ref --format=%(refname)%00%(upstream:short)%00%(objectname)%00%(upstream:track)%00%(upstream:remotename)%00%(upstream:remoteref) refs/heads/main refs/remotes/main [2ms]
[2022-08-01T00:43:55.765Z] > git for-each-ref --sort -committerdate --format %(refname) %(objectname) %(*objectname) [8ms]
[2022-08-01T00:43:55.766Z] > git remote --verbose [2ms]
[2022-08-01T00:43:55.781Z] > git config --get commit.template [1ms]
[2022-08-01T00:44:40.111Z] > git show --textconv :FRONTFUNDATION/src/app/components/navbar/navbar.component.scss [5ms]
[2022-08-01T00:44:40.112Z] > git ls-files --stage -- /workspace/FRONTFUNDATION/FRONTFUNDATION/src/app/components/navbar/navbar.component.scss [1ms]
[2022-08-01T00:44:40.118Z] > git cat-file -s b8772ff0e1e51f796152a347ed62ff9f182a8394 [1ms]
[2022-08-01T00:44:55.052Z] > git status -z -uall [32ms]
[2022-08-01T00:44:55.060Z] > git symbolic-ref --short HEAD [1ms]
[2022-08-01T00:44:55.066Z] > git for-each-ref --format=%(refname)%00%(upstream:short)%00%(objectname)%00%(upstream:track)%00%(upstream:remotename)%00%(upstream:remoteref) refs/heads/main refs/remotes/main [1ms]
[2022-08-01T00:44:55.075Z] > git for-each-ref --sort -committerdate --format %(refname) %(objectname) %(*objectname) [5ms]
[2022-08-01T00:44:55.076Z] > git remote --verbose [1ms]
[2022-08-01T00:44:55.084Z] > git config --get commit.template [1ms]
[2022-08-01T00:45:31.030Z] > git checkout -q -- /workspace/FRONTFUNDATION/FRONTFUNDATION/src/app/components/navbar/navbar.component.scss [2ms]
[2022-08-01T00:45:31.070Z] > git status -z -uall [33ms]
[2022-08-01T00:45:31.079Z] > git symbolic-ref --short HEAD [1ms]
[2022-08-01T00:45:31.086Z] > git for-each-ref --format=%(refname)%00%(upstream:short)%00%(objectname)%00%(upstream:track)%00%(upstream:remotename)%00%(upstream:remoteref) refs/heads/main refs/remotes/main [2ms]
[2022-08-01T00:45:31.097Z] > git for-each-ref --sort -committerdate --format %(refname) %(objectname) %(*objectname) [6ms]
[2022-08-01T00:45:31.097Z] > git remote --verbose [1ms]
[2022-08-01T00:45:31.105Z] > git config --get commit.template [1ms]
[2022-08-01T00:45:32.291Z] > git status -z -uall [67ms]
[2022-08-01T00:45:32.300Z] > git symbolic-ref --short HEAD [1ms]
[2022-08-01T00:45:32.306Z] > git for-each-ref --format=%(refname)%00%(upstream:short)%00%(objectname)%00%(upstream:track)%00%(upstream:remotename)%00%(upstream:remoteref) refs/heads/main refs/remotes/main [1ms]
[2022-08-01T00:45:32.317Z] > git remote --verbose [1ms]
[2022-08-01T00:45:32.317Z] > git for-each-ref --sort -committerdate --format %(refname) %(objectname) %(*objectname) [6ms]
[2022-08-01T00:45:32.326Z] > git config --get commit.template [1ms]
[2022-08-01T00:45:32.477Z] > git ls-files --stage -- /workspace/FRONTFUNDATION/FRONTFUNDATION/src/app/components/navbar/navbar.component.scss [2ms]
[2022-08-01T00:45:32.483Z] > git cat-file -s b8772ff0e1e51f796152a347ed62ff9f182a8394 [1ms]
[2022-08-01T00:45:32.636Z] > git show --textconv :FRONTFUNDATION/src/app/components/navbar/navbar.component.scss [1ms]
[2022-08-01T00:45:35.153Z] > git fetch [290ms]
[2022-08-01T00:45:35.194Z] > git status -z -uall [33ms]
[2022-08-01T00:45:35.203Z] > git symbolic-ref --short HEAD [1ms]
[2022-08-01T00:45:35.209Z] > git for-each-ref --format=%(refname)%00%(upstream:short)%00%(objectname)%00%(upstream:track)%00%(upstream:remotename)%00%(upstream:remoteref) refs/heads/main refs/remotes/main [1ms]
[2022-08-01T00:45:35.219Z] > git for-each-ref --sort -committerdate --format %(refname) %(objectname) %(*objectname) [5ms]
[2022-08-01T00:45:35.220Z] > git remote --verbose [1ms]
[2022-08-01T00:45:35.227Z] > git config --get commit.template [1ms]
[2022-08-01T00:45:36.578Z] > git ls-files --stage -- /workspace/FRONTFUNDATION/FRONTFUNDATION/src/app/components/navbar/navbar.component.scss [2ms]
[2022-08-01T00:45:36.583Z] > git cat-file -s b8772ff0e1e51f796152a347ed62ff9f182a8394 [1ms]
[2022-08-01T00:45:36.728Z] > git show --textconv :FRONTFUNDATION/src/app/components/navbar/navbar.component.scss [2ms]
[2022-08-01T00:45:37.368Z] > git status -z -uall [33ms]
[2022-08-01T00:45:37.376Z] > git symbolic-ref --short HEAD [1ms]
[2022-08-01T00:45:37.382Z] > git for-each-ref --format=%(refname)%00%(upstream:short)%00%(objectname)%00%(upstream:track)%00%(upstream:remotename)%00%(upstream:remoteref) refs/heads/main refs/remotes/main [1ms]
[2022-08-01T00:45:37.391Z] > git for-each-ref --sort -committerdate --format %(refname) %(objectname) %(*objectname) [5ms]
[2022-08-01T00:45:37.391Z] > git remote --verbose [0ms]
[2022-08-01T00:45:37.398Z] > git config --get commit.template [1ms]
[2022-08-01T00:45:42.442Z] > git status -z -uall [34ms]
[2022-08-01T00:45:42.450Z] > git symbolic-ref --short HEAD [1ms]
[2022-08-01T00:45:42.457Z] > git for-each-ref --format=%(refname)%00%(upstream:short)%00%(objectname)%00%(upstream:track)%00%(upstream:remotename)%00%(upstream:remoteref) refs/heads/main refs/remotes/main [1ms]
[2022-08-01T00:45:42.468Z] > git for-each-ref --sort -committerdate --format %(refname) %(objectname) %(*objectname) [6ms]
[2022-08-01T00:45:42.468Z] > git remote --verbose [1ms]
[2022-08-01T00:45:42.476Z] > git config --get commit.template [0ms]
[2022-08-01T00:45:58.821Z] > git status -z -uall [51ms]
[2022-08-01T00:45:58.830Z] > git symbolic-ref --short HEAD [1ms]
[2022-08-01T00:45:58.841Z] > git for-each-ref --format=%(refname)%00%(upstream:short)%00%(objectname)%00%(upstream:track)%00%(upstream:remotename)%00%(upstream:remoteref) refs/heads/main refs/remotes/main [2ms]
[2022-08-01T00:45:58.864Z] > git remote --verbose [2ms]
[2022-08-01T00:45:58.864Z] > git for-each-ref --sort -committerdate --format %(refname) %(objectname) %(*objectname) [12ms]
[2022-08-01T00:45:58.878Z] > git config --get commit.template [1ms]
[2022-08-01T00:46:42.895Z] > git show --textconv HEAD:FRONTFUNDATION/src/app/components/navbar/navbar.component.scss [10ms]
[2022-08-01T00:46:42.896Z] > git ls-tree -l HEAD -- /workspace/FRONTFUNDATION/FRONTFUNDATION/src/app/components/navbar/navbar.component.scss [2ms]
[2022-08-01T00:46:48.845Z] > git checkout -q -- /workspace/FRONTFUNDATION/FRONTFUNDATION/src/app/components/navbar/navbar.component.scss [3ms]
[2022-08-01T00:46:48.909Z] > git status -z -uall [53ms]
[2022-08-01T00:46:48.923Z] > git symbolic-ref --short HEAD [2ms]
[2022-08-01T00:46:48.934Z] > git for-each-ref --format=%(refname)%00%(upstream:short)%00%(objectname)%00%(upstream:track)%00%(upstream:remotename)%00%(upstream:remoteref) refs/heads/main refs/remotes/main [2ms]
[2022-08-01T00:46:48.967Z] > git for-each-ref --sort -committerdate --format %(refname) %(objectname) %(*objectname) [21ms]
[2022-08-01T00:46:48.968Z] > git remote --verbose [3ms]
[2022-08-01T00:46:48.980Z] > git config --get commit.template [1ms]
[2022-08-01T00:46:50.101Z] > git status -z -uall [54ms]
[2022-08-01T00:46:50.116Z] > git symbolic-ref --short HEAD [2ms]
[2022-08-01T00:46:50.130Z] > git for-each-ref --format=%(refname)%00%(upstream:short)%00%(objectname)%00%(upstream:track)%00%(upstream:remotename)%00%(upstream:remoteref) refs/heads/main refs/remotes/main [2ms]
[2022-08-01T00:46:50.155Z] > git for-each-ref --sort -committerdate --format %(refname) %(objectname) %(*objectname) [12ms]
[2022-08-01T00:46:50.156Z] > git remote --verbose [3ms]
[2022-08-01T00:46:50.175Z] > git config --get commit.template [2ms]
[2022-08-01T00:46:50.321Z] > git ls-tree -l HEAD -- /workspace/FRONTFUNDATION/FRONTFUNDATION/src/app/components/navbar/navbar.component.scss [2ms]
[2022-08-01T00:46:50.470Z] > git show --textconv HEAD:FRONTFUNDATION/src/app/components/navbar/navbar.component.scss [2ms]
[2022-08-01T00:46:55.233Z] > git status -z -uall [48ms]
[2022-08-01T00:46:55.246Z] > git symbolic-ref --short HEAD [2ms]
[2022-08-01T00:46:55.256Z] > git for-each-ref --format=%(refname)%00%(upstream:short)%00%(objectname)%00%(upstream:track)%00%(upstream:remotename)%00%(upstream:remoteref) refs/heads/main refs/remotes/main [2ms]
[2022-08-01T00:46:55.273Z] > git for-each-ref --sort -committerdate --format %(refname) %(objectname) %(*objectname) [8ms]
[2022-08-01T00:46:55.273Z] > git remote --verbose [1ms]
[2022-08-01T00:46:55.283Z] > git config --get commit.template [2ms]
[2022-08-01T00:46:56.352Z] > git show --textconv :FRONTFUNDATION/src/app/components/navbar/navbar.component.scss [7ms]
[2022-08-01T00:46:56.352Z] > git ls-files --stage -- /workspace/FRONTFUNDATION/FRONTFUNDATION/src/app/components/navbar/navbar.component.scss [2ms]
[2022-08-01T00:46:56.359Z] > git cat-file -s b8772ff0e1e51f796152a347ed62ff9f182a8394 [2ms]
[2022-08-01T00:47:39.921Z] > git status -z -uall [6ms]
[2022-08-01T00:47:39.928Z] > git symbolic-ref --short HEAD [1ms]
[2022-08-01T00:47:39.928Z] fatal: ref HEAD is not a symbolic ref
[2022-08-01T00:47:39.936Z] > git rev-parse HEAD [1ms]
[2022-08-01T00:47:39.949Z] > git for-each-ref --sort -committerdate --format %(refname) %(objectname) %(*objectname) [7ms]
[2022-08-01T00:47:39.949Z] > git remote --verbose [1ms]
[2022-08-01T00:47:40.009Z] > git config --get commit.template [1ms]
[2022-08-01T00:47:45.023Z] > git status -z -uall [4ms]
[2022-08-01T00:47:45.030Z] > git symbolic-ref --short HEAD [1ms]
[2022-08-01T00:47:45.030Z] fatal: ref HEAD is not a symbolic ref
[2022-08-01T00:47:45.041Z] > git rev-parse HEAD [1ms]
[2022-08-01T00:47:45.051Z] > git for-each-ref --sort -committerdate --format %(refname) %(objectname) %(*objectname) [5ms]
[2022-08-01T00:47:45.052Z] > git remote --verbose [1ms]
[2022-08-01T00:47:45.060Z] > git config --get commit.template [1ms]
[2022-08-01T00:48:35.493Z] > git fetch [258ms]
[2022-08-01T00:48:35.503Z] > git status -z -uall [4ms]
[2022-08-01T00:48:35.508Z] > git symbolic-ref --short HEAD [1ms]
[2022-08-01T00:48:35.508Z] fatal: ref HEAD is not a symbolic ref
[2022-08-01T00:48:35.513Z] > git rev-parse HEAD [1ms]
[2022-08-01T00:48:35.523Z] > git for-each-ref --sort -committerdate --format %(refname) %(objectname) %(*objectname) [6ms]
[2022-08-01T00:48:35.523Z] > git remote --verbose [2ms]
[2022-08-01T00:48:35.529Z] > git config --get commit.template [1ms]
[2022-08-01T00:48:36.682Z] > git status -z -uall [3ms]
[2022-08-01T00:48:36.688Z] > git symbolic-ref --short HEAD [1ms]
[2022-08-01T00:48:36.688Z] fatal: ref HEAD is not a symbolic ref
[2022-08-01T00:48:36.693Z] > git rev-parse HEAD [0ms]
[2022-08-01T00:48:36.702Z] > git for-each-ref --sort -committerdate --format %(refname) %(objectname) %(*objectname) [5ms]
[2022-08-01T00:48:36.703Z] > git remote --verbose [1ms]
[2022-08-01T00:48:36.709Z] > git config --get commit.template [1ms]
[2022-08-01T00:48:45.019Z] > git status -z -uall [3ms]
[2022-08-01T00:48:45.024Z] > git symbolic-ref --short HEAD [1ms]
[2022-08-01T00:48:45.025Z] fatal: ref HEAD is not a symbolic ref
[2022-08-01T00:48:45.030Z] > git rev-parse HEAD [1ms]
[2022-08-01T00:48:45.039Z] > git for-each-ref --sort -committerdate --format %(refname) %(objectname) %(*objectname) [5ms]
[2022-08-01T00:48:45.040Z] > git remote --verbose [1ms]
[2022-08-01T00:48:45.045Z] > git config --get commit.template [1ms]
[2022-08-01T00:49:47.870Z] > git checkout -q main [12ms]
[2022-08-01T00:49:47.881Z] > git status -z -uall [4ms]
[2022-08-01T00:49:47.887Z] > git symbolic-ref --short HEAD [1ms]
[2022-08-01T00:49:47.893Z] > git for-each-ref --format=%(refname)%00%(upstream:short)%00%(objectname)%00%(upstream:track)%00%(upstream:remotename)%00%(upstream:remoteref) refs/heads/main refs/remotes/main [2ms]
[2022-08-01T00:49:47.902Z] > git for-each-ref --sort -committerdate --format %(refname) %(objectname) %(*objectname) [5ms]
[2022-08-01T00:49:47.903Z] > git remote --verbose [1ms]
[2022-08-01T00:49:47.944Z] > git config --get commit.template [1ms]
[2022-08-01T00:49:48.117Z] > git config --local branch.main.github-pr-owner-number [18ms]
[2022-08-01T00:49:49.077Z] > git status -z -uall [4ms]
[2022-08-01T00:49:49.084Z] > git symbolic-ref --short HEAD [1ms]
[2022-08-01T00:49:49.090Z] > git for-each-ref --format=%(refname)%00%(upstream:short)%00%(objectname)%00%(upstream:track)%00%(upstream:remotename)%00%(upstream:remoteref) refs/heads/main refs/remotes/main [1ms]
[2022-08-01T00:49:49.100Z] > git for-each-ref --sort -committerdate --format %(refname) %(objectname) %(*objectname) [5ms]
[2022-08-01T00:49:49.100Z] > git remote --verbose [1ms]
[2022-08-01T00:49:49.106Z] > git config --get commit.template [1ms]
[2022-08-01T00:50:11.169Z] > git status -z -uall [4ms]
[2022-08-01T00:50:11.174Z] > git symbolic-ref --short HEAD [0ms]
[2022-08-01T00:50:11.180Z] > git for-each-ref --format=%(refname)%00%(upstream:short)%00%(objectname)%00%(upstream:track)%00%(upstream:remotename)%00%(upstream:remoteref) refs/heads/main refs/remotes/main [1ms]
[2022-08-01T00:50:11.189Z] > git for-each-ref --sort -committerdate --format %(refname) %(objectname) %(*objectname) [5ms]
[2022-08-01T00:50:11.189Z] > git remote --verbose [0ms]
[2022-08-01T00:50:11.195Z] > git config --get commit.template [0ms]
[2022-08-01T00:50:22.083Z] > git status -z -uall [4ms]
[2022-08-01T00:50:22.088Z] > git symbolic-ref --short HEAD [1ms]
[2022-08-01T00:50:22.094Z] > git for-each-ref --format=%(refname)%00%(upstream:short)%00%(objectname)%00%(upstream:track)%00%(upstream:remotename)%00%(upstream:remoteref) refs/heads/main refs/remotes/main [1ms]
[2022-08-01T00:50:22.102Z] > git for-each-ref --sort -committerdate --format %(refname) %(objectname) %(*objectname) [4ms]
[2022-08-01T00:50:22.103Z] > git remote --verbose [1ms]
[2022-08-01T00:50:22.110Z] > git config --get commit.template [0ms]
[2022-08-01T00:50:27.123Z] > git status -z -uall [4ms]
[2022-08-01T00:50:27.132Z] > git symbolic-ref --short HEAD [1ms]
[2022-08-01T00:50:27.139Z] > git for-each-ref --format=%(refname)%00%(upstream:short)%00%(objectname)%00%(upstream:track)%00%(upstream:remotename)%00%(upstream:remoteref) refs/heads/main refs/remotes/main [1ms]
[2022-08-01T00:50:27.149Z] > git for-each-ref --sort -committerdate --format %(refname) %(objectname) %(*objectname) [5ms]
[2022-08-01T00:50:27.149Z] > git remote --verbose [0ms]
[2022-08-01T00:50:27.156Z] > git config --get commit.template [1ms]
[2022-08-01T00:52:30.072Z] > git fetch [262ms]
[2022-08-01T00:52:30.082Z] > git status -z -uall [3ms]
[2022-08-01T00:52:30.089Z] > git symbolic-ref --short HEAD [1ms]
[2022-08-01T00:52:30.095Z] > git for-each-ref --format=%(refname)%00%(upstream:short)%00%(objectname)%00%(upstream:track)%00%(upstream:remotename)%00%(upstream:remoteref) refs/heads/main refs/remotes/main [1ms]
[2022-08-01T00:52:30.105Z] > git for-each-ref --sort -committerdate --format %(refname) %(objectname) %(*objectname) [5ms]
[2022-08-01T00:52:30.106Z] > git remote --verbose [2ms]
[2022-08-01T00:52:30.113Z] > git config --get commit.template [1ms]
[2022-08-01T00:52:33.192Z] > git status -z -uall [4ms]
[2022-08-01T00:52:33.202Z] > git symbolic-ref --short HEAD [1ms]
[2022-08-01T00:52:33.212Z] > git for-each-ref --format=%(refname)%00%(upstream:short)%00%(objectname)%00%(upstream:track)%00%(upstream:remotename)%00%(upstream:remoteref) refs/heads/main refs/remotes/main [1ms]
[2022-08-01T00:52:33.229Z] > git for-each-ref --sort -committerdate --format %(refname) %(objectname) %(*objectname) [9ms]
[2022-08-01T00:52:33.229Z] > git remote --verbose [1ms]
[2022-08-01T00:52:33.240Z] > git config --get commit.template [1ms]
[2022-08-01T00:52:38.253Z] > git status -z -uall [4ms]
[2022-08-01T00:52:38.262Z] > git symbolic-ref --short HEAD [1ms]
[2022-08-01T00:52:38.271Z] > git for-each-ref --format=%(refname)%00%(upstream:short)%00%(objectname)%00%(upstream:track)%00%(upstream:remotename)%00%(upstream:remoteref) refs/heads/main refs/remotes/main [1ms]
[2022-08-01T00:52:38.289Z] > git for-each-ref --sort -committerdate --format %(refname) %(objectname) %(*objectname) [10ms]
[2022-08-01T00:52:38.289Z] > git remote --verbose [2ms]
[2022-08-01T00:52:38.299Z] > git config --get commit.template [1ms]
[2022-08-01T00:53:25.173Z] > git status -z -uall [4ms]
[2022-08-01T00:53:25.179Z] > git symbolic-ref --short HEAD [1ms]
[2022-08-01T00:53:25.185Z] > git for-each-ref --format=%(refname)%00%(upstream:short)%00%(objectname)%00%(upstream:track)%00%(upstream:remotename)%00%(upstream:remoteref) refs/heads/main refs/remotes/main [1ms]
[2022-08-01T00:53:25.196Z] > git for-each-ref --sort -committerdate --format %(refname) %(objectname) %(*objectname) [6ms]
[2022-08-01T00:53:25.197Z] > git remote --verbose [1ms]
[2022-08-01T00:53:25.243Z] > git config --get commit.template [2ms]
[2022-08-01T00:53:25.407Z] > git config --local branch.main.github-pr-owner-number [18ms]
[2022-08-01T00:54:16.950Z] > git status -z -uall [2ms]
[2022-08-01T00:54:16.956Z] > git symbolic-ref --short HEAD [0ms]
[2022-08-01T00:54:16.962Z] > git for-each-ref --format=%(refname)%00%(upstream:short)%00%(objectname)%00%(upstream:track)%00%(upstream:remotename)%00%(upstream:remoteref) refs/heads/main refs/remotes/main [1ms]
[2022-08-01T00:54:16.972Z] > git for-each-ref --sort -committerdate --format %(refname) %(objectname) %(*objectname) [4ms]
[2022-08-01T00:54:16.972Z] > git remote --verbose [1ms]
[2022-08-01T00:54:16.978Z] > git config --get commit.template [0ms]
[2022-08-01T00:54:23.335Z] > git status -z -uall [2ms]
[2022-08-01T00:54:23.340Z] > git symbolic-ref --short HEAD [1ms]
[2022-08-01T00:54:23.346Z] > git for-each-ref --format=%(refname)%00%(upstream:short)%00%(objectname)%00%(upstream:track)%00%(upstream:remotename)%00%(upstream:remoteref) refs/heads/main refs/remotes/main [1ms]
[2022-08-01T00:54:23.355Z] > git for-each-ref --sort -committerdate --format %(refname) %(objectname) %(*objectname) [4ms]
[2022-08-01T00:54:23.356Z] > git remote --verbose [1ms]
[2022-08-01T00:54:23.362Z] > git config --get commit.template [1ms]
[2022-08-01T00:55:30.392Z] > git fetch [270ms]
[2022-08-01T00:55:30.401Z] > git status -z -uall [2ms]
[2022-08-01T00:55:30.407Z] > git symbolic-ref --short HEAD [1ms]
[2022-08-01T00:55:30.413Z] > git for-each-ref --format=%(refname)%00%(upstream:short)%00%(objectname)%00%(upstream:track)%00%(upstream:remotename)%00%(upstream:remoteref) refs/heads/main refs/remotes/main [1ms]
[2022-08-01T00:55:30.422Z] > git for-each-ref --sort -committerdate --format %(refname) %(objectname) %(*objectname) [5ms]
[2022-08-01T00:55:30.422Z] > git remote --verbose [1ms]
[2022-08-01T00:55:30.429Z] > git config --get commit.template [1ms]
[2022-08-01T00:55:31.581Z] > git status -z -uall [2ms]
[2022-08-01T00:55:31.587Z] > git symbolic-ref --short HEAD [1ms]
[2022-08-01T00:55:31.594Z] > git for-each-ref --format=%(refname)%00%(upstream:short)%00%(objectname)%00%(upstream:track)%00%(upstream:remotename)%00%(upstream:remoteref) refs/heads/main refs/remotes/main [2ms]
[2022-08-01T00:55:31.603Z] > git for-each-ref --sort -committerdate --format %(refname) %(objectname) %(*objectname) [4ms]
[2022-08-01T00:55:31.604Z] > git remote --verbose [1ms]
[2022-08-01T00:55:31.610Z] > git config --get commit.template [1ms]
[2022-08-01T01:00:27.337Z] > git fetch [278ms]
[2022-08-01T01:00:27.345Z] > git status -z -uall [1ms]
[2022-08-01T01:00:27.351Z] > git symbolic-ref --short HEAD [1ms]
[2022-08-01T01:00:27.356Z] > git for-each-ref --format=%(refname)%00%(upstream:short)%00%(objectname)%00%(upstream:track)%00%(upstream:remotename)%00%(upstream:remoteref) refs/heads/main refs/remotes/main [1ms]
[2022-08-01T01:00:27.365Z] > git for-each-ref --sort -committerdate --format %(refname) %(objectname) %(*objectname) [5ms]
[2022-08-01T01:00:27.365Z] > git remote --verbose [1ms]
[2022-08-01T01:00:27.372Z] > git config --get commit.template [1ms]
[2022-08-01T01:00:28.526Z] > git status -z -uall [2ms]
[2022-08-01T01:00:28.532Z] > git symbolic-ref --short HEAD [1ms]
[2022-08-01T01:00:28.538Z] > git for-each-ref --format=%(refname)%00%(upstream:short)%00%(objectname)%00%(upstream:track)%00%(upstream:remotename)%00%(upstream:remoteref) refs/heads/main refs/remotes/main [1ms]
[2022-08-01T01:00:28.548Z] > git for-each-ref --sort -committerdate --format %(refname) %(objectname) %(*objectname) [5ms]
[2022-08-01T01:00:28.549Z] > git remote --verbose [1ms]
[2022-08-01T01:00:28.556Z] > git config --get commit.template [1ms]
[2022-08-01T01:01:47.246Z] > git status -z -uall [2ms]
[2022-08-01T01:01:47.252Z] > git symbolic-ref --short HEAD [1ms]
[2022-08-01T01:01:47.257Z] > git for-each-ref --format=%(refname)%00%(upstream:short)%00%(objectname)%00%(upstream:track)%00%(upstream:remotename)%00%(upstream:remoteref) refs/heads/main refs/remotes/main [1ms]
[2022-08-01T01:01:47.267Z] > git for-each-ref --sort -committerdate --format %(refname) %(objectname) %(*objectname) [6ms]
[2022-08-01T01:01:47.267Z] > git remote --verbose [1ms]
[2022-08-01T01:01:47.275Z] > git config --get commit.template [1ms]
[2022-08-01T01:01:47.447Z] > git config --local branch.main.github-pr-owner-number [28ms]
[2022-08-01T01:08:31.444Z] > git status -z -uall [3ms]
[2022-08-01T01:08:31.452Z] > git symbolic-ref --short HEAD [1ms]
[2022-08-01T01:08:31.459Z] > git for-each-ref --format=%(refname)%00%(upstream:short)%00%(objectname)%00%(upstream:track)%00%(upstream:remotename)%00%(upstream:remoteref) refs/heads/main refs/remotes/main [1ms]
[2022-08-01T01:08:31.472Z] > git for-each-ref --sort -committerdate --format %(refname) %(objectname) %(*objectname) [7ms]
[2022-08-01T01:08:31.472Z] > git remote --verbose [2ms]
[2022-08-01T01:08:31.484Z] > git config --get commit.template [1ms]
[2022-08-01T01:08:31.852Z] > git fetch [416ms]
[2022-08-01T01:08:31.852Z] From https://github.com/FundationSemillas/FRONTFUNDATION
   ebc63da..a5eff15  emily      -> origin/emily
[2022-08-01T01:08:31.862Z] > git status -z -uall [3ms]
[2022-08-01T01:08:31.868Z] > git symbolic-ref --short HEAD [1ms]
[2022-08-01T01:08:31.874Z] > git for-each-ref --format=%(refname)%00%(upstream:short)%00%(objectname)%00%(upstream:track)%00%(upstream:remotename)%00%(upstream:remoteref) refs/heads/main refs/remotes/main [2ms]
[2022-08-01T01:08:31.884Z] > git for-each-ref --sort -committerdate --format %(refname) %(objectname) %(*objectname) [5ms]
[2022-08-01T01:08:31.885Z] > git remote --verbose [1ms]
[2022-08-01T01:08:31.892Z] > git config --get commit.template [1ms]
[2022-08-01T01:08:47.204Z] > git status -z -uall [2ms]
[2022-08-01T01:08:47.209Z] > git symbolic-ref --short HEAD [1ms]
[2022-08-01T01:08:47.215Z] > git for-each-ref --format=%(refname)%00%(upstream:short)%00%(objectname)%00%(upstream:track)%00%(upstream:remotename)%00%(upstream:remoteref) refs/heads/main refs/remotes/main [1ms]
[2022-08-01T01:08:47.224Z] > git for-each-ref --sort -committerdate --format %(refname) %(objectname) %(*objectname) [5ms]
[2022-08-01T01:08:47.224Z] > git remote --verbose [1ms]
[2022-08-01T01:08:47.230Z] > git config --get commit.template [1ms]
[2022-08-01T01:10:12.007Z] > git status -z -uall [4ms]
[2022-08-01T01:10:12.013Z] > git symbolic-ref --short HEAD [1ms]
[2022-08-01T01:10:12.018Z] > git for-each-ref --format=%(refname)%00%(upstream:short)%00%(objectname)%00%(upstream:track)%00%(upstream:remotename)%00%(upstream:remoteref) refs/heads/main refs/remotes/main [1ms]
[2022-08-01T01:10:12.027Z] > git for-each-ref --sort -committerdate --format %(refname) %(objectname) %(*objectname) [5ms]
[2022-08-01T01:10:12.027Z] > git remote --verbose [1ms]
[2022-08-01T01:10:12.064Z] > git config --get commit.template [1ms]
[2022-08-01T01:10:12.219Z] > git config --local branch.main.github-pr-owner-number [15ms]
[2022-08-01T01:13:52.866Z] > git fetch [269ms]
[2022-08-01T01:13:52.878Z] > git status -z -uall [3ms]
[2022-08-01T01:13:52.884Z] > git symbolic-ref --short HEAD [1ms]
[2022-08-01T01:13:52.890Z] > git for-each-ref --format=%(refname)%00%(upstream:short)%00%(objectname)%00%(upstream:track)%00%(upstream:remotename)%00%(upstream:remoteref) refs/heads/main refs/remotes/main [1ms]
[2022-08-01T01:13:52.898Z] > git for-each-ref --sort -committerdate --format %(refname) %(objectname) %(*objectname) [4ms]
[2022-08-01T01:13:52.899Z] > git remote --verbose [1ms]
[2022-08-01T01:13:52.905Z] > git config --get commit.template [1ms]
[2022-08-01T01:13:54.058Z] > git status -z -uall [4ms]
[2022-08-01T01:13:54.064Z] > git symbolic-ref --short HEAD [1ms]
[2022-08-01T01:13:54.070Z] > git for-each-ref --format=%(refname)%00%(upstream:short)%00%(objectname)%00%(upstream:track)%00%(upstream:remotename)%00%(upstream:remoteref) refs/heads/main refs/remotes/main [2ms]
[2022-08-01T01:13:54.079Z] > git for-each-ref --sort -committerdate --format %(refname) %(objectname) %(*objectname) [5ms]
[2022-08-01T01:13:54.080Z] > git remote --verbose [1ms]
[2022-08-01T01:13:54.086Z] > git config --get commit.template [1ms]
[2022-08-01T01:14:38.746Z] > git status -z -uall [2ms]
[2022-08-01T01:14:38.752Z] > git symbolic-ref --short HEAD [1ms]
[2022-08-01T01:14:38.758Z] > git for-each-ref --format=%(refname)%00%(upstream:short)%00%(objectname)%00%(upstream:track)%00%(upstream:remotename)%00%(upstream:remoteref) refs/heads/main refs/remotes/main [2ms]
[2022-08-01T01:14:38.767Z] > git for-each-ref --sort -committerdate --format %(refname) %(objectname) %(*objectname) [5ms]
[2022-08-01T01:14:38.767Z] > git remote --verbose [0ms]
[2022-08-01T01:14:38.815Z] > git config --get commit.template [1ms]
[2022-08-01T01:14:38.973Z] > git config --local branch.main.github-pr-owner-number [16ms]
[2022-08-01T01:15:26.810Z] > git check-ignore -v -z --stdin [1ms]
[2022-08-01T01:15:30.129Z] > git show --textconv :FRONTFUNDATION/src/app/app.component.scss [6ms]
[2022-08-01T01:15:30.130Z] > git ls-files --stage -- /workspace/FRONTFUNDATION/FRONTFUNDATION/src/app/app.component.scss [2ms]
[2022-08-01T01:15:30.137Z] > git cat-file -s e69de29bb2d1d6434b8b29ae775ad8c2e48c5391 [1ms]
[2022-08-01T01:15:38.817Z] > git show --textconv :FRONTFUNDATION/src/app/components/navbar/navbar.component.scss [5ms]
[2022-08-01T01:15:38.818Z] > git ls-files --stage -- /workspace/FRONTFUNDATION/FRONTFUNDATION/src/app/components/navbar/navbar.component.scss [1ms]
[2022-08-01T01:15:38.823Z] > git cat-file -s 701fc201d3a3e7fd402b46c7f3137510b8aaff5b [0ms]
[2022-08-01T01:15:55.684Z] > git show --textconv :FRONTFUNDATION/src/app/components/navbar/navbar.component.html [6ms]
[2022-08-01T01:15:55.685Z] > git ls-files --stage -- /workspace/FRONTFUNDATION/FRONTFUNDATION/src/app/components/navbar/navbar.component.html [1ms]
[2022-08-01T01:15:55.691Z] > git cat-file -s 08b996f964bca4197d85026e6b1d5f8d342e36f0 [2ms]
[2022-08-01T01:16:29.565Z] > git show --textconv :FRONTFUNDATION/src/app/components/navbar/navbar.component.scss [6ms]
[2022-08-01T01:16:29.566Z] > git ls-files --stage -- /workspace/FRONTFUNDATION/FRONTFUNDATION/src/app/components/navbar/navbar.component.scss [1ms]
[2022-08-01T01:16:29.572Z] > git cat-file -s 701fc201d3a3e7fd402b46c7f3137510b8aaff5b [1ms]
[2022-08-01T01:17:51.269Z] > git fetch [269ms]
[2022-08-01T01:17:51.282Z] > git status -z -uall [2ms]
[2022-08-01T01:17:51.289Z] > git symbolic-ref --short HEAD [1ms]
[2022-08-01T01:17:51.298Z] > git for-each-ref --format=%(refname)%00%(upstream:short)%00%(objectname)%00%(upstream:track)%00%(upstream:remotename)%00%(upstream:remoteref) refs/heads/main refs/remotes/main [2ms]
[2022-08-01T01:17:51.314Z] > git for-each-ref --sort -committerdate --format %(refname) %(objectname) %(*objectname) [8ms]
[2022-08-01T01:17:51.315Z] > git remote --verbose [2ms]
[2022-08-01T01:17:51.325Z] > git config --get commit.template [1ms]
[2022-08-01T01:17:52.460Z] > git status -z -uall [3ms]
[2022-08-01T01:17:52.467Z] > git symbolic-ref --short HEAD [0ms]
[2022-08-01T01:17:52.475Z] > git for-each-ref --format=%(refname)%00%(upstream:short)%00%(objectname)%00%(upstream:track)%00%(upstream:remotename)%00%(upstream:remoteref) refs/heads/main refs/remotes/main [1ms]
[2022-08-01T01:17:52.494Z] > git for-each-ref --sort -committerdate --format %(refname) %(objectname) %(*objectname) [11ms]
[2022-08-01T01:17:52.494Z] > git remote --verbose [1ms]
[2022-08-01T01:17:52.509Z] > git config --get commit.template [1ms]
[2022-08-01T01:17:52.702Z] > git ls-files --stage -- /workspace/FRONTFUNDATION/FRONTFUNDATION/src/app/components/navbar/navbar.component.scss [1ms]
[2022-08-01T01:17:52.709Z] > git cat-file -s 701fc201d3a3e7fd402b46c7f3137510b8aaff5b [1ms]
[2022-08-01T01:17:52.852Z] > git show --textconv :FRONTFUNDATION/src/app/components/navbar/navbar.component.scss [2ms]
[2022-08-01T01:18:46.871Z] > git status -z -uall [3ms]
[2022-08-01T01:18:46.884Z] > git symbolic-ref --short HEAD [2ms]
[2022-08-01T01:18:46.897Z] > git for-each-ref --format=%(refname)%00%(upstream:short)%00%(objectname)%00%(upstream:track)%00%(upstream:remotename)%00%(upstream:remoteref) refs/heads/main refs/remotes/main [2ms]
[2022-08-01T01:18:46.920Z] > git for-each-ref --sort -committerdate --format %(refname) %(objectname) %(*objectname) [9ms]
[2022-08-01T01:18:46.920Z] > git remote --verbose [1ms]
[2022-08-01T01:18:46.934Z] > git config --get commit.template [2ms]
[2022-08-01T01:18:50.400Z] > git show --textconv HEAD:FRONTFUNDATION/src/app/components/navbar/navbar.component.scss [8ms]
[2022-08-01T01:18:50.401Z] > git ls-tree -l HEAD -- /workspace/FRONTFUNDATION/FRONTFUNDATION/src/app/components/navbar/navbar.component.scss [2ms]
[2022-08-01T01:18:51.953Z] > git status -z -uall [3ms]
[2022-08-01T01:18:51.969Z] > git symbolic-ref --short HEAD [2ms]
[2022-08-01T01:18:51.984Z] > git for-each-ref --format=%(refname)%00%(upstream:short)%00%(objectname)%00%(upstream:track)%00%(upstream:remotename)%00%(upstream:remoteref) refs/heads/main refs/remotes/main [2ms]
[2022-08-01T01:18:52.009Z] > git for-each-ref --sort -committerdate --format %(refname) %(objectname) %(*objectname) [14ms]
[2022-08-01T01:18:52.009Z] > git remote --verbose [1ms]
[2022-08-01T01:18:52.026Z] > git config --get commit.template [1ms]
[2022-08-01T01:18:59.505Z] > git show --textconv :FRONTFUNDATION/src/app/components/navbar/navbar.component.scss [12ms]
[2022-08-01T01:18:59.507Z] > git ls-files --stage -- /workspace/FRONTFUNDATION/FRONTFUNDATION/src/app/components/navbar/navbar.component.scss [2ms]
[2022-08-01T01:18:59.519Z] > git cat-file -s 701fc201d3a3e7fd402b46c7f3137510b8aaff5b [2ms]
[2022-08-01T01:18:59.924Z] > git ls-tree -l HEAD -- /workspace/FRONTFUNDATION/FRONTFUNDATION/src/app/components/navbar/navbar.component.scss [4ms]
[2022-08-01T01:19:02.426Z] > git checkout -q -- /workspace/FRONTFUNDATION/FRONTFUNDATION/src/app/components/navbar/navbar.component.scss [4ms]
[2022-08-01T01:19:02.438Z] > git status -z -uall [3ms]
[2022-08-01T01:19:02.453Z] > git symbolic-ref --short HEAD [2ms]
[2022-08-01T01:19:02.467Z] > git for-each-ref --format=%(refname)%00%(upstream:short)%00%(objectname)%00%(upstream:track)%00%(upstream:remotename)%00%(upstream:remoteref) refs/heads/main refs/remotes/main [1ms]
[2022-08-01T01:19:02.484Z] > git for-each-ref --sort -committerdate --format %(refname) %(objectname) %(*objectname) [9ms]
[2022-08-01T01:19:02.485Z] > git remote --verbose [3ms]
[2022-08-01T01:19:02.496Z] > git config --get commit.template [2ms]
[2022-08-01T01:19:03.629Z] > git status -z -uall [3ms]
[2022-08-01T01:19:03.646Z] > git symbolic-ref --short HEAD [1ms]
[2022-08-01T01:19:03.658Z] > git for-each-ref --format=%(refname)%00%(upstream:short)%00%(objectname)%00%(upstream:track)%00%(upstream:remotename)%00%(upstream:remoteref) refs/heads/main refs/remotes/main [2ms]
[2022-08-01T01:19:03.684Z] > git for-each-ref --sort -committerdate --format %(refname) %(objectname) %(*objectname) [12ms]
[2022-08-01T01:19:03.684Z] > git remote --verbose [1ms]
[2022-08-01T01:19:03.701Z] > git config --get commit.template [1ms]
[2022-08-01T01:19:03.860Z] > git ls-tree -l HEAD -- /workspace/FRONTFUNDATION/FRONTFUNDATION/src/app/components/navbar/navbar.component.scss [2ms]
[2022-08-01T01:19:04.012Z] > git show --textconv HEAD:FRONTFUNDATION/src/app/components/navbar/navbar.component.scss [3ms]
[2022-08-01T01:19:09.054Z] > git ls-tree -l HEAD -- /workspace/FRONTFUNDATION/FRONTFUNDATION/src/app/components/navbar/navbar.component.scss [12ms]
[2022-08-01T01:19:09.056Z] > git status -z -uall [3ms]
[2022-08-01T01:19:09.072Z] > git symbolic-ref --short HEAD [3ms]
[2022-08-01T01:19:09.086Z] > git for-each-ref --format=%(refname)%00%(upstream:short)%00%(objectname)%00%(upstream:track)%00%(upstream:remotename)%00%(upstream:remoteref) refs/heads/main refs/remotes/main [2ms]
[2022-08-01T01:19:09.112Z] > git for-each-ref --sort -committerdate --format %(refname) %(objectname) %(*objectname) [14ms]
[2022-08-01T01:19:09.113Z] > git remote --verbose [2ms]
[2022-08-01T01:19:09.124Z] > git config --get commit.template [2ms]
[2022-08-01T01:19:11.531Z] > git show --textconv :FRONTFUNDATION/src/app/components/navbar/navbar.component.scss [10ms]
[2022-08-01T01:19:11.532Z] > git ls-files --stage -- /workspace/FRONTFUNDATION/FRONTFUNDATION/src/app/components/navbar/navbar.component.scss [2ms]
[2022-08-01T01:19:11.547Z] > git cat-file -s 701fc201d3a3e7fd402b46c7f3137510b8aaff5b [1ms]
[2022-08-01T01:19:15.538Z] > git status -z -uall [4ms]
[2022-08-01T01:19:15.552Z] > git symbolic-ref --short HEAD [2ms]
[2022-08-01T01:19:15.565Z] > git for-each-ref --format=%(refname)%00%(upstream:short)%00%(objectname)%00%(upstream:track)%00%(upstream:remotename)%00%(upstream:remoteref) refs/heads/main refs/remotes/main [2ms]
[2022-08-01T01:19:15.585Z] > git for-each-ref --sort -committerdate --format %(refname) %(objectname) %(*objectname) [12ms]
[2022-08-01T01:19:15.585Z] > git remote --verbose [3ms]
[2022-08-01T01:19:15.600Z] > git config --get commit.template [1ms]
[2022-08-01T01:19:20.947Z] > git checkout -q feature/navbar-changes [18ms]
[2022-08-01T01:19:20.964Z] > git status -z -uall [6ms]
[2022-08-01T01:19:20.973Z] > git symbolic-ref --short HEAD [1ms]
[2022-08-01T01:19:20.982Z] > git for-each-ref --format=%(refname)%00%(upstream:short)%00%(objectname)%00%(upstream:track)%00%(upstream:remotename)%00%(upstream:remoteref) refs/heads/feature/navbar-changes refs/remotes/feature/navbar-changes [2ms]
[2022-08-01T01:19:20.998Z] > git for-each-ref --sort -committerdate --format %(refname) %(objectname) %(*objectname) [8ms]
[2022-08-01T01:19:20.998Z] > git remote --verbose [1ms]
[2022-08-01T01:19:21.064Z] > git config --get commit.template [2ms]
[2022-08-01T01:19:21.237Z] > git config --local branch.feature/navbar-changes.github-pr-owner-number [24ms]
[2022-08-01T01:19:21.591Z] > git config --local branch.feature/navbar-changes.github-pr-owner-number FundationSemillas#FRONTFUNDATION#2 [2ms]
[2022-08-01T01:19:21.605Z] > git status -z -uall [5ms]
[2022-08-01T01:19:21.614Z] > git symbolic-ref --short HEAD [1ms]
[2022-08-01T01:19:21.623Z] > git for-each-ref --format=%(refname)%00%(upstream:short)%00%(objectname)%00%(upstream:track)%00%(upstream:remotename)%00%(upstream:remoteref) refs/heads/feature/navbar-changes refs/remotes/feature/navbar-changes [2ms]
[2022-08-01T01:19:21.638Z] > git for-each-ref --sort -committerdate --format %(refname) %(objectname) %(*objectname) [8ms]
[2022-08-01T01:19:21.638Z] > git remote --verbose [2ms]
[2022-08-01T01:19:21.648Z] > git config --get commit.template [1ms]
[2022-08-01T01:19:22.233Z] > git fetch origin feature/navbar-changes [299ms]
[2022-08-01T01:19:22.233Z] fatal: couldn't find remote ref feature/navbar-changes
[2022-08-01T01:19:22.788Z] > git status -z -uall [4ms]
[2022-08-01T01:19:22.797Z] > git symbolic-ref --short HEAD [1ms]
[2022-08-01T01:19:22.809Z] > git for-each-ref --format=%(refname)%00%(upstream:short)%00%(objectname)%00%(upstream:track)%00%(upstream:remotename)%00%(upstream:remoteref) refs/heads/feature/navbar-changes refs/remotes/feature/navbar-changes [2ms]
[2022-08-01T01:19:22.827Z] > git for-each-ref --sort -committerdate --format %(refname) %(objectname) %(*objectname) [7ms]
[2022-08-01T01:19:22.828Z] > git remote --verbose [2ms]
[2022-08-01T01:19:22.838Z] > git config --get commit.template [2ms]
[2022-08-01T01:19:23.369Z] > git ls-files --stage -- /workspace/FRONTFUNDATION/FRONTFUNDATION/src/app/components/navbar/navbar.component.scss [2ms]
[2022-08-01T01:19:23.379Z] > git cat-file -s bca9f9362d164de0fcb834afccad5dc00ae7632f [1ms]
[2022-08-01T01:19:23.529Z] > git show --textconv :FRONTFUNDATION/src/app/components/navbar/navbar.component.scss [3ms]
[2022-08-01T01:19:27.859Z] > git status -z -uall [6ms]
[2022-08-01T01:19:27.871Z] > git symbolic-ref --short HEAD [2ms]
[2022-08-01T01:19:27.886Z] > git for-each-ref --format=%(refname)%00%(upstream:short)%00%(objectname)%00%(upstream:track)%00%(upstream:remotename)%00%(upstream:remoteref) refs/heads/feature/navbar-changes refs/remotes/feature/navbar-changes [1ms]
[2022-08-01T01:19:27.910Z] > git for-each-ref --sort -committerdate --format %(refname) %(objectname) %(*objectname) [12ms]
[2022-08-01T01:19:27.911Z] > git remote --verbose [2ms]
[2022-08-01T01:19:27.928Z] > git config --get commit.template [2ms]
[2022-08-01T01:20:22.105Z] > git status -z -uall [4ms]
[2022-08-01T01:20:22.113Z] > git symbolic-ref --short HEAD [1ms]
[2022-08-01T01:20:22.120Z] > git for-each-ref --format=%(refname)%00%(upstream:short)%00%(objectname)%00%(upstream:track)%00%(upstream:remotename)%00%(upstream:remoteref) refs/heads/feature/navbar-changes refs/remotes/feature/navbar-changes [2ms]
[2022-08-01T01:20:22.132Z] > git for-each-ref --sort -committerdate --format %(refname) %(objectname) %(*objectname) [6ms]
[2022-08-01T01:20:22.133Z] > git remote --verbose [2ms]
[2022-08-01T01:20:22.176Z] > git config --get commit.template [1ms]
[2022-08-01T01:20:22.342Z] > git config --local branch.feature/navbar-changes.github-pr-owner-number [23ms]
[2022-08-01T01:20:22.366Z] > git status -z -uall [17ms]
[2022-08-01T01:20:22.392Z] > git symbolic-ref --short HEAD [20ms]
[2022-08-01T01:20:22.406Z] > git ls-files --stage -- /workspace/FRONTFUNDATION/FRONTFUNDATION/src/app/components/navbar/navbar.component.scss [14ms]
[2022-08-01T01:20:22.412Z] > git for-each-ref --format=%(refname)%00%(upstream:short)%00%(objectname)%00%(upstream:track)%00%(upstream:remotename)%00%(upstream:remoteref) refs/heads/feature/navbar-changes refs/remotes/feature/navbar-changes [15ms]
[2022-08-01T01:20:22.426Z] > git for-each-ref --sort -committerdate --format %(refname) %(objectname) %(*objectname) [9ms]
[2022-08-01T01:20:22.427Z] > git cat-file -s 701fc201d3a3e7fd402b46c7f3137510b8aaff5b [16ms]
[2022-08-01T01:20:22.428Z] > git remote --verbose [7ms]
[2022-08-01T01:20:22.435Z] > git config --get commit.template [1ms]
[2022-08-01T01:20:22.577Z] > git show --textconv :FRONTFUNDATION/src/app/components/navbar/navbar.component.scss [1ms]
[2022-08-01T01:20:33.673Z] > git status -z -uall [4ms]
[2022-08-01T01:20:33.680Z] > git symbolic-ref --short HEAD [1ms]
[2022-08-01T01:20:33.686Z] > git for-each-ref --format=%(refname)%00%(upstream:short)%00%(objectname)%00%(upstream:track)%00%(upstream:remotename)%00%(upstream:remoteref) refs/heads/feature/navbar-changes refs/remotes/feature/navbar-changes [2ms]
[2022-08-01T01:20:33.696Z] > git for-each-ref --sort -committerdate --format %(refname) %(objectname) %(*objectname) [5ms]
[2022-08-01T01:20:33.696Z] > git remote --verbose [1ms]
[2022-08-01T01:20:33.703Z] > git config --get commit.template [1ms]
[2022-08-01T01:20:33.905Z] > git ls-files --stage -- /workspace/FRONTFUNDATION/FRONTFUNDATION/src/app/components/navbar/navbar.component.scss [1ms]
[2022-08-01T01:20:33.915Z] > git cat-file -s 701fc201d3a3e7fd402b46c7f3137510b8aaff5b [1ms]
[2022-08-01T01:20:34.060Z] > git show --textconv :FRONTFUNDATION/src/app/components/navbar/navbar.component.scss [1ms]
[2022-08-01T01:20:38.717Z] > git checkout -q main [6ms]
[2022-08-01T01:20:38.725Z] > git status -z -uall [2ms]
[2022-08-01T01:20:38.731Z] > git symbolic-ref --short HEAD [1ms]
[2022-08-01T01:20:38.737Z] > git for-each-ref --format=%(refname)%00%(upstream:short)%00%(objectname)%00%(upstream:track)%00%(upstream:remotename)%00%(upstream:remoteref) refs/heads/main refs/remotes/main [1ms]
[2022-08-01T01:20:38.748Z] > git for-each-ref --sort -committerdate --format %(refname) %(objectname) %(*objectname) [6ms]
[2022-08-01T01:20:38.749Z] > git remote --verbose [1ms]
[2022-08-01T01:20:38.758Z] > git config --get commit.template [1ms]
[2022-08-01T01:20:38.767Z] > git status -z -uall [2ms]
[2022-08-01T01:20:38.773Z] > git symbolic-ref --short HEAD [1ms]
[2022-08-01T01:20:38.778Z] > git for-each-ref --format=%(refname)%00%(upstream:short)%00%(objectname)%00%(upstream:track)%00%(upstream:remotename)%00%(upstream:remoteref) refs/heads/main refs/remotes/main [1ms]
[2022-08-01T01:20:38.788Z] > git for-each-ref --sort -committerdate --format %(refname) %(objectname) %(*objectname) [5ms]
[2022-08-01T01:20:38.789Z] > git remote --verbose [1ms]
[2022-08-01T01:20:38.795Z] > git config --get commit.template [1ms]
[2022-08-01T01:20:38.931Z] > git config --local branch.main.github-pr-owner-number [27ms]
[2022-08-01T01:20:40.212Z] > git ls-files --stage -- /workspace/FRONTFUNDATION/FRONTFUNDATION/src/app/components/navbar/navbar.component.scss [1ms]
[2022-08-01T01:20:40.221Z] > git cat-file -s 701fc201d3a3e7fd402b46c7f3137510b8aaff5b [2ms]
[2022-08-01T01:20:40.367Z] > git show --textconv :FRONTFUNDATION/src/app/components/navbar/navbar.component.scss [1ms]
[2022-08-01T01:20:43.807Z] > git status -z -uall [2ms]
[2022-08-01T01:20:43.813Z] > git symbolic-ref --short HEAD [1ms]
[2022-08-01T01:20:43.819Z] > git for-each-ref --format=%(refname)%00%(upstream:short)%00%(objectname)%00%(upstream:track)%00%(upstream:remotename)%00%(upstream:remoteref) refs/heads/main refs/remotes/main [2ms]
[2022-08-01T01:20:43.828Z] > git for-each-ref --sort -committerdate --format %(refname) %(objectname) %(*objectname) [5ms]
[2022-08-01T01:20:43.829Z] > git remote --verbose [1ms]
[2022-08-01T01:20:43.836Z] > git config --get commit.template [0ms]
[2022-08-01T01:20:51.597Z] > git fetch [260ms]
[2022-08-01T01:20:51.608Z] > git status -z -uall [2ms]
[2022-08-01T01:20:51.615Z] > git symbolic-ref --short HEAD [1ms]
[2022-08-01T01:20:51.621Z] > git for-each-ref --format=%(refname)%00%(upstream:short)%00%(objectname)%00%(upstream:track)%00%(upstream:remotename)%00%(upstream:remoteref) refs/heads/main refs/remotes/main [1ms]
[2022-08-01T01:20:51.632Z] > git for-each-ref --sort -committerdate --format %(refname) %(objectname) %(*objectname) [6ms]
[2022-08-01T01:20:51.632Z] > git remote --verbose [0ms]
[2022-08-01T01:20:51.640Z] > git config --get commit.template [1ms]
[2022-08-01T01:20:51.668Z] > git status -z -uall [2ms]
[2022-08-01T01:20:51.677Z] > git symbolic-ref --short HEAD [2ms]
[2022-08-01T01:20:51.683Z] > git for-each-ref --format=%(refname)%00%(upstream:short)%00%(objectname)%00%(upstream:track)%00%(upstream:remotename)%00%(upstream:remoteref) refs/heads/main refs/remotes/main [1ms]
[2022-08-01T01:20:51.695Z] > git for-each-ref --sort -committerdate --format %(refname) %(objectname) %(*objectname) [6ms]
[2022-08-01T01:20:51.695Z] > git remote --verbose [1ms]
[2022-08-01T01:20:51.702Z] > git config --get commit.template [1ms]
[2022-08-01T01:20:56.714Z] > git status -z -uall [2ms]
[2022-08-01T01:20:56.720Z] > git symbolic-ref --short HEAD [0ms]
[2022-08-01T01:20:56.727Z] > git for-each-ref --format=%(refname)%00%(upstream:short)%00%(objectname)%00%(upstream:track)%00%(upstream:remotename)%00%(upstream:remoteref) refs/heads/main refs/remotes/main [1ms]
[2022-08-01T01:20:56.738Z] > git for-each-ref --sort -committerdate --format %(refname) %(objectname) %(*objectname) [5ms]
[2022-08-01T01:20:56.739Z] > git remote --verbose [1ms]
[2022-08-01T01:20:56.746Z] > git config --get commit.template [1ms]
[2022-08-01T01:21:01.301Z] > git show --textconv HEAD:FRONTFUNDATION/src/app/components/navbar/navbar.component.html [8ms]
[2022-08-01T01:21:01.302Z] > git ls-tree -l HEAD -- /workspace/FRONTFUNDATION/FRONTFUNDATION/src/app/components/navbar/navbar.component.html [2ms]
[2022-08-01T01:21:03.747Z] > git show --textconv HEAD:FRONTFUNDATION/src/app/components/navbar/navbar.component.scss [7ms]
[2022-08-01T01:21:03.748Z] > git ls-tree -l HEAD -- /workspace/FRONTFUNDATION/FRONTFUNDATION/src/app/components/navbar/navbar.component.scss [1ms]
[2022-08-01T01:21:10.452Z] > git ls-tree -l HEAD -- /workspace/FRONTFUNDATION/FRONTFUNDATION/src/app/components/navbar/navbar.component.scss [1ms]
[2022-08-01T01:21:23.129Z] > git ls-tree -l HEAD -- /workspace/FRONTFUNDATION/FRONTFUNDATION/src/app/components/navbar/navbar.component.scss [3ms]
[2022-08-01T01:21:27.737Z] > git show --textconv HEAD:FRONTFUNDATION/src/app/components/navbar/navbar.component.html [13ms]
[2022-08-01T01:21:27.738Z] > git ls-tree -l HEAD -- /workspace/FRONTFUNDATION/FRONTFUNDATION/src/app/components/navbar/navbar.component.html [2ms]
[2022-08-01T01:21:28.094Z] > git show --textconv HEAD:FRONTFUNDATION/src/app/components/navbar/navbar.component.scss [8ms]
[2022-08-01T01:21:28.094Z] > git ls-tree -l HEAD -- /workspace/FRONTFUNDATION/FRONTFUNDATION/src/app/components/navbar/navbar.component.scss [2ms]
[2022-08-01T01:21:35.995Z] > git status -z -uall [2ms]
[2022-08-01T01:21:36.003Z] > git symbolic-ref --short HEAD [1ms]
[2022-08-01T01:21:36.009Z] > git for-each-ref --format=%(refname)%00%(upstream:short)%00%(objectname)%00%(upstream:track)%00%(upstream:remotename)%00%(upstream:remoteref) refs/heads/main refs/remotes/main [1ms]
[2022-08-01T01:21:36.020Z] > git for-each-ref --sort -committerdate --format %(refname) %(objectname) %(*objectname) [6ms]
[2022-08-01T01:21:36.020Z] > git remote --verbose [0ms]
[2022-08-01T01:21:36.028Z] > git config --get commit.template [0ms]
[2022-08-01T01:21:36.227Z] > git ls-files --stage -- /workspace/FRONTFUNDATION/FRONTFUNDATION/src/app/components/navbar/navbar.component.scss [1ms]
[2022-08-01T01:21:36.233Z] > git cat-file -s bca9f9362d164de0fcb834afccad5dc00ae7632f [1ms]
[2022-08-01T01:21:36.376Z] > git show --textconv :FRONTFUNDATION/src/app/components/navbar/navbar.component.scss [1ms]
[2022-08-01T01:21:41.039Z] > git status -z -uall [2ms]
[2022-08-01T01:21:41.045Z] > git symbolic-ref --short HEAD [1ms]
[2022-08-01T01:21:41.051Z] > git for-each-ref --format=%(refname)%00%(upstream:short)%00%(objectname)%00%(upstream:track)%00%(upstream:remotename)%00%(upstream:remoteref) refs/heads/main refs/remotes/main [1ms]
[2022-08-01T01:21:41.060Z] > git for-each-ref --sort -committerdate --format %(refname) %(objectname) %(*objectname) [5ms]
[2022-08-01T01:21:41.061Z] > git remote --verbose [1ms]
[2022-08-01T01:21:41.068Z] > git config --get commit.template [1ms]
[2022-08-01T01:21:44.895Z] > git ls-files --stage -- /workspace/FRONTFUNDATION/FRONTFUNDATION/src/app/components/navbar/navbar.component.scss [1ms]
[2022-08-01T01:21:44.902Z] > git cat-file -s bca9f9362d164de0fcb834afccad5dc00ae7632f [1ms]
[2022-08-01T01:21:45.047Z] > git show --textconv :FRONTFUNDATION/src/app/components/navbar/navbar.component.scss [2ms]
[2022-08-01T01:21:46.083Z] > git status -z -uall [3ms]
[2022-08-01T01:21:46.094Z] > git symbolic-ref --short HEAD [1ms]
[2022-08-01T01:21:46.106Z] > git for-each-ref --format=%(refname)%00%(upstream:short)%00%(objectname)%00%(upstream:track)%00%(upstream:remotename)%00%(upstream:remoteref) refs/heads/main refs/remotes/main [1ms]
[2022-08-01T01:21:46.127Z] > git for-each-ref --sort -committerdate --format %(refname) %(objectname) %(*objectname) [10ms]
[2022-08-01T01:21:46.127Z] > git remote --verbose [1ms]
[2022-08-01T01:21:46.173Z] > git config --get commit.template [1ms]
[2022-08-01T01:21:46.342Z] > git config --local branch.main.github-pr-owner-number [18ms]
[2022-08-01T01:21:46.998Z] > git ls-tree -l HEAD -- /workspace/FRONTFUNDATION/FRONTFUNDATION/src/app/components/navbar/navbar.component.scss [1ms]
[2022-08-01T01:21:47.146Z] > git show --textconv HEAD:FRONTFUNDATION/src/app/components/navbar/navbar.component.scss [2ms]
[2022-08-01T01:21:49.148Z] > git ls-tree -l HEAD -- /workspace/FRONTFUNDATION/FRONTFUNDATION/src/app/components/navbar/navbar.component.scss [1ms]
[2022-08-01T01:21:49.293Z] > git show --textconv HEAD:FRONTFUNDATION/src/app/components/navbar/navbar.component.scss [2ms]
[2022-08-01T01:23:09.752Z] > git ls-tree -l HEAD -- /workspace/FRONTFUNDATION/FRONTFUNDATION/src/app/components/navbar/navbar.component.scss [7ms]
[2022-08-01T01:23:09.753Z] > git status -z -uall [2ms]
[2022-08-01T01:23:09.759Z] > git symbolic-ref --short HEAD [1ms]
[2022-08-01T01:23:09.765Z] > git for-each-ref --format=%(refname)%00%(upstream:short)%00%(objectname)%00%(upstream:track)%00%(upstream:remotename)%00%(upstream:remoteref) refs/heads/main refs/remotes/main [1ms]
[2022-08-01T01:23:09.776Z] > git for-each-ref --sort -committerdate --format %(refname) %(objectname) %(*objectname) [5ms]
[2022-08-01T01:23:09.776Z] > git remote --verbose [1ms]
[2022-08-01T01:23:09.784Z] > git config --get commit.template [1ms]
[2022-08-01T01:23:58.108Z] > git fetch [266ms]
[2022-08-01T01:23:58.119Z] > git status -z -uall [2ms]
[2022-08-01T01:23:58.126Z] > git symbolic-ref --short HEAD [2ms]
[2022-08-01T01:23:58.137Z] > git for-each-ref --format=%(refname)%00%(upstream:short)%00%(objectname)%00%(upstream:track)%00%(upstream:remotename)%00%(upstream:remoteref) refs/heads/main refs/remotes/main [1ms]
[2022-08-01T01:23:58.157Z] > git for-each-ref --sort -committerdate --format %(refname) %(objectname) %(*objectname) [10ms]
[2022-08-01T01:23:58.157Z] > git remote --verbose [1ms]
[2022-08-01T01:23:58.169Z] > git config --get commit.template [0ms]
[2022-08-01T01:24:32.229Z] > git status -z -uall [2ms]
[2022-08-01T01:24:32.237Z] > git symbolic-ref --short HEAD [3ms]
[2022-08-01T01:24:32.243Z] > git for-each-ref --format=%(refname)%00%(upstream:short)%00%(objectname)%00%(upstream:track)%00%(upstream:remotename)%00%(upstream:remoteref) refs/heads/main refs/remotes/main [1ms]
[2022-08-01T01:24:32.256Z] > git for-each-ref --sort -committerdate --format %(refname) %(objectname) %(*objectname) [7ms]
[2022-08-01T01:24:32.256Z] > git remote --verbose [1ms]
[2022-08-01T01:24:32.289Z] > git config --get commit.template [2ms]
[2022-08-01T01:24:40.567Z] > git status -z -uall [2ms]
[2022-08-01T01:24:40.576Z] > git symbolic-ref --short HEAD [1ms]
[2022-08-01T01:24:40.587Z] > git for-each-ref --format=%(refname)%00%(upstream:short)%00%(objectname)%00%(upstream:track)%00%(upstream:remotename)%00%(upstream:remoteref) refs/heads/main refs/remotes/main [1ms]
[2022-08-01T01:24:40.628Z] > git remote --verbose [1ms]
[2022-08-01T01:24:40.628Z] > git for-each-ref --sort -committerdate --format %(refname) %(objectname) %(*objectname) [24ms]
[2022-08-01T01:24:40.642Z] > git config --get commit.template [1ms]
