[2022-08-16 03:09:14.013] [exthost] [info] Extension host with pid 826 started
[2022-08-16 03:09:14.026] [exthost] [info] Lock '/workspace/.vscode-remote/data/User/workspaceStorage/-46c1abdc/vscode.lock': Lock acquired.
[2022-08-16 03:09:14.223] [exthost] [info] ExtensionService#_doActivateExtension vscode.html-language-features, startup: false, activationEvent: 'onLanguage:html'
[2022-08-16 03:09:14.311] [exthost] [info] ExtensionService#_doActivateExtension gitpod.gitpod-web, startup: false, activationEvent: 'onAuthenticationRequest:gitpod'
[2022-08-16 03:09:14.457] [exthost] [info] ExtensionService#_doActivateExtension vscode.debug-auto-launch, startup: true, activationEvent: '*'
[2022-08-16 03:09:14.461] [exthost] [info] ExtensionService#_doActivateExtension vscode.git-base, startup: true, activationEvent: '*', root cause: vscode.git
[2022-08-16 03:09:14.466] [exthost] [info] ExtensionService#_doActivateExtension vscode.ipynb, startup: true, activationEvent: '*'
[2022-08-16 03:09:14.483] [exthost] [info] ExtensionService#_doActivateExtension vscode.github-authentication, startup: true, activationEvent: '*', root cause: GitHub.vscode-pull-request-github
[2022-08-16 03:09:14.768] [exthost] [info] ExtensionService#_doActivateExtension GitHub.vscode-pull-request-github, startup: true, activationEvent: '*'
[2022-08-16 03:09:14.878] [exthost] [info] ExtensionService#_doActivateExtension vscode.git, startup: true, activationEvent: '*'
[2022-08-16 03:09:14.984] [exthost] [info] ExtensionService#_doActivateExtension vscode.github, startup: true, activationEvent: '*'
[2022-08-16 03:09:16.628] [exthost] [info] ExtensionService#_doActivateExtension vscode.configuration-editing, startup: false, activationEvent: 'onLanguage:jsonc'
[2022-08-16 03:09:16.635] [exthost] [info] ExtensionService#_doActivateExtension vscode.json-language-features, startup: false, activationEvent: 'onLanguage:jsonc'
[2022-08-16 03:09:16.703] [exthost] [info] ExtensionService#_doActivateExtension vscode.typescript-language-features, startup: false, activationEvent: 'onLanguage:jsonc'
[2022-08-16 03:09:17.522] [exthost] [info] ExtensionService#_doActivateExtension vscode.emmet, startup: false, activationEvent: 'onStartupFinished'
[2022-08-16 03:09:17.541] [exthost] [info] ExtensionService#_doActivateExtension vscode.merge-conflict, startup: false, activationEvent: 'onStartupFinished'
[2022-08-16 03:09:17.545] [exthost] [info] Eager extensions activated
[2022-08-16 03:11:27.484] [exthost] [info] ExtensionService#_doActivateExtension vscode.css-language-features, startup: false, activationEvent: 'onLanguage:scss'
[2022-08-16 03:32:42.150] [exthost] [info] Extension host terminating: received terminate message from renderer
[2022-08-16 03:32:42.151] [exthost] [info] Lock '/workspace/.vscode-remote/data/User/workspaceStorage/-46c1abdc/vscode.lock': Marking the lockfile as scheduled to be released in 6000 ms.
[2022-08-16 03:32:42.173] [exthost] [info] Extension host with pid 826 exiting with code 0
