[2022-08-01T00:25:02.299Z] Log level: Info
[2022-08-01T00:25:02.302Z] [info] Validating found git in: git
[2022-08-01T00:25:02.339Z] [info] Using git 2.37.1 from git
[2022-08-01T00:25:02.372Z] > git rev-parse --show-toplevel [10ms]
[2022-08-01T00:25:02.387Z] > git rev-parse --git-dir --git-common-dir [2ms]
[2022-08-01T00:25:02.396Z] [info] Open repository: /workspace/FRONTFUNDATION
[2022-08-01T00:25:02.478Z] > git status -z -uall [59ms]
[2022-08-01T00:25:02.487Z] > git symbolic-ref --short HEAD [1ms]
[2022-08-01T00:25:02.496Z] > git for-each-ref --format=%(refname)%00%(upstream:short)%00%(objectname)%00%(upstream:track)%00%(upstream:remotename)%00%(upstream:remoteref) refs/heads/feature/navbar-changes refs/remotes/feature/navbar-changes [2ms]
[2022-08-01T00:25:02.522Z] > git remote --verbose [14ms]
[2022-08-01T00:25:02.522Z] > git for-each-ref --sort -committerdate --format %(refname) %(objectname) %(*objectname) [19ms]
[2022-08-01T00:25:02.543Z] > git config --get commit.template [2ms]
[2022-08-01T00:25:02.624Z] > git status -z -uall [72ms]
[2022-08-01T00:25:02.646Z] > git symbolic-ref --short HEAD [7ms]
[2022-08-01T00:25:02.655Z] > git for-each-ref --format=%(refname)%00%(upstream:short)%00%(objectname)%00%(upstream:track)%00%(upstream:remotename)%00%(upstream:remoteref) refs/heads/feature/navbar-changes refs/remotes/feature/navbar-changes [1ms]
[2022-08-01T00:25:02.670Z] > git for-each-ref --sort -committerdate --format %(refname) %(objectname) %(*objectname) [8ms]
[2022-08-01T00:25:02.670Z] > git remote --verbose [1ms]
[2022-08-01T00:25:02.681Z] > git config --get commit.template [2ms]
[2022-08-01T00:25:02.933Z] > git fetch [523ms]
[2022-08-01T00:25:02.933Z] From https://github.com/FundationSemillas/FRONTFUNDATION
   1f6ce21..ebc63da  emily      -> origin/emily
 * [new branch]      sebastian  -> origin/sebastian
   46e830e..e032181  zaida      -> origin/zaida
[2022-08-01T00:25:02.977Z] > git status -z -uall [35ms]
[2022-08-01T00:25:02.985Z] > git symbolic-ref --short HEAD [1ms]
[2022-08-01T00:25:02.994Z] > git for-each-ref --format=%(refname)%00%(upstream:short)%00%(objectname)%00%(upstream:track)%00%(upstream:remotename)%00%(upstream:remoteref) refs/heads/feature/navbar-changes refs/remotes/feature/navbar-changes [1ms]
[2022-08-01T00:25:03.006Z] > git for-each-ref --sort -committerdate --format %(refname) %(objectname) %(*objectname) [5ms]
[2022-08-01T00:25:03.007Z] > git remote --verbose [1ms]
[2022-08-01T00:25:03.015Z] > git config --get commit.template [1ms]
[2022-08-01T00:25:03.091Z] > git check-ignore -v -z --stdin [1ms]
[2022-08-01T00:25:04.179Z] > git status -z -uall [30ms]
[2022-08-01T00:25:04.189Z] > git symbolic-ref --short HEAD [1ms]
[2022-08-01T00:25:04.201Z] > git for-each-ref --format=%(refname)%00%(upstream:short)%00%(objectname)%00%(upstream:track)%00%(upstream:remotename)%00%(upstream:remoteref) refs/heads/feature/navbar-changes refs/remotes/feature/navbar-changes [3ms]
[2022-08-01T00:25:04.219Z] > git for-each-ref --sort -committerdate --format %(refname) %(objectname) %(*objectname) [9ms]
[2022-08-01T00:25:04.220Z] > git remote --verbose [2ms]
[2022-08-01T00:25:04.242Z] > git config --get commit.template [2ms]
[2022-08-01T00:25:04.468Z] > git config --local branch.feature/navbar-changes.github-pr-owner-number [76ms]
[2022-08-01T00:25:34.262Z] > git check-ignore -v -z --stdin [1ms]
[2022-08-01T00:26:03.862Z] > git status -z -uall [4ms]
[2022-08-01T00:26:03.870Z] > git symbolic-ref --short HEAD [1ms]
[2022-08-01T00:26:03.877Z] > git for-each-ref --format=%(refname)%00%(upstream:short)%00%(objectname)%00%(upstream:track)%00%(upstream:remotename)%00%(upstream:remoteref) refs/heads/feature/navbar-changes refs/remotes/feature/navbar-changes [2ms]
[2022-08-01T00:26:03.887Z] > git for-each-ref --sort -committerdate --format %(refname) %(objectname) %(*objectname) [5ms]
[2022-08-01T00:26:03.888Z] > git remote --verbose [2ms]
[2022-08-01T00:26:03.896Z] > git config --get commit.template [0ms]
[2022-08-01T00:26:12.492Z] > git status -z -uall [4ms]
[2022-08-01T00:26:12.500Z] > git symbolic-ref --short HEAD [1ms]
[2022-08-01T00:26:12.508Z] > git for-each-ref --format=%(refname)%00%(upstream:short)%00%(objectname)%00%(upstream:track)%00%(upstream:remotename)%00%(upstream:remoteref) refs/heads/feature/navbar-changes refs/remotes/feature/navbar-changes [2ms]
[2022-08-01T00:26:12.530Z] > git remote --verbose [1ms]
[2022-08-01T00:26:12.531Z] > git for-each-ref --sort -committerdate --format %(refname) %(objectname) %(*objectname) [16ms]
[2022-08-01T00:26:12.576Z] > git config --get commit.template [1ms]
[2022-08-01T00:26:12.821Z] > git config --local branch.feature/navbar-changes.github-pr-owner-number [80ms]
[2022-08-01T00:26:30.264Z] > git status -z -uall [3ms]
[2022-08-01T00:26:30.274Z] > git symbolic-ref --short HEAD [2ms]
[2022-08-01T00:26:30.281Z] > git for-each-ref --format=%(refname)%00%(upstream:short)%00%(objectname)%00%(upstream:track)%00%(upstream:remotename)%00%(upstream:remoteref) refs/heads/feature/navbar-changes refs/remotes/feature/navbar-changes [1ms]
[2022-08-01T00:26:30.293Z] > git for-each-ref --sort -committerdate --format %(refname) %(objectname) %(*objectname) [5ms]
[2022-08-01T00:26:30.293Z] > git remote --verbose [1ms]
[2022-08-01T00:26:30.302Z] > git config --get commit.template [1ms]
[2022-08-01T00:26:30.507Z] > git config --local branch.feature/navbar-changes.github-pr-owner-number [32ms]
[2022-08-01T00:33:24.630Z] > git fetch [395ms]
[2022-08-01T00:33:24.630Z] From https://github.com/FundationSemillas/FRONTFUNDATION
   e032181..2654287  zaida      -> origin/zaida
[2022-08-01T00:33:24.640Z] > git status -z -uall [2ms]
[2022-08-01T00:33:24.650Z] > git symbolic-ref --short HEAD [3ms]
[2022-08-01T00:33:24.660Z] > git for-each-ref --format=%(refname)%00%(upstream:short)%00%(objectname)%00%(upstream:track)%00%(upstream:remotename)%00%(upstream:remoteref) refs/heads/feature/navbar-changes refs/remotes/feature/navbar-changes [1ms]
[2022-08-01T00:33:24.673Z] > git for-each-ref --sort -committerdate --format %(refname) %(objectname) %(*objectname) [7ms]
[2022-08-01T00:33:24.674Z] > git remote --verbose [2ms]
[2022-08-01T00:33:24.684Z] > git config --get commit.template [1ms]
[2022-08-01T00:35:16.794Z] > git status -z -uall [1ms]
[2022-08-01T00:35:16.800Z] > git symbolic-ref --short HEAD [1ms]
[2022-08-01T00:35:16.807Z] > git for-each-ref --format=%(refname)%00%(upstream:short)%00%(objectname)%00%(upstream:track)%00%(upstream:remotename)%00%(upstream:remoteref) refs/heads/feature/navbar-changes refs/remotes/feature/navbar-changes [1ms]
[2022-08-01T00:35:16.817Z] > git for-each-ref --sort -committerdate --format %(refname) %(objectname) %(*objectname) [5ms]
[2022-08-01T00:35:16.817Z] > git remote --verbose [1ms]
[2022-08-01T00:35:16.823Z] > git config --get commit.template [0ms]
[2022-08-01T00:35:20.321Z] > git checkout -q main [7ms]
[2022-08-01T00:35:20.332Z] > git status -z -uall [2ms]
[2022-08-01T00:35:20.339Z] > git symbolic-ref --short HEAD [1ms]
[2022-08-01T00:35:20.346Z] > git for-each-ref --format=%(refname)%00%(upstream:short)%00%(objectname)%00%(upstream:track)%00%(upstream:remotename)%00%(upstream:remoteref) refs/heads/main refs/remotes/main [1ms]
[2022-08-01T00:35:20.356Z] > git for-each-ref --sort -committerdate --format %(refname) %(objectname) %(*objectname) [6ms]
[2022-08-01T00:35:20.356Z] > git remote --verbose [1ms]
[2022-08-01T00:35:20.405Z] > git config --get commit.template [1ms]
[2022-08-01T00:35:20.583Z] > git config --local branch.main.github-pr-owner-number [19ms]
[2022-08-01T00:35:21.837Z] > git status -z -uall [3ms]
[2022-08-01T00:35:21.847Z] > git symbolic-ref --short HEAD [2ms]
[2022-08-01T00:35:21.856Z] > git for-each-ref --format=%(refname)%00%(upstream:short)%00%(objectname)%00%(upstream:track)%00%(upstream:remotename)%00%(upstream:remoteref) refs/heads/main refs/remotes/main [1ms]
[2022-08-01T00:35:21.931Z] > git for-each-ref --sort -committerdate --format %(refname) %(objectname) %(*objectname) [10ms]
[2022-08-01T00:35:21.932Z] > git remote --verbose [2ms]
[2022-08-01T00:35:21.943Z] > git config --get commit.template [1ms]
[2022-08-01T00:36:05.875Z] > git status -z -uall [13ms]
[2022-08-01T00:36:05.883Z] > git symbolic-ref --short HEAD [1ms]
[2022-08-01T00:36:05.889Z] > git for-each-ref --format=%(refname)%00%(upstream:short)%00%(objectname)%00%(upstream:track)%00%(upstream:remotename)%00%(upstream:remoteref) refs/heads/main refs/remotes/main [1ms]
[2022-08-01T00:36:05.899Z] > git for-each-ref --sort -committerdate --format %(refname) %(objectname) %(*objectname) [5ms]
[2022-08-01T00:36:05.900Z] > git remote --verbose [1ms]
[2022-08-01T00:36:05.941Z] > git config --get commit.template [1ms]
[2022-08-01T00:36:06.113Z] > git config --local branch.main.github-pr-owner-number [18ms]
[2022-08-01T00:36:24.981Z] > git fetch [282ms]
[2022-08-01T00:36:25.016Z] > git status -z -uall [22ms]
[2022-08-01T00:36:25.031Z] > git symbolic-ref --short HEAD [2ms]
[2022-08-01T00:36:25.046Z] > git for-each-ref --format=%(refname)%00%(upstream:short)%00%(objectname)%00%(upstream:track)%00%(upstream:remotename)%00%(upstream:remoteref) refs/heads/main refs/remotes/main [1ms]
[2022-08-01T00:36:25.066Z] > git for-each-ref --sort -committerdate --format %(refname) %(objectname) %(*objectname) [9ms]
[2022-08-01T00:36:25.066Z] > git remote --verbose [1ms]
[2022-08-01T00:36:25.078Z] > git config --get commit.template [1ms]
[2022-08-01T00:36:26.206Z] > git status -z -uall [20ms]
[2022-08-01T00:36:26.217Z] > git symbolic-ref --short HEAD [1ms]
[2022-08-01T00:36:26.226Z] > git for-each-ref --format=%(refname)%00%(upstream:short)%00%(objectname)%00%(upstream:track)%00%(upstream:remotename)%00%(upstream:remoteref) refs/heads/main refs/remotes/main [1ms]
[2022-08-01T00:36:26.241Z] > git for-each-ref --sort -committerdate --format %(refname) %(objectname) %(*objectname) [8ms]
[2022-08-01T00:36:26.241Z] > git remote --verbose [1ms]
[2022-08-01T00:36:26.252Z] > git config --get commit.template [2ms]
[2022-08-01T00:38:25.310Z] > git status -z -uall [4ms]
[2022-08-01T00:38:25.316Z] > git symbolic-ref --short HEAD [1ms]
[2022-08-01T00:38:25.321Z] > git for-each-ref --format=%(refname)%00%(upstream:short)%00%(objectname)%00%(upstream:track)%00%(upstream:remotename)%00%(upstream:remoteref) refs/heads/main refs/remotes/main [1ms]
[2022-08-01T00:38:25.331Z] > git for-each-ref --sort -committerdate --format %(refname) %(objectname) %(*objectname) [5ms]
[2022-08-01T00:38:25.331Z] > git remote --verbose [1ms]
[2022-08-01T00:38:25.370Z] > git config --get commit.template [1ms]
[2022-08-01T00:38:25.541Z] > git config --local branch.main.github-pr-owner-number [17ms]
[2022-08-01T00:39:25.354Z] > git fetch [263ms]
[2022-08-01T00:39:25.367Z] > git status -z -uall [3ms]
[2022-08-01T00:39:25.377Z] > git symbolic-ref --short HEAD [1ms]
[2022-08-01T00:39:25.386Z] > git for-each-ref --format=%(refname)%00%(upstream:short)%00%(objectname)%00%(upstream:track)%00%(upstream:remotename)%00%(upstream:remoteref) refs/heads/main refs/remotes/main [1ms]
[2022-08-01T00:39:25.398Z] > git for-each-ref --sort -committerdate --format %(refname) %(objectname) %(*objectname) [6ms]
[2022-08-01T00:39:25.399Z] > git remote --verbose [1ms]
[2022-08-01T00:39:25.408Z] > git config --get commit.template [1ms]
[2022-08-01T00:39:26.562Z] > git status -z -uall [4ms]
[2022-08-01T00:39:26.572Z] > git symbolic-ref --short HEAD [1ms]
[2022-08-01T00:39:26.624Z] > git for-each-ref --format=%(refname)%00%(upstream:short)%00%(objectname)%00%(upstream:track)%00%(upstream:remotename)%00%(upstream:remoteref) refs/heads/main refs/remotes/main [1ms]
[2022-08-01T00:39:26.639Z] > git for-each-ref --sort -committerdate --format %(refname) %(objectname) %(*objectname) [7ms]
[2022-08-01T00:39:26.639Z] > git remote --verbose [1ms]
[2022-08-01T00:39:26.649Z] > git config --get commit.template [2ms]
[2022-08-01T00:39:52.493Z] > git check-ignore -v -z --stdin [1ms]
[2022-08-01T00:39:56.112Z] > git check-ignore -v -z --stdin [1ms]
[2022-08-01T00:39:59.044Z] > git check-ignore -v -z --stdin [2ms]
[2022-08-01T00:40:00.236Z] > git check-ignore -v -z --stdin [1ms]
[2022-08-01T00:40:02.438Z] > git check-ignore -v -z --stdin [1ms]
[2022-08-01T00:40:03.222Z] > git show --textconv :FRONTFUNDATION/src/app/components/navbar/navbar.component.scss [30ms]
[2022-08-01T00:40:03.224Z] > git ls-files --stage -- /workspace/FRONTFUNDATION/FRONTFUNDATION/src/app/components/navbar/navbar.component.scss [3ms]
[2022-08-01T00:40:03.241Z] > git cat-file -s b8772ff0e1e51f796152a347ed62ff9f182a8394 [2ms]
[2022-08-01T00:40:16.521Z] > git status -z -uall [39ms]
[2022-08-01T00:40:16.533Z] > git symbolic-ref --short HEAD [1ms]
[2022-08-01T00:40:16.545Z] > git for-each-ref --format=%(refname)%00%(upstream:short)%00%(objectname)%00%(upstream:track)%00%(upstream:remotename)%00%(upstream:remoteref) refs/heads/main refs/remotes/main [2ms]
[2022-08-01T00:40:16.561Z] > git for-each-ref --sort -committerdate --format %(refname) %(objectname) %(*objectname) [8ms]
[2022-08-01T00:40:16.561Z] > git remote --verbose [1ms]
[2022-08-01T00:40:16.633Z] > git config --get commit.template [1ms]
[2022-08-01T00:41:19.752Z] > git show --textconv HEAD:FRONTFUNDATION/src/app/components/navbar/navbar.component.scss [9ms]
[2022-08-01T00:41:19.753Z] > git ls-tree -l HEAD -- /workspace/FRONTFUNDATION/FRONTFUNDATION/src/app/components/navbar/navbar.component.scss [2ms]
[2022-08-01T00:41:45.349Z] > git ls-tree -l HEAD -- /workspace/FRONTFUNDATION/FRONTFUNDATION/src/app/components/navbar/navbar.component.scss [2ms]
