[2022-08-09T01:43:48.991Z] Log level: Info
[2022-08-09T01:43:48.993Z] [info] Validating found git in: git
[2022-08-09T01:43:49.005Z] [info] Using git 2.37.1 from git
[2022-08-09T01:43:49.019Z] > git rev-parse --show-toplevel [3ms]
[2022-08-09T01:43:49.030Z] > git rev-parse --git-dir --git-common-dir [3ms]
[2022-08-09T01:43:49.035Z] [info] Open repository: /workspace/FRONTFUNDATION
[2022-08-09T01:43:49.080Z] > git status -z -uall [33ms]
[2022-08-09T01:43:49.086Z] > git symbolic-ref --short HEAD [1ms]
[2022-08-09T01:43:49.092Z] > git for-each-ref --format=%(refname)%00%(upstream:short)%00%(objectname)%00%(upstream:track)%00%(upstream:remotename)%00%(upstream:remoteref) refs/heads/main refs/remotes/main [1ms]
[2022-08-09T01:43:49.104Z] > git remote --verbose [3ms]
[2022-08-09T01:43:49.104Z] > git for-each-ref --sort -committerdate --format %(refname) %(objectname) %(*objectname) [7ms]
[2022-08-09T01:43:49.114Z] > git config --get commit.template [2ms]
[2022-08-09T01:43:49.153Z] > git status -z -uall [34ms]
[2022-08-09T01:43:49.160Z] > git symbolic-ref --short HEAD [1ms]
[2022-08-09T01:43:49.169Z] > git for-each-ref --format=%(refname)%00%(upstream:short)%00%(objectname)%00%(upstream:track)%00%(upstream:remotename)%00%(upstream:remoteref) refs/heads/main refs/remotes/main [4ms]
[2022-08-09T01:43:49.179Z] > git for-each-ref --sort -committerdate --format %(refname) %(objectname) %(*objectname) [5ms]
[2022-08-09T01:43:49.179Z] > git remote --verbose [1ms]
[2022-08-09T01:43:49.187Z] > git config --get commit.template [1ms]
[2022-08-09T01:43:49.464Z] > git fetch [422ms]
[2022-08-09T01:43:49.464Z] From https://github.com/FundationSemillas/FRONTFUNDATION
   594b404..cb07451  main       -> origin/main
   9eafb1b..e2e01ec  zaida      -> origin/zaida
[2022-08-09T01:43:49.502Z] > git status -z -uall [32ms]
[2022-08-09T01:43:49.509Z] > git symbolic-ref --short HEAD [1ms]
[2022-08-09T01:43:49.514Z] > git for-each-ref --format=%(refname)%00%(upstream:short)%00%(objectname)%00%(upstream:track)%00%(upstream:remotename)%00%(upstream:remoteref) refs/heads/main refs/remotes/main [1ms]
[2022-08-09T01:43:49.523Z] > git for-each-ref --sort -committerdate --format %(refname) %(objectname) %(*objectname) [4ms]
[2022-08-09T01:43:49.523Z] > git remote --verbose [1ms]
[2022-08-09T01:43:49.531Z] > git config --get commit.template [1ms]
[2022-08-09T01:43:49.688Z] > git check-ignore -v -z --stdin [1ms]
[2022-08-09T01:43:50.785Z] > git status -z -uall [33ms]
[2022-08-09T01:43:50.792Z] > git symbolic-ref --short HEAD [1ms]
[2022-08-09T01:43:50.797Z] > git for-each-ref --format=%(refname)%00%(upstream:short)%00%(objectname)%00%(upstream:track)%00%(upstream:remotename)%00%(upstream:remoteref) refs/heads/main refs/remotes/main [1ms]
[2022-08-09T01:43:50.806Z] > git for-each-ref --sort -committerdate --format %(refname) %(objectname) %(*objectname) [4ms]
[2022-08-09T01:43:50.807Z] > git remote --verbose [2ms]
[2022-08-09T01:43:50.813Z] > git config --get commit.template [1ms]
[2022-08-09T01:43:51.147Z] > git config --local branch.main.github-pr-owner-number [53ms]
[2022-08-09T01:44:01.333Z] > git check-ignore -v -z --stdin [1ms]
[2022-08-09T01:44:50.537Z] > git check-ignore -v -z --stdin [2ms]
[2022-08-09T01:44:55.281Z] > git check-ignore -v -z --stdin [1ms]
[2022-08-09T01:45:05.865Z] > git status -z -uall [3ms]
[2022-08-09T01:45:05.871Z] > git symbolic-ref --short HEAD [1ms]
[2022-08-09T01:45:05.878Z] > git for-each-ref --format=%(refname)%00%(upstream:short)%00%(objectname)%00%(upstream:track)%00%(upstream:remotename)%00%(upstream:remoteref) refs/heads/main refs/remotes/main [2ms]
[2022-08-09T01:45:05.887Z] > git for-each-ref --sort -committerdate --format %(refname) %(objectname) %(*objectname) [5ms]
[2022-08-09T01:45:05.888Z] > git remote --verbose [1ms]
[2022-08-09T01:45:05.935Z] > git config --get commit.template [1ms]
[2022-08-09T01:45:06.095Z] > git config --local branch.main.github-pr-owner-number [18ms]
[2022-08-09T01:45:12.489Z] > git check-ignore -v -z --stdin [1ms]
[2022-08-09T01:45:13.499Z] > git check-ignore -v -z --stdin [1ms]
[2022-08-09T01:45:14.407Z] > git show --textconv :FRONTFUNDATION/src/app/components/navbar/navbar.component.html [6ms]
[2022-08-09T01:45:14.408Z] > git ls-files --stage -- /workspace/FRONTFUNDATION/FRONTFUNDATION/src/app/components/navbar/navbar.component.html [1ms]
[2022-08-09T01:45:14.414Z] > git cat-file -s 31b8e891eec096bd1a41b413500fd65f6b1da45f [1ms]
[2022-08-09T01:45:22.464Z] > git status -z -uall [2ms]
[2022-08-09T01:45:22.473Z] > git symbolic-ref --short HEAD [1ms]
[2022-08-09T01:45:22.481Z] > git for-each-ref --format=%(refname)%00%(upstream:short)%00%(objectname)%00%(upstream:track)%00%(upstream:remotename)%00%(upstream:remoteref) refs/heads/main refs/remotes/main [1ms]
[2022-08-09T01:45:22.496Z] > git for-each-ref --sort -committerdate --format %(refname) %(objectname) %(*objectname) [7ms]
[2022-08-09T01:45:22.498Z] > git remote --verbose [2ms]
[2022-08-09T01:45:22.509Z] > git config --get commit.template [1ms]
[2022-08-09T01:45:27.522Z] > git status -z -uall [3ms]
[2022-08-09T01:45:27.531Z] > git symbolic-ref --short HEAD [1ms]
[2022-08-09T01:45:27.538Z] > git for-each-ref --format=%(refname)%00%(upstream:short)%00%(objectname)%00%(upstream:track)%00%(upstream:remotename)%00%(upstream:remoteref) refs/heads/main refs/remotes/main [2ms]
[2022-08-09T01:45:27.548Z] > git for-each-ref --sort -committerdate --format %(refname) %(objectname) %(*objectname) [5ms]
[2022-08-09T01:45:27.549Z] > git remote --verbose [1ms]
[2022-08-09T01:45:27.558Z] > git config --get commit.template [1ms]
[2022-08-09T01:45:36.306Z] > git status -z -uall [2ms]
[2022-08-09T01:45:36.312Z] > git symbolic-ref --short HEAD [1ms]
[2022-08-09T01:45:36.318Z] > git for-each-ref --format=%(refname)%00%(upstream:short)%00%(objectname)%00%(upstream:track)%00%(upstream:remotename)%00%(upstream:remoteref) refs/heads/main refs/remotes/main [1ms]
[2022-08-09T01:45:36.331Z] > git for-each-ref --sort -committerdate --format %(refname) %(objectname) %(*objectname) [7ms]
[2022-08-09T01:45:36.333Z] > git remote --verbose [3ms]
[2022-08-09T01:45:36.341Z] > git config --get commit.template [0ms]
[2022-08-09T01:45:36.538Z] > git ls-files --stage -- /workspace/FRONTFUNDATION/FRONTFUNDATION/src/app/components/navbar/navbar.component.html [1ms]
[2022-08-09T01:45:36.548Z] > git cat-file -s 8740f0e0f6acd24c261294562e72c783d1fce458 [1ms]
[2022-08-09T01:45:36.693Z] > git show --textconv :FRONTFUNDATION/src/app/components/navbar/navbar.component.html [2ms]
[2022-08-09T01:45:47.864Z] > git status -z -uall [3ms]
[2022-08-09T01:45:47.871Z] > git symbolic-ref --short HEAD [1ms]
[2022-08-09T01:45:47.877Z] > git for-each-ref --format=%(refname)%00%(upstream:short)%00%(objectname)%00%(upstream:track)%00%(upstream:remotename)%00%(upstream:remoteref) refs/heads/main refs/remotes/main [1ms]
[2022-08-09T01:45:47.890Z] > git for-each-ref --sort -committerdate --format %(refname) %(objectname) %(*objectname) [6ms]
[2022-08-09T01:45:47.890Z] > git remote --verbose [1ms]
[2022-08-09T01:45:47.944Z] > git config --get commit.template [1ms]
[2022-08-09T01:45:48.109Z] > git config --local branch.main.github-pr-owner-number [19ms]
[2022-08-09T01:45:48.172Z] > git ls-files --stage -- /workspace/FRONTFUNDATION/FRONTFUNDATION/src/app/components/navbar/navbar.component.html [4ms]
[2022-08-09T01:45:48.183Z] > git cat-file -s 8740f0e0f6acd24c261294562e72c783d1fce458 [4ms]
[2022-08-09T01:45:48.327Z] > git show --textconv :FRONTFUNDATION/src/app/components/navbar/navbar.component.html [2ms]
[2022-08-09T01:45:49.970Z] > git ls-files --stage -- /workspace/FRONTFUNDATION/FRONTFUNDATION/src/app/components/navbar/navbar.component.html [1ms]
[2022-08-09T01:45:49.977Z] > git cat-file -s 8740f0e0f6acd24c261294562e72c783d1fce458 [1ms]
[2022-08-09T01:45:50.123Z] > git show --textconv :FRONTFUNDATION/src/app/components/navbar/navbar.component.html [2ms]
[2022-08-09T01:45:52.958Z] > git status -z -uall [3ms]
[2022-08-09T01:45:52.966Z] > git symbolic-ref --short HEAD [1ms]
[2022-08-09T01:45:52.974Z] > git for-each-ref --format=%(refname)%00%(upstream:short)%00%(objectname)%00%(upstream:track)%00%(upstream:remotename)%00%(upstream:remoteref) refs/heads/main refs/remotes/main [2ms]
[2022-08-09T01:45:52.985Z] > git for-each-ref --sort -committerdate --format %(refname) %(objectname) %(*objectname) [6ms]
[2022-08-09T01:45:52.986Z] > git remote --verbose [1ms]
[2022-08-09T01:45:52.994Z] > git config --get commit.template [1ms]
[2022-08-09T01:45:53.175Z] > git config --local branch.main.github-pr-owner-number [34ms]
[2022-08-09T01:49:58.703Z] > git fetch [275ms]
[2022-08-09T01:49:58.712Z] > git status -z -uall [2ms]
[2022-08-09T01:49:58.719Z] > git symbolic-ref --short HEAD [1ms]
[2022-08-09T01:49:58.725Z] > git for-each-ref --format=%(refname)%00%(upstream:short)%00%(objectname)%00%(upstream:track)%00%(upstream:remotename)%00%(upstream:remoteref) refs/heads/main refs/remotes/main [1ms]
[2022-08-09T01:49:58.736Z] > git for-each-ref --sort -committerdate --format %(refname) %(objectname) %(*objectname) [6ms]
[2022-08-09T01:49:58.736Z] > git remote --verbose [1ms]
[2022-08-09T01:49:58.743Z] > git config --get commit.template [1ms]
