[2022-08-02T02:02:28.226Z] Log level: Info
[2022-08-02T02:02:28.228Z] [info] Validating found git in: git
[2022-08-02T02:02:28.241Z] [info] Using git 2.37.1 from git
[2022-08-02T02:02:28.263Z] > git rev-parse --show-toplevel [4ms]
[2022-08-02T02:02:28.275Z] > git rev-parse --git-dir --git-common-dir [2ms]
[2022-08-02T02:02:28.281Z] [info] Open repository: /workspace/FRONTFUNDATION
[2022-08-02T02:02:28.328Z] > git status -z -uall [36ms]
[2022-08-02T02:02:28.336Z] > git symbolic-ref --short HEAD [1ms]
[2022-08-02T02:02:28.346Z] > git for-each-ref --format=%(refname)%00%(upstream:short)%00%(objectname)%00%(upstream:track)%00%(upstream:remotename)%00%(upstream:remoteref) refs/heads/main refs/remotes/main [5ms]
[2022-08-02T02:02:28.359Z] > git remote --verbose [2ms]
[2022-08-02T02:02:28.360Z] > git for-each-ref --sort -committerdate --format %(refname) %(objectname) %(*objectname) [8ms]
[2022-08-02T02:02:28.370Z] > git config --get commit.template [1ms]
[2022-08-02T02:02:28.414Z] > git status -z -uall [36ms]
[2022-08-02T02:02:28.423Z] > git symbolic-ref --short HEAD [1ms]
[2022-08-02T02:02:28.431Z] > git for-each-ref --format=%(refname)%00%(upstream:short)%00%(objectname)%00%(upstream:track)%00%(upstream:remotename)%00%(upstream:remoteref) refs/heads/main refs/remotes/main [1ms]
[2022-08-02T02:02:28.445Z] > git for-each-ref --sort -committerdate --format %(refname) %(objectname) %(*objectname) [8ms]
[2022-08-02T02:02:28.446Z] > git remote --verbose [2ms]
[2022-08-02T02:02:28.465Z] > git config --get commit.template [5ms]
[2022-08-02T02:02:28.930Z] > git fetch [285ms]
[2022-08-02T02:02:28.975Z] > git status -z -uall [36ms]
[2022-08-02T02:02:28.984Z] > git symbolic-ref --short HEAD [1ms]
[2022-08-02T02:02:28.992Z] > git for-each-ref --format=%(refname)%00%(upstream:short)%00%(objectname)%00%(upstream:track)%00%(upstream:remotename)%00%(upstream:remoteref) refs/heads/main refs/remotes/main [2ms]
[2022-08-02T02:02:29.010Z] > git for-each-ref --sort -committerdate --format %(refname) %(objectname) %(*objectname) [10ms]
[2022-08-02T02:02:29.011Z] > git remote --verbose [2ms]
[2022-08-02T02:02:29.023Z] > git config --get commit.template [1ms]
[2022-08-02T02:02:29.178Z] > git check-ignore -v -z --stdin [2ms]
[2022-08-02T02:02:30.170Z] > git status -z -uall [48ms]
[2022-08-02T02:02:30.182Z] > git symbolic-ref --short HEAD [4ms]
[2022-08-02T02:02:30.189Z] > git for-each-ref --format=%(refname)%00%(upstream:short)%00%(objectname)%00%(upstream:track)%00%(upstream:remotename)%00%(upstream:remoteref) refs/heads/main refs/remotes/main [2ms]
[2022-08-02T02:02:30.203Z] > git for-each-ref --sort -committerdate --format %(refname) %(objectname) %(*objectname) [9ms]
[2022-08-02T02:02:30.203Z] > git remote --verbose [2ms]
[2022-08-02T02:02:30.216Z] > git config --get commit.template [3ms]
[2022-08-02T02:02:30.468Z] > git config --local branch.main.github-pr-owner-number [57ms]
[2022-08-02T02:02:32.475Z] > git check-ignore -v -z --stdin [1ms]
[2022-08-02T02:02:44.738Z] > git check-ignore -v -z --stdin [1ms]
