[2022-07-29T19:53:22.874Z] Log level: Info
[2022-07-29T19:53:22.877Z] [info] Validating found git in: git
[2022-07-29T19:53:22.888Z] [info] Using git 2.37.1 from git
[2022-07-29T19:53:22.903Z] > git rev-parse --show-toplevel [3ms]
[2022-07-29T19:53:22.912Z] > git rev-parse --git-dir --git-common-dir [2ms]
[2022-07-29T19:53:22.917Z] [info] Open repository: /workspace/FRONTFUNDATION
[2022-07-29T19:53:22.961Z] > git status -z -uall [31ms]
[2022-07-29T19:53:22.969Z] > git symbolic-ref --short HEAD [2ms]
[2022-07-29T19:53:22.975Z] > git for-each-ref --format=%(refname)%00%(upstream:short)%00%(objectname)%00%(upstream:track)%00%(upstream:remotename)%00%(upstream:remoteref) refs/heads/feature/navbar-changes refs/remotes/feature/navbar-changes [1ms]
[2022-07-29T19:53:22.986Z] > git for-each-ref --sort -committerdate --format %(refname) %(objectname) %(*objectname) [7ms]
[2022-07-29T19:53:22.988Z] > git remote --verbose [4ms]
[2022-07-29T19:53:22.999Z] > git config --get commit.template [3ms]
[2022-07-29T19:53:23.037Z] > git status -z -uall [32ms]
[2022-07-29T19:53:23.043Z] > git symbolic-ref --short HEAD [1ms]
[2022-07-29T19:53:23.049Z] > git for-each-ref --format=%(refname)%00%(upstream:short)%00%(objectname)%00%(upstream:track)%00%(upstream:remotename)%00%(upstream:remoteref) refs/heads/feature/navbar-changes refs/remotes/feature/navbar-changes [1ms]
[2022-07-29T19:53:23.058Z] > git for-each-ref --sort -committerdate --format %(refname) %(objectname) %(*objectname) [5ms]
[2022-07-29T19:53:23.058Z] > git remote --verbose [1ms]
[2022-07-29T19:53:23.066Z] > git config --get commit.template [1ms]
[2022-07-29T19:53:23.191Z] > git fetch [266ms]
[2022-07-29T19:53:23.231Z] > git status -z -uall [34ms]
[2022-07-29T19:53:23.239Z] > git symbolic-ref --short HEAD [1ms]
[2022-07-29T19:53:23.245Z] > git for-each-ref --format=%(refname)%00%(upstream:short)%00%(objectname)%00%(upstream:track)%00%(upstream:remotename)%00%(upstream:remoteref) refs/heads/feature/navbar-changes refs/remotes/feature/navbar-changes [1ms]
[2022-07-29T19:53:23.254Z] > git for-each-ref --sort -committerdate --format %(refname) %(objectname) %(*objectname) [4ms]
[2022-07-29T19:53:23.255Z] > git remote --verbose [1ms]
[2022-07-29T19:53:23.262Z] > git config --get commit.template [1ms]
[2022-07-29T19:53:23.592Z] > git check-ignore -v -z --stdin [2ms]
[2022-07-29T19:53:24.428Z] > git status -z -uall [39ms]
[2022-07-29T19:53:24.436Z] > git symbolic-ref --short HEAD [1ms]
[2022-07-29T19:53:24.442Z] > git for-each-ref --format=%(refname)%00%(upstream:short)%00%(objectname)%00%(upstream:track)%00%(upstream:remotename)%00%(upstream:remoteref) refs/heads/feature/navbar-changes refs/remotes/feature/navbar-changes [1ms]
[2022-07-29T19:53:24.453Z] > git for-each-ref --sort -committerdate --format %(refname) %(objectname) %(*objectname) [6ms]
[2022-07-29T19:53:24.453Z] > git remote --verbose [1ms]
[2022-07-29T19:53:24.462Z] > git config --get commit.template [2ms]
[2022-07-29T19:53:25.025Z] > git config --local branch.feature/navbar-changes.github-pr-owner-number [61ms]
[2022-07-29T19:53:48.093Z] > git show --textconv :FRONTFUNDATION/src/app/components/components.component.scss [7ms]
[2022-07-29T19:53:48.094Z] > git ls-files --stage -- /workspace/FRONTFUNDATION/FRONTFUNDATION/src/app/components/components.component.scss [2ms]
[2022-07-29T19:53:48.100Z] > git cat-file -s 6f9e94035d6ecc8d70d8d40c04dc5b9b002e2c49 [0ms]
[2022-07-29T19:53:48.857Z] > git check-ignore -v -z --stdin [1ms]
