[2022-07-29T19:54:19.319Z] Log level: Info
[2022-07-29T19:54:19.321Z] [info] Validating found git in: git
[2022-07-29T19:54:19.333Z] [info] Using git 2.37.1 from git
[2022-07-29T19:54:19.348Z] > git rev-parse --show-toplevel [3ms]
[2022-07-29T19:54:19.359Z] > git rev-parse --git-dir --git-common-dir [2ms]
[2022-07-29T19:54:19.364Z] [info] Open repository: /workspace/FRONTFUNDATION
[2022-07-29T19:54:19.409Z] > git status -z -uall [32ms]
[2022-07-29T19:54:19.420Z] > git symbolic-ref --short HEAD [4ms]
[2022-07-29T19:54:19.427Z] > git for-each-ref --format=%(refname)%00%(upstream:short)%00%(objectname)%00%(upstream:track)%00%(upstream:remotename)%00%(upstream:remoteref) refs/heads/feature/navbar-changes refs/remotes/feature/navbar-changes [1ms]
[2022-07-29T19:54:19.439Z] > git remote --verbose [1ms]
[2022-07-29T19:54:19.440Z] > git for-each-ref --sort -committerdate --format %(refname) %(objectname) %(*objectname) [7ms]
[2022-07-29T19:54:19.451Z] > git config --get commit.template [3ms]
[2022-07-29T19:54:19.490Z] > git status -z -uall [32ms]
[2022-07-29T19:54:19.499Z] > git symbolic-ref --short HEAD [1ms]
[2022-07-29T19:54:19.505Z] > git for-each-ref --format=%(refname)%00%(upstream:short)%00%(objectname)%00%(upstream:track)%00%(upstream:remotename)%00%(upstream:remoteref) refs/heads/feature/navbar-changes refs/remotes/feature/navbar-changes [1ms]
[2022-07-29T19:54:19.517Z] > git for-each-ref --sort -committerdate --format %(refname) %(objectname) %(*objectname) [6ms]
[2022-07-29T19:54:19.518Z] > git remote --verbose [2ms]
[2022-07-29T19:54:19.530Z] > git config --get commit.template [1ms]
[2022-07-29T19:54:19.642Z] > git fetch [270ms]
[2022-07-29T19:54:19.683Z] > git status -z -uall [32ms]
[2022-07-29T19:54:19.692Z] > git symbolic-ref --short HEAD [1ms]
[2022-07-29T19:54:19.698Z] > git for-each-ref --format=%(refname)%00%(upstream:short)%00%(objectname)%00%(upstream:track)%00%(upstream:remotename)%00%(upstream:remoteref) refs/heads/feature/navbar-changes refs/remotes/feature/navbar-changes [1ms]
[2022-07-29T19:54:19.707Z] > git for-each-ref --sort -committerdate --format %(refname) %(objectname) %(*objectname) [5ms]
[2022-07-29T19:54:19.707Z] > git remote --verbose [1ms]
[2022-07-29T19:54:19.715Z] > git config --get commit.template [1ms]
[2022-07-29T19:54:20.044Z] > git check-ignore -v -z --stdin [1ms]
[2022-07-29T19:54:20.408Z] > git show --textconv :FRONTFUNDATION/src/app/components/components.component.scss [9ms]
[2022-07-29T19:54:20.409Z] > git ls-files --stage -- /workspace/FRONTFUNDATION/FRONTFUNDATION/src/app/components/components.component.scss [2ms]
[2022-07-29T19:54:20.417Z] > git cat-file -s 6f9e94035d6ecc8d70d8d40c04dc5b9b002e2c49 [2ms]
[2022-07-29T19:54:20.863Z] > git status -z -uall [33ms]
[2022-07-29T19:54:20.881Z] > git symbolic-ref --short HEAD [11ms]
[2022-07-29T19:54:20.888Z] > git for-each-ref --format=%(refname)%00%(upstream:short)%00%(objectname)%00%(upstream:track)%00%(upstream:remotename)%00%(upstream:remoteref) refs/heads/feature/navbar-changes refs/remotes/feature/navbar-changes [1ms]
[2022-07-29T19:54:20.898Z] > git for-each-ref --sort -committerdate --format %(refname) %(objectname) %(*objectname) [5ms]
[2022-07-29T19:54:20.899Z] > git remote --verbose [2ms]
[2022-07-29T19:54:20.906Z] > git config --get commit.template [1ms]
[2022-07-29T19:54:21.067Z] > git ls-files --stage -- /workspace/FRONTFUNDATION/FRONTFUNDATION/src/app/components/components.component.scss [3ms]
[2022-07-29T19:54:21.084Z] > git cat-file -s 6f9e94035d6ecc8d70d8d40c04dc5b9b002e2c49 [10ms]
[2022-07-29T19:54:21.253Z] > git show --textconv :FRONTFUNDATION/src/app/components/components.component.scss [2ms]
[2022-07-29T19:54:21.536Z] > git config --local branch.feature/navbar-changes.github-pr-owner-number [81ms]
[2022-07-29T19:54:46.775Z] > git show --textconv :FRONTFUNDATION/src/app/components/components.component.html [10ms]
[2022-07-29T19:54:46.777Z] > git ls-files --stage -- /workspace/FRONTFUNDATION/FRONTFUNDATION/src/app/components/components.component.html [3ms]
[2022-07-29T19:54:46.786Z] > git cat-file -s 227e96a71d7ad7d2ef5a5d5028ee58f0d30150ea [1ms]
[2022-07-29T19:57:39.294Z] > git fetch [275ms]
[2022-07-29T19:57:39.350Z] > git status -z -uall [46ms]
[2022-07-29T19:57:39.363Z] > git symbolic-ref --short HEAD [2ms]
[2022-07-29T19:57:39.373Z] > git for-each-ref --format=%(refname)%00%(upstream:short)%00%(objectname)%00%(upstream:track)%00%(upstream:remotename)%00%(upstream:remoteref) refs/heads/feature/navbar-changes refs/remotes/feature/navbar-changes [2ms]
[2022-07-29T19:57:39.389Z] > git for-each-ref --sort -committerdate --format %(refname) %(objectname) %(*objectname) [9ms]
[2022-07-29T19:57:39.390Z] > git remote --verbose [2ms]
[2022-07-29T19:57:39.404Z] > git config --get commit.template [1ms]
[2022-07-29T19:57:40.517Z] > git status -z -uall [32ms]
[2022-07-29T19:57:40.525Z] > git symbolic-ref --short HEAD [1ms]
[2022-07-29T19:57:40.531Z] > git for-each-ref --format=%(refname)%00%(upstream:short)%00%(objectname)%00%(upstream:track)%00%(upstream:remotename)%00%(upstream:remoteref) refs/heads/feature/navbar-changes refs/remotes/feature/navbar-changes [1ms]
[2022-07-29T19:57:40.543Z] > git for-each-ref --sort -committerdate --format %(refname) %(objectname) %(*objectname) [6ms]
[2022-07-29T19:57:40.544Z] > git remote --verbose [2ms]
[2022-07-29T19:57:40.552Z] > git config --get commit.template [1ms]
[2022-07-29T19:57:40.721Z] > git ls-files --stage -- /workspace/FRONTFUNDATION/FRONTFUNDATION/src/app/components/components.component.html [2ms]
[2022-07-29T19:57:40.727Z] > git cat-file -s 227e96a71d7ad7d2ef5a5d5028ee58f0d30150ea [1ms]
[2022-07-29T19:57:40.870Z] > git show --textconv :FRONTFUNDATION/src/app/components/components.component.html [2ms]
[2022-07-29T20:01:21.560Z] > git fetch [286ms]
[2022-07-29T20:01:21.599Z] > git status -z -uall [31ms]
[2022-07-29T20:01:21.607Z] > git symbolic-ref --short HEAD [1ms]
[2022-07-29T20:01:21.613Z] > git for-each-ref --format=%(refname)%00%(upstream:short)%00%(objectname)%00%(upstream:track)%00%(upstream:remotename)%00%(upstream:remoteref) refs/heads/feature/navbar-changes refs/remotes/feature/navbar-changes [1ms]
[2022-07-29T20:01:21.623Z] > git for-each-ref --sort -committerdate --format %(refname) %(objectname) %(*objectname) [5ms]
[2022-07-29T20:01:21.624Z] > git remote --verbose [2ms]
[2022-07-29T20:01:21.631Z] > git config --get commit.template [0ms]
[2022-07-29T20:04:52.134Z] > git status -z -uall [33ms]
[2022-07-29T20:04:52.144Z] > git symbolic-ref --short HEAD [1ms]
[2022-07-29T20:04:52.152Z] > git for-each-ref --format=%(refname)%00%(upstream:short)%00%(objectname)%00%(upstream:track)%00%(upstream:remotename)%00%(upstream:remoteref) refs/heads/feature/navbar-changes refs/remotes/feature/navbar-changes [1ms]
[2022-07-29T20:04:52.164Z] > git for-each-ref --sort -committerdate --format %(refname) %(objectname) %(*objectname) [5ms]
[2022-07-29T20:04:52.164Z] > git remote --verbose [1ms]
[2022-07-29T20:04:52.172Z] > git config --get commit.template [1ms]
[2022-07-29T20:04:52.244Z] > git ls-files --stage -- /workspace/FRONTFUNDATION/FRONTFUNDATION/src/app/components/components.component.html [1ms]
[2022-07-29T20:04:52.251Z] > git cat-file -s 227e96a71d7ad7d2ef5a5d5028ee58f0d30150ea [1ms]
[2022-07-29T20:04:52.368Z] > git fetch [274ms]
[2022-07-29T20:04:52.395Z] > git show --textconv :FRONTFUNDATION/src/app/components/components.component.html [2ms]
[2022-07-29T20:04:52.411Z] > git status -z -uall [35ms]
[2022-07-29T20:04:52.420Z] > git symbolic-ref --short HEAD [1ms]
[2022-07-29T20:04:52.428Z] > git for-each-ref --format=%(refname)%00%(upstream:short)%00%(objectname)%00%(upstream:track)%00%(upstream:remotename)%00%(upstream:remoteref) refs/heads/feature/navbar-changes refs/remotes/feature/navbar-changes [2ms]
[2022-07-29T20:04:52.440Z] > git for-each-ref --sort -committerdate --format %(refname) %(objectname) %(*objectname) [6ms]
[2022-07-29T20:04:52.440Z] > git remote --verbose [1ms]
[2022-07-29T20:04:52.449Z] > git config --get commit.template [2ms]
[2022-07-29T20:04:53.793Z] > git ls-files --stage -- /workspace/FRONTFUNDATION/FRONTFUNDATION/src/app/components/components.component.html [1ms]
[2022-07-29T20:04:53.803Z] > git cat-file -s 227e96a71d7ad7d2ef5a5d5028ee58f0d30150ea [1ms]
[2022-07-29T20:04:53.949Z] > git show --textconv :FRONTFUNDATION/src/app/components/components.component.html [2ms]
[2022-07-29T20:04:57.213Z] > git status -z -uall [32ms]
[2022-07-29T20:04:57.222Z] > git symbolic-ref --short HEAD [1ms]
[2022-07-29T20:04:57.227Z] > git for-each-ref --format=%(refname)%00%(upstream:short)%00%(objectname)%00%(upstream:track)%00%(upstream:remotename)%00%(upstream:remoteref) refs/heads/feature/navbar-changes refs/remotes/feature/navbar-changes [1ms]
[2022-07-29T20:04:57.237Z] > git for-each-ref --sort -committerdate --format %(refname) %(objectname) %(*objectname) [5ms]
[2022-07-29T20:04:57.237Z] > git remote --verbose [1ms]
[2022-07-29T20:04:57.245Z] > git config --get commit.template [1ms]
[2022-07-29T20:08:03.138Z] > git fetch [300ms]
[2022-07-29T20:08:03.178Z] > git status -z -uall [31ms]
[2022-07-29T20:08:03.187Z] > git symbolic-ref --short HEAD [2ms]
[2022-07-29T20:08:03.193Z] > git for-each-ref --format=%(refname)%00%(upstream:short)%00%(objectname)%00%(upstream:track)%00%(upstream:remotename)%00%(upstream:remoteref) refs/heads/feature/navbar-changes refs/remotes/feature/navbar-changes [2ms]
[2022-07-29T20:08:03.202Z] > git for-each-ref --sort -committerdate --format %(refname) %(objectname) %(*objectname) [5ms]
[2022-07-29T20:08:03.203Z] > git remote --verbose [1ms]
[2022-07-29T20:08:03.210Z] > git config --get commit.template [1ms]
[2022-07-29T20:08:04.360Z] > git status -z -uall [32ms]
[2022-07-29T20:08:04.368Z] > git symbolic-ref --short HEAD [1ms]
[2022-07-29T20:08:04.374Z] > git for-each-ref --format=%(refname)%00%(upstream:short)%00%(objectname)%00%(upstream:track)%00%(upstream:remotename)%00%(upstream:remoteref) refs/heads/feature/navbar-changes refs/remotes/feature/navbar-changes [1ms]
[2022-07-29T20:08:04.384Z] > git for-each-ref --sort -committerdate --format %(refname) %(objectname) %(*objectname) [5ms]
[2022-07-29T20:08:04.385Z] > git remote --verbose [1ms]
[2022-07-29T20:08:04.392Z] > git config --get commit.template [1ms]
[2022-07-29T20:08:04.563Z] > git ls-files --stage -- /workspace/FRONTFUNDATION/FRONTFUNDATION/src/app/components/components.component.html [2ms]
[2022-07-29T20:08:04.569Z] > git cat-file -s 227e96a71d7ad7d2ef5a5d5028ee58f0d30150ea [1ms]
[2022-07-29T20:08:04.714Z] > git show --textconv :FRONTFUNDATION/src/app/components/components.component.html [2ms]
[2022-07-29T20:32:04.723Z] > git fetch [271ms]
[2022-07-29T20:32:04.762Z] > git status -z -uall [31ms]
[2022-07-29T20:32:04.768Z] > git symbolic-ref --short HEAD [1ms]
[2022-07-29T20:32:04.774Z] > git for-each-ref --format=%(refname)%00%(upstream:short)%00%(objectname)%00%(upstream:track)%00%(upstream:remotename)%00%(upstream:remoteref) refs/heads/feature/navbar-changes refs/remotes/feature/navbar-changes [0ms]
[2022-07-29T20:32:04.784Z] > git for-each-ref --sort -committerdate --format %(refname) %(objectname) %(*objectname) [5ms]
[2022-07-29T20:32:04.785Z] > git remote --verbose [1ms]
[2022-07-29T20:32:04.792Z] > git config --get commit.template [0ms]
[2022-07-29T20:32:11.488Z] > git status -z -uall [32ms]
[2022-07-29T20:32:11.495Z] > git symbolic-ref --short HEAD [1ms]
[2022-07-29T20:32:11.501Z] > git for-each-ref --format=%(refname)%00%(upstream:short)%00%(objectname)%00%(upstream:track)%00%(upstream:remotename)%00%(upstream:remoteref) refs/heads/feature/navbar-changes refs/remotes/feature/navbar-changes [2ms]
[2022-07-29T20:32:11.510Z] > git for-each-ref --sort -committerdate --format %(refname) %(objectname) %(*objectname) [5ms]
[2022-07-29T20:32:11.510Z] > git remote --verbose [0ms]
[2022-07-29T20:32:11.517Z] > git config --get commit.template [1ms]
[2022-07-29T20:32:11.600Z] > git ls-files --stage -- /workspace/FRONTFUNDATION/FRONTFUNDATION/src/app/components/components.component.html [1ms]
[2022-07-29T20:32:11.606Z] > git cat-file -s 227e96a71d7ad7d2ef5a5d5028ee58f0d30150ea [1ms]
[2022-07-29T20:32:11.750Z] > git show --textconv :FRONTFUNDATION/src/app/components/components.component.html [1ms]
