[2022-08-16 00:30:44.614] [exthost] [info] Extension host with pid 843 started
[2022-08-16 00:30:44.627] [exthost] [info] Lock '/workspace/.vscode-remote/data/User/workspaceStorage/-46c1abdc/vscode.lock': Lock acquired.
[2022-08-16 00:30:44.896] [exthost] [info] ExtensionService#_doActivateExtension gitpod.gitpod-web, startup: false, activationEvent: 'onAuthenticationRequest:gitpod'
[2022-08-16 00:30:45.048] [exthost] [info] ExtensionService#_doActivateExtension vscode.debug-auto-launch, startup: true, activationEvent: '*'
[2022-08-16 00:30:45.051] [exthost] [info] ExtensionService#_doActivateExtension vscode.git-base, startup: true, activationEvent: '*', root cause: vscode.git
[2022-08-16 00:30:45.055] [exthost] [info] ExtensionService#_doActivateExtension vscode.ipynb, startup: true, activationEvent: '*'
[2022-08-16 00:30:45.072] [exthost] [info] ExtensionService#_doActivateExtension vscode.github-authentication, startup: true, activationEvent: '*', root cause: GitHub.vscode-pull-request-github
[2022-08-16 00:30:45.229] [exthost] [info] ExtensionService#_doActivateExtension GitHub.vscode-pull-request-github, startup: true, activationEvent: '*'
[2022-08-16 00:30:45.325] [exthost] [info] ExtensionService#_doActivateExtension vscode.git, startup: true, activationEvent: '*'
[2022-08-16 00:30:45.410] [exthost] [info] ExtensionService#_doActivateExtension vscode.github, startup: true, activationEvent: '*'
[2022-08-16 00:30:47.277] [exthost] [info] ExtensionService#_doActivateExtension vscode.configuration-editing, startup: false, activationEvent: 'onLanguage:jsonc'
[2022-08-16 00:30:47.285] [exthost] [info] ExtensionService#_doActivateExtension vscode.json-language-features, startup: false, activationEvent: 'onLanguage:jsonc'
[2022-08-16 00:30:47.384] [exthost] [info] ExtensionService#_doActivateExtension vscode.typescript-language-features, startup: false, activationEvent: 'onLanguage:jsonc'
[2022-08-16 00:30:47.625] [exthost] [info] ExtensionService#_doActivateExtension vscode.emmet, startup: false, activationEvent: 'onStartupFinished'
[2022-08-16 00:30:47.645] [exthost] [info] ExtensionService#_doActivateExtension vscode.merge-conflict, startup: false, activationEvent: 'onStartupFinished'
[2022-08-16 00:30:47.649] [exthost] [info] Eager extensions activated
[2022-08-16 00:31:08.197] [exthost] [info] ExtensionService#_doActivateExtension vscode.html-language-features, startup: false, activationEvent: 'onLanguage:html'
[2022-08-16 00:46:30.885] [exthost] [info] ExtensionService#_doActivateExtension vscode.image-preview, startup: false, activationEvent: 'onCustomEditor:imagePreview.previewEditor'
[2022-08-16 00:48:13.076] [exthost] [info] ExtensionService#_doActivateExtension vscode.css-language-features, startup: false, activationEvent: 'onLanguage:scss'
[2022-08-16 00:57:16.084] [exthost] [info] Extension host terminating: received terminate message from renderer
[2022-08-16 00:57:16.086] [exthost] [info] Lock '/workspace/.vscode-remote/data/User/workspaceStorage/-46c1abdc/vscode.lock': Marking the lockfile as scheduled to be released in 6000 ms.
[2022-08-16 00:57:16.110] [exthost] [info] Extension host with pid 843 exiting with code 0
