[2022-08-08 03:25:47.426] [exthost] [info] Extension host with pid 888 started
[2022-08-08 03:25:47.434] [exthost] [info] Lock '/workspace/.vscode-remote/data/User/workspaceStorage/4790439b/vscode.lock': Lock acquired.
[2022-08-08 03:25:47.581] [exthost] [info] ExtensionService#_doActivateExtension gitpod.gitpod-web, startup: false, activationEvent: 'onAuthenticationRequest:gitpod'
[2022-08-08 03:25:47.702] [exthost] [info] ExtensionService#_doActivateExtension vscode.debug-auto-launch, startup: true, activationEvent: '*'
[2022-08-08 03:25:47.706] [exthost] [info] ExtensionService#_doActivateExtension vscode.git-base, startup: true, activationEvent: '*', root cause: vscode.git
[2022-08-08 03:25:47.710] [exthost] [info] ExtensionService#_doActivateExtension vscode.ipynb, startup: true, activationEvent: '*'
[2022-08-08 03:25:47.726] [exthost] [info] ExtensionService#_doActivateExtension vscode.github-authentication, startup: true, activationEvent: '*', root cause: GitHub.vscode-pull-request-github
[2022-08-08 03:25:47.878] [exthost] [info] ExtensionService#_doActivateExtension GitHub.vscode-pull-request-github, startup: true, activationEvent: '*'
[2022-08-08 03:25:47.968] [exthost] [info] ExtensionService#_doActivateExtension vscode.git, startup: true, activationEvent: '*'
[2022-08-08 03:25:48.051] [exthost] [info] ExtensionService#_doActivateExtension vscode.github, startup: true, activationEvent: '*'
[2022-08-08 03:25:48.337] [exthost] [info] ExtensionService#_doActivateExtension vscode.markdown-language-features, startup: false, activationEvent: 'onCommand:markdown.api.render'
[2022-08-08 03:25:48.949] [exthost] [info] ExtensionService#_doActivateExtension vscode.markdown-math, startup: false, activationEvent: 'api', root cause: vscode.markdown-language-features
[2022-08-08 03:25:49.353] [exthost] [info] ExtensionService#_doActivateExtension vscode.configuration-editing, startup: false, activationEvent: 'onLanguage:jsonc'
[2022-08-08 03:25:49.360] [exthost] [info] ExtensionService#_doActivateExtension vscode.json-language-features, startup: false, activationEvent: 'onLanguage:jsonc'
[2022-08-08 03:25:49.438] [exthost] [info] ExtensionService#_doActivateExtension vscode.typescript-language-features, startup: false, activationEvent: 'onLanguage:jsonc'
[2022-08-08 03:25:50.367] [exthost] [info] ExtensionService#_doActivateExtension vscode.emmet, startup: false, activationEvent: 'onStartupFinished'
[2022-08-08 03:25:50.389] [exthost] [info] ExtensionService#_doActivateExtension vscode.merge-conflict, startup: false, activationEvent: 'onStartupFinished'
[2022-08-08 03:25:50.393] [exthost] [info] Eager extensions activated
[2022-08-08 03:26:02.644] [exthost] [info] ExtensionService#_doActivateExtension vscode.html-language-features, startup: false, activationEvent: 'onLanguage:html'
[2022-08-08 03:30:11.304] [exthost] [info] ExtensionService#_doActivateExtension vscode.css-language-features, startup: false, activationEvent: 'onLanguage:scss'
[2022-08-08 03:32:18.478] [exthost] [info] ExtensionService#_doActivateExtension vscode.image-preview, startup: false, activationEvent: 'onCustomEditor:imagePreview.previewEditor'
[2022-08-08 03:36:20.110] [exthost] [info] Extension host terminating: received terminate message from renderer
[2022-08-08 03:36:20.111] [exthost] [info] Lock '/workspace/.vscode-remote/data/User/workspaceStorage/4790439b/vscode.lock': Marking the lockfile as scheduled to be released in 6000 ms.
[2022-08-08 03:36:20.148] [exthost] [info] Extension host with pid 888 exiting with code 0
