[2022-08-16T05:22:30.292Z] Log level: Info
[2022-08-16T05:22:30.294Z] [info] Validating found git in: git
[2022-08-16T05:22:30.313Z] [info] Using git 2.37.1 from git
[2022-08-16T05:22:30.339Z] > git rev-parse --show-toplevel [4ms]
[2022-08-16T05:22:30.352Z] > git rev-parse --git-dir --git-common-dir [2ms]
[2022-08-16T05:22:30.358Z] [info] Open repository: /workspace
[2022-08-16T05:22:30.457Z] > git status -z -uall [83ms]
[2022-08-16T05:22:30.469Z] > git symbolic-ref --short HEAD [4ms]
[2022-08-16T05:22:30.477Z] > git for-each-ref --format=%(refname)%00%(upstream:short)%00%(objectname)%00%(upstream:track)%00%(upstream:remotename)%00%(upstream:remoteref) refs/heads/main refs/remotes/main [1ms]
[2022-08-16T05:22:30.491Z] > git remote --verbose [2ms]
[2022-08-16T05:22:30.491Z] > git for-each-ref --sort -committerdate --format %(refname) %(objectname) %(*objectname) [8ms]
[2022-08-16T05:22:30.508Z] > git config --get commit.template [6ms]
[2022-08-16T05:22:30.600Z] > git status -z -uall [83ms]
[2022-08-16T05:22:30.608Z] > git symbolic-ref --short HEAD [2ms]
[2022-08-16T05:22:30.614Z] > git for-each-ref --format=%(refname)%00%(upstream:short)%00%(objectname)%00%(upstream:track)%00%(upstream:remotename)%00%(upstream:remoteref) refs/heads/main refs/remotes/main [2ms]
[2022-08-16T05:22:30.631Z] > git remote --verbose [4ms]
[2022-08-16T05:22:30.632Z] > git for-each-ref --sort -committerdate --format %(refname) %(objectname) %(*objectname) [13ms]
[2022-08-16T05:22:30.644Z] > git config --get commit.template [1ms]
[2022-08-16T05:22:30.682Z] > git fetch [314ms]
[2022-08-16T05:22:30.769Z] > git status -z -uall [79ms]
[2022-08-16T05:22:30.777Z] > git symbolic-ref --short HEAD [1ms]
[2022-08-16T05:22:30.784Z] > git for-each-ref --format=%(refname)%00%(upstream:short)%00%(objectname)%00%(upstream:track)%00%(upstream:remotename)%00%(upstream:remoteref) refs/heads/main refs/remotes/main [2ms]
[2022-08-16T05:22:30.793Z] > git for-each-ref --sort -committerdate --format %(refname) %(objectname) %(*objectname) [5ms]
[2022-08-16T05:22:30.794Z] > git remote --verbose [2ms]
[2022-08-16T05:22:30.801Z] > git config --get commit.template [1ms]
[2022-08-16T05:22:31.034Z] > git check-ignore -v -z --stdin [2ms]
[2022-08-16T05:22:32.351Z] > git config --local branch.main.github-pr-owner-number [72ms]
[2022-08-16T05:22:35.941Z] > git status -z -uall [74ms]
[2022-08-16T05:22:35.952Z] > git symbolic-ref --short HEAD [1ms]
[2022-08-16T05:22:35.964Z] > git for-each-ref --format=%(refname)%00%(upstream:short)%00%(objectname)%00%(upstream:track)%00%(upstream:remotename)%00%(upstream:remoteref) refs/heads/main refs/remotes/main [1ms]
[2022-08-16T05:22:35.984Z] > git for-each-ref --sort -committerdate --format %(refname) %(objectname) %(*objectname) [7ms]
[2022-08-16T05:22:35.985Z] > git remote --verbose [2ms]
[2022-08-16T05:22:35.995Z] > git config --get commit.template [1ms]
[2022-08-16T05:22:41.088Z] > git status -z -uall [81ms]
[2022-08-16T05:22:41.141Z] > git symbolic-ref --short HEAD [2ms]
[2022-08-16T05:22:41.150Z] > git for-each-ref --format=%(refname)%00%(upstream:short)%00%(objectname)%00%(upstream:track)%00%(upstream:remotename)%00%(upstream:remoteref) refs/heads/main refs/remotes/main [1ms]
[2022-08-16T05:22:41.163Z] > git for-each-ref --sort -committerdate --format %(refname) %(objectname) %(*objectname) [7ms]
[2022-08-16T05:22:41.163Z] > git remote --verbose [1ms]
[2022-08-16T05:22:41.212Z] > git config --get commit.template [3ms]
[2022-08-16T05:22:41.377Z] > git config --local branch.main.github-pr-owner-number [18ms]
[2022-08-16T05:22:46.302Z] > git status -z -uall [78ms]
[2022-08-16T05:22:46.314Z] > git symbolic-ref --short HEAD [1ms]
[2022-08-16T05:22:46.324Z] > git for-each-ref --format=%(refname)%00%(upstream:short)%00%(objectname)%00%(upstream:track)%00%(upstream:remotename)%00%(upstream:remoteref) refs/heads/main refs/remotes/main [2ms]
[2022-08-16T05:22:46.342Z] > git for-each-ref --sort -committerdate --format %(refname) %(objectname) %(*objectname) [9ms]
[2022-08-16T05:22:46.342Z] > git remote --verbose [1ms]
[2022-08-16T05:22:46.356Z] > git config --get commit.template [1ms]
[2022-08-16T05:22:51.451Z] > git status -z -uall [83ms]
[2022-08-16T05:22:51.462Z] > git symbolic-ref --short HEAD [2ms]
[2022-08-16T05:22:51.473Z] > git for-each-ref --format=%(refname)%00%(upstream:short)%00%(objectname)%00%(upstream:track)%00%(upstream:remotename)%00%(upstream:remoteref) refs/heads/main refs/remotes/main [2ms]
[2022-08-16T05:22:51.492Z] > git for-each-ref --sort -committerdate --format %(refname) %(objectname) %(*objectname) [10ms]
[2022-08-16T05:22:51.493Z] > git remote --verbose [2ms]
[2022-08-16T05:22:51.509Z] > git config --get commit.template [2ms]
[2022-08-16T05:22:56.594Z] > git status -z -uall [74ms]
[2022-08-16T05:22:56.604Z] > git symbolic-ref --short HEAD [1ms]
[2022-08-16T05:22:56.612Z] > git for-each-ref --format=%(refname)%00%(upstream:short)%00%(objectname)%00%(upstream:track)%00%(upstream:remotename)%00%(upstream:remoteref) refs/heads/main refs/remotes/main [1ms]
[2022-08-16T05:22:56.625Z] > git for-each-ref --sort -committerdate --format %(refname) %(objectname) %(*objectname) [7ms]
[2022-08-16T05:22:56.626Z] > git remote --verbose [1ms]
[2022-08-16T05:22:56.638Z] > git config --get commit.template [1ms]
[2022-08-16T05:23:01.722Z] > git status -z -uall [73ms]
[2022-08-16T05:23:01.732Z] > git symbolic-ref --short HEAD [1ms]
[2022-08-16T05:23:01.739Z] > git for-each-ref --format=%(refname)%00%(upstream:short)%00%(objectname)%00%(upstream:track)%00%(upstream:remotename)%00%(upstream:remoteref) refs/heads/main refs/remotes/main [2ms]
[2022-08-16T05:23:01.750Z] > git for-each-ref --sort -committerdate --format %(refname) %(objectname) %(*objectname) [6ms]
[2022-08-16T05:23:01.750Z] > git remote --verbose [1ms]
[2022-08-16T05:23:01.758Z] > git config --get commit.template [1ms]
[2022-08-16T05:23:06.841Z] > git status -z -uall [73ms]
[2022-08-16T05:23:06.852Z] > git symbolic-ref --short HEAD [1ms]
[2022-08-16T05:23:06.859Z] > git for-each-ref --format=%(refname)%00%(upstream:short)%00%(objectname)%00%(upstream:track)%00%(upstream:remotename)%00%(upstream:remoteref) refs/heads/main refs/remotes/main [2ms]
[2022-08-16T05:23:06.872Z] > git for-each-ref --sort -committerdate --format %(refname) %(objectname) %(*objectname) [8ms]
[2022-08-16T05:23:06.873Z] > git remote --verbose [2ms]
[2022-08-16T05:23:06.881Z] > git config --get commit.template [1ms]
