[2022-08-16T02:17:19.473Z] Log level: Info
[2022-08-16T02:17:19.475Z] [info] Validating found git in: git
[2022-08-16T02:17:19.580Z] [info] Using git 2.37.1 from git
[2022-08-16T02:17:19.603Z] > git rev-parse --show-toplevel [9ms]
[2022-08-16T02:17:19.620Z] > git rev-parse --git-dir --git-common-dir [5ms]
[2022-08-16T02:17:19.625Z] [info] Open repository: /workspace/FRONTFUNDATION
[2022-08-16T02:17:19.702Z] > git status -z -uall [66ms]
[2022-08-16T02:17:19.712Z] > git symbolic-ref --short HEAD [1ms]
[2022-08-16T02:17:19.719Z] > git for-each-ref --format=%(refname)%00%(upstream:short)%00%(objectname)%00%(upstream:track)%00%(upstream:remotename)%00%(upstream:remoteref) refs/heads/main refs/remotes/main [1ms]
[2022-08-16T02:17:19.732Z] > git remote --verbose [2ms]
[2022-08-16T02:17:19.732Z] > git for-each-ref --sort -committerdate --format %(refname) %(objectname) %(*objectname) [7ms]
[2022-08-16T02:17:19.742Z] > git config --get commit.template [1ms]
[2022-08-16T02:17:19.815Z] > git status -z -uall [66ms]
[2022-08-16T02:17:19.824Z] > git symbolic-ref --short HEAD [1ms]
[2022-08-16T02:17:19.830Z] > git for-each-ref --format=%(refname)%00%(upstream:short)%00%(objectname)%00%(upstream:track)%00%(upstream:remotename)%00%(upstream:remoteref) refs/heads/main refs/remotes/main [1ms]
[2022-08-16T02:17:19.842Z] > git remote --verbose [2ms]
[2022-08-16T02:17:19.842Z] > git for-each-ref --sort -committerdate --format %(refname) %(objectname) %(*objectname) [7ms]
[2022-08-16T02:17:19.850Z] > git config --get commit.template [1ms]
[2022-08-16T02:17:20.222Z] > git show --textconv :FRONTFUNDATION/src/app/components/components.component.scss [7ms]
[2022-08-16T02:17:20.223Z] > git ls-files --stage -- /workspace/FRONTFUNDATION/FRONTFUNDATION/src/app/components/components.component.scss [2ms]
[2022-08-16T02:17:20.229Z] > git cat-file -s 960796d7de582ed12233a618a71ac863403b1924 [2ms]
[2022-08-16T02:17:20.306Z] > git check-ignore -v -z --stdin [1ms]
[2022-08-16T02:17:20.309Z] > git fetch [454ms]
[2022-08-16T02:17:20.309Z] From https://github.com/FundationSemillas/FRONTFUNDATION
   bbb0c74..cd68c4e  main       -> origin/main
   e2e01ec..342baa7  zaida      -> origin/zaida
[2022-08-16T02:17:20.377Z] > git status -z -uall [62ms]
[2022-08-16T02:17:20.385Z] > git symbolic-ref --short HEAD [1ms]
[2022-08-16T02:17:20.391Z] > git for-each-ref --format=%(refname)%00%(upstream:short)%00%(objectname)%00%(upstream:track)%00%(upstream:remotename)%00%(upstream:remoteref) refs/heads/main refs/remotes/main [1ms]
[2022-08-16T02:17:20.401Z] > git for-each-ref --sort -committerdate --format %(refname) %(objectname) %(*objectname) [5ms]
[2022-08-16T02:17:20.401Z] > git remote --verbose [1ms]
[2022-08-16T02:17:20.410Z] > git config --get commit.template [2ms]
[2022-08-16T02:17:21.470Z] > git config --local branch.main.github-pr-owner-number [49ms]
[2022-08-16T02:17:21.678Z] > git status -z -uall [70ms]
[2022-08-16T02:17:21.693Z] > git symbolic-ref --short HEAD [5ms]
[2022-08-16T02:17:21.716Z] > git for-each-ref --format=%(refname)%00%(upstream:short)%00%(objectname)%00%(upstream:track)%00%(upstream:remotename)%00%(upstream:remoteref) refs/heads/main refs/remotes/main [13ms]
[2022-08-16T02:17:21.733Z] > git for-each-ref --sort -committerdate --format %(refname) %(objectname) %(*objectname) [10ms]
[2022-08-16T02:17:21.733Z] > git remote --verbose [3ms]
[2022-08-16T02:17:21.745Z] > git config --get commit.template [1ms]
[2022-08-16T02:17:21.887Z] > git ls-files --stage -- /workspace/FRONTFUNDATION/FRONTFUNDATION/src/app/components/components.component.scss [2ms]
[2022-08-16T02:17:21.895Z] > git cat-file -s 960796d7de582ed12233a618a71ac863403b1924 [2ms]
[2022-08-16T02:17:22.035Z] > git show --textconv :FRONTFUNDATION/src/app/components/components.component.scss [1ms]
[2022-08-16T02:17:50.481Z] > git status -z -uall [4ms]
[2022-08-16T02:17:50.488Z] > git symbolic-ref --short HEAD [1ms]
[2022-08-16T02:17:50.501Z] > git for-each-ref --format=%(refname)%00%(upstream:short)%00%(objectname)%00%(upstream:track)%00%(upstream:remotename)%00%(upstream:remoteref) refs/heads/main refs/remotes/main [1ms]
[2022-08-16T02:17:50.522Z] > git for-each-ref --sort -committerdate --format %(refname) %(objectname) %(*objectname) [11ms]
[2022-08-16T02:17:50.523Z] > git remote --verbose [2ms]
[2022-08-16T02:17:50.578Z] > git config --get commit.template [1ms]
[2022-08-16T02:17:50.741Z] > git config --local branch.main.github-pr-owner-number [23ms]
[2022-08-16T02:17:50.794Z] > git ls-files --stage -- /workspace/FRONTFUNDATION/FRONTFUNDATION/src/app/components/components.component.scss [26ms]
[2022-08-16T02:17:50.820Z] > git cat-file -s 960796d7de582ed12233a618a71ac863403b1924 [17ms]
[2022-08-16T02:17:50.959Z] > git show --textconv :FRONTFUNDATION/src/app/components/components.component.scss [1ms]
[2022-08-16T02:29:04.224Z] > git fetch [279ms]
[2022-08-16T02:29:04.236Z] > git status -z -uall [4ms]
[2022-08-16T02:29:04.244Z] > git symbolic-ref --short HEAD [2ms]
[2022-08-16T02:29:04.250Z] > git for-each-ref --format=%(refname)%00%(upstream:short)%00%(objectname)%00%(upstream:track)%00%(upstream:remotename)%00%(upstream:remoteref) refs/heads/main refs/remotes/main [1ms]
[2022-08-16T02:29:04.259Z] > git for-each-ref --sort -committerdate --format %(refname) %(objectname) %(*objectname) [5ms]
[2022-08-16T02:29:04.260Z] > git remote --verbose [2ms]
[2022-08-16T02:29:04.266Z] > git config --get commit.template [1ms]
[2022-08-16T02:30:30.472Z] > git status -z -uall [5ms]
[2022-08-16T02:30:30.481Z] > git symbolic-ref --short HEAD [1ms]
[2022-08-16T02:30:30.490Z] > git for-each-ref --format=%(refname)%00%(upstream:short)%00%(objectname)%00%(upstream:track)%00%(upstream:remotename)%00%(upstream:remoteref) refs/heads/main refs/remotes/main [1ms]
[2022-08-16T02:30:30.508Z] > git for-each-ref --sort -committerdate --format %(refname) %(objectname) %(*objectname) [9ms]
[2022-08-16T02:30:30.509Z] > git remote --verbose [2ms]
[2022-08-16T02:30:30.520Z] > git config --get commit.template [1ms]
[2022-08-16T02:30:30.628Z] > git ls-files --stage -- /workspace/FRONTFUNDATION/FRONTFUNDATION/src/app/components/components.component.scss [2ms]
[2022-08-16T02:30:30.634Z] > git cat-file -s 960796d7de582ed12233a618a71ac863403b1924 [1ms]
[2022-08-16T02:30:30.797Z] > git show --textconv :FRONTFUNDATION/src/app/components/components.component.scss [1ms]
[2022-08-16T02:30:33.665Z] > git show --textconv :FRONTFUNDATION/src/app/components/components.component.html [9ms]
[2022-08-16T02:30:33.665Z] > git ls-files --stage -- /workspace/FRONTFUNDATION/FRONTFUNDATION/src/app/components/components.component.html [3ms]
[2022-08-16T02:30:33.673Z] > git cat-file -s d75100f33e103c074df3cd0f0aed8ef79a506c73 [1ms]
[2022-08-16T02:31:37.776Z] > git status -z -uall [5ms]
[2022-08-16T02:31:37.789Z] > git symbolic-ref --short HEAD [2ms]
[2022-08-16T02:31:37.802Z] > git for-each-ref --format=%(refname)%00%(upstream:short)%00%(objectname)%00%(upstream:track)%00%(upstream:remotename)%00%(upstream:remoteref) refs/heads/main refs/remotes/main [2ms]
[2022-08-16T02:31:37.822Z] > git for-each-ref --sort -committerdate --format %(refname) %(objectname) %(*objectname) [9ms]
[2022-08-16T02:31:37.823Z] > git remote --verbose [2ms]
[2022-08-16T02:31:37.843Z] > git config --get commit.template [2ms]
[2022-08-16T02:31:46.397Z] > git status -z -uall [4ms]
[2022-08-16T02:31:46.404Z] > git symbolic-ref --short HEAD [1ms]
[2022-08-16T02:31:46.411Z] > git for-each-ref --format=%(refname)%00%(upstream:short)%00%(objectname)%00%(upstream:track)%00%(upstream:remotename)%00%(upstream:remoteref) refs/heads/main refs/remotes/main [1ms]
[2022-08-16T02:31:46.424Z] > git for-each-ref --sort -committerdate --format %(refname) %(objectname) %(*objectname) [7ms]
[2022-08-16T02:31:46.424Z] > git remote --verbose [1ms]
[2022-08-16T02:31:46.436Z] > git config --get commit.template [2ms]
[2022-08-16T02:31:51.571Z] > git status -z -uall [3ms]
[2022-08-16T02:31:51.581Z] > git symbolic-ref --short HEAD [1ms]
[2022-08-16T02:31:51.592Z] > git for-each-ref --format=%(refname)%00%(upstream:short)%00%(objectname)%00%(upstream:track)%00%(upstream:remotename)%00%(upstream:remoteref) refs/heads/main refs/remotes/main [1ms]
[2022-08-16T02:31:51.609Z] > git for-each-ref --sort -committerdate --format %(refname) %(objectname) %(*objectname) [10ms]
[2022-08-16T02:31:51.609Z] > git remote --verbose [1ms]
[2022-08-16T02:31:51.621Z] > git config --get commit.template [1ms]
[2022-08-16T02:31:51.821Z] > git ls-files --stage -- /workspace/FRONTFUNDATION/FRONTFUNDATION/src/app/components/components.component.html [1ms]
[2022-08-16T02:31:51.832Z] > git cat-file -s bc4127d1c8235eb10392dc81d0abb9d860f64f9e [1ms]
[2022-08-16T02:31:51.994Z] > git show --textconv :FRONTFUNDATION/src/app/components/components.component.html [2ms]
[2022-08-16T02:31:55.401Z] > git ls-files --stage -- /workspace/FRONTFUNDATION/FRONTFUNDATION/src/app/components/components.component.html [1ms]
[2022-08-16T02:31:55.411Z] > git cat-file -s bc4127d1c8235eb10392dc81d0abb9d860f64f9e [1ms]
[2022-08-16T02:31:55.571Z] > git show --textconv :FRONTFUNDATION/src/app/components/components.component.html [1ms]
[2022-08-16T02:31:56.635Z] > git status -z -uall [2ms]
[2022-08-16T02:31:56.646Z] > git symbolic-ref --short HEAD [2ms]
[2022-08-16T02:31:56.654Z] > git for-each-ref --format=%(refname)%00%(upstream:short)%00%(objectname)%00%(upstream:track)%00%(upstream:remotename)%00%(upstream:remoteref) refs/heads/main refs/remotes/main [2ms]
[2022-08-16T02:31:56.667Z] > git for-each-ref --sort -committerdate --format %(refname) %(objectname) %(*objectname) [6ms]
[2022-08-16T02:31:56.667Z] > git remote --verbose [1ms]
[2022-08-16T02:31:56.720Z] > git config --get commit.template [1ms]
[2022-08-16T02:31:56.901Z] > git config --local branch.main.github-pr-owner-number [19ms]
[2022-08-16T02:31:59.306Z] > git ls-files --stage -- /workspace/FRONTFUNDATION/FRONTFUNDATION/src/app/components/components.component.html [1ms]
[2022-08-16T02:31:59.312Z] > git cat-file -s bc4127d1c8235eb10392dc81d0abb9d860f64f9e [1ms]
[2022-08-16T02:31:59.510Z] > git show --textconv :FRONTFUNDATION/src/app/components/components.component.html [1ms]
[2022-08-16T02:32:01.731Z] > git status -z -uall [3ms]
[2022-08-16T02:32:01.736Z] > git symbolic-ref --short HEAD [0ms]
[2022-08-16T02:32:01.742Z] > git for-each-ref --format=%(refname)%00%(upstream:short)%00%(objectname)%00%(upstream:track)%00%(upstream:remotename)%00%(upstream:remoteref) refs/heads/main refs/remotes/main [1ms]
[2022-08-16T02:32:01.751Z] > git for-each-ref --sort -committerdate --format %(refname) %(objectname) %(*objectname) [5ms]
[2022-08-16T02:32:01.751Z] > git remote --verbose [1ms]
[2022-08-16T02:32:01.760Z] > git config --get commit.template [0ms]
[2022-08-16T02:32:01.950Z] > git config --local branch.main.github-pr-owner-number [27ms]
[2022-08-16T02:33:26.544Z] > git fetch [268ms]
[2022-08-16T02:33:26.553Z] > git status -z -uall [2ms]
[2022-08-16T02:33:26.560Z] > git symbolic-ref --short HEAD [1ms]
[2022-08-16T02:33:26.566Z] > git for-each-ref --format=%(refname)%00%(upstream:short)%00%(objectname)%00%(upstream:track)%00%(upstream:remotename)%00%(upstream:remoteref) refs/heads/main refs/remotes/main [1ms]
[2022-08-16T02:33:26.577Z] > git for-each-ref --sort -committerdate --format %(refname) %(objectname) %(*objectname) [6ms]
[2022-08-16T02:33:26.578Z] > git remote --verbose [1ms]
[2022-08-16T02:33:26.585Z] > git config --get commit.template [0ms]
[2022-08-16T02:38:00.959Z] > git status -z -uall [2ms]
[2022-08-16T02:38:00.970Z] > git symbolic-ref --short HEAD [1ms]
[2022-08-16T02:38:00.980Z] > git for-each-ref --format=%(refname)%00%(upstream:short)%00%(objectname)%00%(upstream:track)%00%(upstream:remotename)%00%(upstream:remoteref) refs/heads/main refs/remotes/main [2ms]
[2022-08-16T02:38:01.004Z] > git remote --verbose [3ms]
[2022-08-16T02:38:01.004Z] > git for-each-ref --sort -committerdate --format %(refname) %(objectname) %(*objectname) [15ms]
[2022-08-16T02:38:01.020Z] > git config --get commit.template [1ms]
[2022-08-16T02:38:01.132Z] > git ls-files --stage -- /workspace/FRONTFUNDATION/FRONTFUNDATION/src/app/components/components.component.html [1ms]
[2022-08-16T02:38:01.144Z] > git cat-file -s bc4127d1c8235eb10392dc81d0abb9d860f64f9e [1ms]
[2022-08-16T02:38:01.261Z] > git fetch [314ms]
[2022-08-16T02:38:01.283Z] > git status -z -uall [11ms]
[2022-08-16T02:38:01.291Z] > git show --textconv :FRONTFUNDATION/src/app/components/components.component.html [9ms]
[2022-08-16T02:38:01.292Z] > git symbolic-ref --short HEAD [1ms]
[2022-08-16T02:38:01.305Z] > git for-each-ref --format=%(refname)%00%(upstream:short)%00%(objectname)%00%(upstream:track)%00%(upstream:remotename)%00%(upstream:remoteref) refs/heads/main refs/remotes/main [2ms]
[2022-08-16T02:38:01.326Z] > git for-each-ref --sort -committerdate --format %(refname) %(objectname) %(*objectname) [10ms]
[2022-08-16T02:38:01.326Z] > git remote --verbose [1ms]
[2022-08-16T02:38:01.340Z] > git config --get commit.template [1ms]
[2022-08-16T02:40:33.003Z] > git status -z -uall [2ms]
[2022-08-16T02:40:33.011Z] > git symbolic-ref --short HEAD [2ms]
[2022-08-16T02:40:33.020Z] > git for-each-ref --format=%(refname)%00%(upstream:short)%00%(objectname)%00%(upstream:track)%00%(upstream:remotename)%00%(upstream:remoteref) refs/heads/main refs/remotes/main [2ms]
[2022-08-16T02:40:33.032Z] > git for-each-ref --sort -committerdate --format %(refname) %(objectname) %(*objectname) [6ms]
[2022-08-16T02:40:33.032Z] > git remote --verbose [1ms]
[2022-08-16T02:40:33.040Z] > git config --get commit.template [1ms]
[2022-08-16T02:40:33.143Z] > git ls-files --stage -- /workspace/FRONTFUNDATION/FRONTFUNDATION/src/app/components/components.component.html [1ms]
[2022-08-16T02:40:33.150Z] > git cat-file -s bc4127d1c8235eb10392dc81d0abb9d860f64f9e [1ms]
[2022-08-16T02:40:33.289Z] > git show --textconv :FRONTFUNDATION/src/app/components/components.component.html [1ms]
