[2022-08-16T00:30:45.601Z] Log level: Info
[2022-08-16T00:30:45.603Z] [info] Validating found git in: git
[2022-08-16T00:30:45.620Z] [info] Using git 2.37.1 from git
[2022-08-16T00:30:45.643Z] > git rev-parse --show-toplevel [8ms]
[2022-08-16T00:30:45.656Z] > git rev-parse --git-dir --git-common-dir [2ms]
[2022-08-16T00:30:45.663Z] [info] Open repository: /workspace/FRONTFUNDATION
[2022-08-16T00:30:45.727Z] > git status -z -uall [45ms]
[2022-08-16T00:30:45.738Z] > git symbolic-ref --short HEAD [3ms]
[2022-08-16T00:30:45.745Z] > git for-each-ref --format=%(refname)%00%(upstream:short)%00%(objectname)%00%(upstream:track)%00%(upstream:remotename)%00%(upstream:remoteref) refs/heads/main refs/remotes/main [2ms]
[2022-08-16T00:30:45.760Z] > git remote --verbose [4ms]
[2022-08-16T00:30:45.760Z] > git for-each-ref --sort -committerdate --format %(refname) %(objectname) %(*objectname) [10ms]
[2022-08-16T00:30:45.774Z] > git config --get commit.template [2ms]
[2022-08-16T00:30:45.819Z] > git status -z -uall [38ms]
[2022-08-16T00:30:45.830Z] > git symbolic-ref --short HEAD [2ms]
[2022-08-16T00:30:45.840Z] > git for-each-ref --format=%(refname)%00%(upstream:short)%00%(objectname)%00%(upstream:track)%00%(upstream:remotename)%00%(upstream:remoteref) refs/heads/main refs/remotes/main [2ms]
[2022-08-16T00:30:45.856Z] > git for-each-ref --sort -committerdate --format %(refname) %(objectname) %(*objectname) [9ms]
[2022-08-16T00:30:45.857Z] > git remote --verbose [3ms]
[2022-08-16T00:30:45.870Z] > git config --get commit.template [3ms]
[2022-08-16T00:30:46.159Z] > git fetch [485ms]
[2022-08-16T00:30:46.159Z] From https://github.com/FundationSemillas/FRONTFUNDATION
   a5eff15..daf2a2c  emily      -> origin/emily
[2022-08-16T00:30:46.202Z] > git status -z -uall [36ms]
[2022-08-16T00:30:46.210Z] > git symbolic-ref --short HEAD [1ms]
[2022-08-16T00:30:46.217Z] > git for-each-ref --format=%(refname)%00%(upstream:short)%00%(objectname)%00%(upstream:track)%00%(upstream:remotename)%00%(upstream:remoteref) refs/heads/main refs/remotes/main [1ms]
[2022-08-16T00:30:46.228Z] > git for-each-ref --sort -committerdate --format %(refname) %(objectname) %(*objectname) [6ms]
[2022-08-16T00:30:46.229Z] > git remote --verbose [2ms]
[2022-08-16T00:30:46.238Z] > git config --get commit.template [1ms]
[2022-08-16T00:30:46.306Z] > git check-ignore -v -z --stdin [2ms]
[2022-08-16T00:30:47.472Z] > git status -z -uall [35ms]
[2022-08-16T00:30:47.482Z] > git symbolic-ref --short HEAD [1ms]
[2022-08-16T00:30:47.490Z] > git for-each-ref --format=%(refname)%00%(upstream:short)%00%(objectname)%00%(upstream:track)%00%(upstream:remotename)%00%(upstream:remoteref) refs/heads/main refs/remotes/main [1ms]
[2022-08-16T00:30:47.509Z] > git for-each-ref --sort -committerdate --format %(refname) %(objectname) %(*objectname) [11ms]
[2022-08-16T00:30:47.509Z] > git remote --verbose [3ms]
[2022-08-16T00:30:47.520Z] > git config --get commit.template [1ms]
[2022-08-16T00:30:47.766Z] > git config --local branch.main.github-pr-owner-number [69ms]
[2022-08-16T00:30:52.636Z] > git check-ignore -v -z --stdin [1ms]
[2022-08-16T00:31:02.003Z] > git check-ignore -v -z --stdin [1ms]
[2022-08-16T00:31:05.825Z] > git check-ignore -v -z --stdin [1ms]
[2022-08-16T00:31:07.129Z] > git check-ignore -v -z --stdin [1ms]
[2022-08-16T00:31:08.547Z] > git show --textconv :FRONTFUNDATION/src/app/components/components.component.html [9ms]
[2022-08-16T00:31:08.548Z] > git ls-files --stage -- /workspace/FRONTFUNDATION/FRONTFUNDATION/src/app/components/components.component.html [2ms]
[2022-08-16T00:31:08.556Z] > git cat-file -s dfe34268a6e0dedad87473760fdc6a49c4c9c3e3 [1ms]
[2022-08-16T00:45:19.221Z] > git fetch [283ms]
[2022-08-16T00:45:19.263Z] > git status -z -uall [34ms]
[2022-08-16T00:45:19.271Z] > git symbolic-ref --short HEAD [2ms]
[2022-08-16T00:45:19.277Z] > git for-each-ref --format=%(refname)%00%(upstream:short)%00%(objectname)%00%(upstream:track)%00%(upstream:remotename)%00%(upstream:remoteref) refs/heads/main refs/remotes/main [2ms]
[2022-08-16T00:45:19.288Z] > git for-each-ref --sort -committerdate --format %(refname) %(objectname) %(*objectname) [6ms]
[2022-08-16T00:45:19.289Z] > git remote --verbose [2ms]
[2022-08-16T00:45:19.296Z] > git config --get commit.template [1ms]
[2022-08-16T00:45:31.987Z] > git status -z -uall [35ms]
[2022-08-16T00:45:31.995Z] > git symbolic-ref --short HEAD [1ms]
[2022-08-16T00:45:32.001Z] > git for-each-ref --format=%(refname)%00%(upstream:short)%00%(objectname)%00%(upstream:track)%00%(upstream:remotename)%00%(upstream:remoteref) refs/heads/main refs/remotes/main [1ms]
[2022-08-16T00:45:32.011Z] > git for-each-ref --sort -committerdate --format %(refname) %(objectname) %(*objectname) [5ms]
[2022-08-16T00:45:32.011Z] > git remote --verbose [1ms]
[2022-08-16T00:45:32.019Z] > git config --get commit.template [1ms]
[2022-08-16T00:45:32.096Z] > git ls-files --stage -- /workspace/FRONTFUNDATION/FRONTFUNDATION/src/app/components/components.component.html [2ms]
[2022-08-16T00:45:32.103Z] > git cat-file -s dfe34268a6e0dedad87473760fdc6a49c4c9c3e3 [1ms]
[2022-08-16T00:45:32.248Z] > git show --textconv :FRONTFUNDATION/src/app/components/components.component.html [2ms]
[2022-08-16T00:45:50.370Z] > git check-ignore -v -z --stdin [1ms]
[2022-08-16T00:45:52.068Z] > git check-ignore -v -z --stdin [1ms]
[2022-08-16T00:45:52.982Z] > git check-ignore -v -z --stdin [1ms]
[2022-08-16T00:45:53.970Z] > git check-ignore -v -z --stdin [1ms]
[2022-08-16T00:46:01.507Z] > git status -z -uall [34ms]
[2022-08-16T00:46:01.514Z] > git symbolic-ref --short HEAD [2ms]
[2022-08-16T00:46:01.520Z] > git for-each-ref --format=%(refname)%00%(upstream:short)%00%(objectname)%00%(upstream:track)%00%(upstream:remotename)%00%(upstream:remoteref) refs/heads/main refs/remotes/main [1ms]
[2022-08-16T00:46:01.530Z] > git for-each-ref --sort -committerdate --format %(refname) %(objectname) %(*objectname) [5ms]
[2022-08-16T00:46:01.530Z] > git remote --verbose [1ms]
[2022-08-16T00:46:01.538Z] > git config --get commit.template [0ms]
[2022-08-16T00:46:02.761Z] > git show --textconv :FRONTFUNDATION/src/assets/img/undraw/undraw_task_re_wi3v.svg [6ms]
[2022-08-16T00:46:02.762Z] > git ls-files --stage -- /workspace/FRONTFUNDATION/FRONTFUNDATION/src/assets/img/undraw/undraw_task_re_wi3v.svg [1ms]
[2022-08-16T00:46:02.767Z] > git cat-file -s 14e1d5ffc364cc2b4107ec87125cd09e1d96e063 [1ms]
[2022-08-16T00:46:06.581Z] > git status -z -uall [34ms]
[2022-08-16T00:46:06.588Z] > git symbolic-ref --short HEAD [2ms]
[2022-08-16T00:46:06.595Z] > git for-each-ref --format=%(refname)%00%(upstream:short)%00%(objectname)%00%(upstream:track)%00%(upstream:remotename)%00%(upstream:remoteref) refs/heads/main refs/remotes/main [2ms]
[2022-08-16T00:46:06.605Z] > git for-each-ref --sort -committerdate --format %(refname) %(objectname) %(*objectname) [6ms]
[2022-08-16T00:46:06.605Z] > git remote --verbose [1ms]
[2022-08-16T00:46:06.613Z] > git config --get commit.template [1ms]
[2022-08-16T00:46:29.812Z] > git status -z -uall [35ms]
[2022-08-16T00:46:29.822Z] > git symbolic-ref --short HEAD [1ms]
[2022-08-16T00:46:29.833Z] > git for-each-ref --format=%(refname)%00%(upstream:short)%00%(objectname)%00%(upstream:track)%00%(upstream:remotename)%00%(upstream:remoteref) refs/heads/main refs/remotes/main [1ms]
[2022-08-16T00:46:29.855Z] > git remote --verbose [1ms]
[2022-08-16T00:46:29.856Z] > git for-each-ref --sort -committerdate --format %(refname) %(objectname) %(*objectname) [14ms]
[2022-08-16T00:46:29.868Z] > git config --get commit.template [1ms]
[2022-08-16T00:46:31.400Z] > git check-ignore -v -z --stdin [1ms]
[2022-08-16T00:46:34.914Z] > git status -z -uall [34ms]
[2022-08-16T00:46:34.924Z] > git symbolic-ref --short HEAD [1ms]
[2022-08-16T00:46:34.933Z] > git for-each-ref --format=%(refname)%00%(upstream:short)%00%(objectname)%00%(upstream:track)%00%(upstream:remotename)%00%(upstream:remoteref) refs/heads/main refs/remotes/main [2ms]
[2022-08-16T00:46:34.949Z] > git for-each-ref --sort -committerdate --format %(refname) %(objectname) %(*objectname) [8ms]
[2022-08-16T00:46:34.950Z] > git remote --verbose [2ms]
[2022-08-16T00:46:34.960Z] > git config --get commit.template [1ms]
[2022-08-16T00:46:39.180Z] > git check-ignore -v -z --stdin [1ms]
[2022-08-16T00:46:40.002Z] > git status -z -uall [33ms]
[2022-08-16T00:46:40.013Z] > git symbolic-ref --short HEAD [1ms]
[2022-08-16T00:46:40.023Z] > git for-each-ref --format=%(refname)%00%(upstream:short)%00%(objectname)%00%(upstream:track)%00%(upstream:remotename)%00%(upstream:remoteref) refs/heads/main refs/remotes/main [1ms]
[2022-08-16T00:46:40.042Z] > git for-each-ref --sort -committerdate --format %(refname) %(objectname) %(*objectname) [10ms]
[2022-08-16T00:46:40.043Z] > git remote --verbose [2ms]
[2022-08-16T00:46:40.055Z] > git config --get commit.template [1ms]
[2022-08-16T00:46:45.025Z] > git show --textconv :FRONTFUNDATION/src/app/components/components.component.html [7ms]
[2022-08-16T00:46:45.026Z] > git ls-files --stage -- /workspace/FRONTFUNDATION/FRONTFUNDATION/src/app/components/components.component.html [1ms]
[2022-08-16T00:46:45.034Z] > git cat-file -s dfe34268a6e0dedad87473760fdc6a49c4c9c3e3 [2ms]
[2022-08-16T00:46:55.499Z] > git status -z -uall [36ms]
[2022-08-16T00:46:55.509Z] > git symbolic-ref --short HEAD [1ms]
[2022-08-16T00:46:55.515Z] > git for-each-ref --format=%(refname)%00%(upstream:short)%00%(objectname)%00%(upstream:track)%00%(upstream:remotename)%00%(upstream:remoteref) refs/heads/main refs/remotes/main [1ms]
[2022-08-16T00:46:55.526Z] > git for-each-ref --sort -committerdate --format %(refname) %(objectname) %(*objectname) [6ms]
[2022-08-16T00:46:55.526Z] > git remote --verbose [1ms]
[2022-08-16T00:46:55.534Z] > git config --get commit.template [1ms]
[2022-08-16T00:47:00.577Z] > git status -z -uall [34ms]
[2022-08-16T00:47:00.586Z] > git symbolic-ref --short HEAD [1ms]
[2022-08-16T00:47:00.593Z] > git for-each-ref --format=%(refname)%00%(upstream:short)%00%(objectname)%00%(upstream:track)%00%(upstream:remotename)%00%(upstream:remoteref) refs/heads/main refs/remotes/main [2ms]
[2022-08-16T00:47:00.604Z] > git for-each-ref --sort -committerdate --format %(refname) %(objectname) %(*objectname) [6ms]
[2022-08-16T00:47:00.604Z] > git remote --verbose [1ms]
[2022-08-16T00:47:00.612Z] > git config --get commit.template [1ms]
[2022-08-16T00:47:05.658Z] > git status -z -uall [37ms]
[2022-08-16T00:47:05.666Z] > git symbolic-ref --short HEAD [1ms]
[2022-08-16T00:47:05.673Z] > git for-each-ref --format=%(refname)%00%(upstream:short)%00%(objectname)%00%(upstream:track)%00%(upstream:remotename)%00%(upstream:remoteref) refs/heads/main refs/remotes/main [1ms]
[2022-08-16T00:47:05.684Z] > git for-each-ref --sort -committerdate --format %(refname) %(objectname) %(*objectname) [6ms]
[2022-08-16T00:47:05.685Z] > git remote --verbose [2ms]
[2022-08-16T00:47:05.697Z] > git config --get commit.template [2ms]
[2022-08-16T00:47:10.740Z] > git status -z -uall [34ms]
[2022-08-16T00:47:10.747Z] > git symbolic-ref --short HEAD [1ms]
[2022-08-16T00:47:10.754Z] > git for-each-ref --format=%(refname)%00%(upstream:short)%00%(objectname)%00%(upstream:track)%00%(upstream:remotename)%00%(upstream:remoteref) refs/heads/main refs/remotes/main [2ms]
[2022-08-16T00:47:10.764Z] > git for-each-ref --sort -committerdate --format %(refname) %(objectname) %(*objectname) [5ms]
[2022-08-16T00:47:10.765Z] > git remote --verbose [1ms]
[2022-08-16T00:47:10.771Z] > git config --get commit.template [0ms]
[2022-08-16T00:48:13.446Z] > git show --textconv :FRONTFUNDATION/src/app/components/components.component.scss [8ms]
[2022-08-16T00:48:13.446Z] > git ls-files --stage -- /workspace/FRONTFUNDATION/FRONTFUNDATION/src/app/components/components.component.scss [1ms]
[2022-08-16T00:48:13.454Z] > git cat-file -s b8f7d2c6ceeaeac47d838d31f21959ed12213cf3 [2ms]
[2022-08-16T00:48:19.600Z] > git fetch [294ms]
[2022-08-16T00:48:19.644Z] > git status -z -uall [35ms]
[2022-08-16T00:48:19.654Z] > git symbolic-ref --short HEAD [1ms]
[2022-08-16T00:48:19.665Z] > git for-each-ref --format=%(refname)%00%(upstream:short)%00%(objectname)%00%(upstream:track)%00%(upstream:remotename)%00%(upstream:remoteref) refs/heads/main refs/remotes/main [2ms]
[2022-08-16T00:48:19.684Z] > git for-each-ref --sort -committerdate --format %(refname) %(objectname) %(*objectname) [10ms]
[2022-08-16T00:48:19.685Z] > git remote --verbose [1ms]
[2022-08-16T00:48:19.696Z] > git config --get commit.template [1ms]
[2022-08-16T00:48:20.855Z] > git status -z -uall [46ms]
[2022-08-16T00:48:20.866Z] > git symbolic-ref --short HEAD [1ms]
[2022-08-16T00:48:20.876Z] > git for-each-ref --format=%(refname)%00%(upstream:short)%00%(objectname)%00%(upstream:track)%00%(upstream:remotename)%00%(upstream:remoteref) refs/heads/main refs/remotes/main [2ms]
[2022-08-16T00:48:20.889Z] > git for-each-ref --sort -committerdate --format %(refname) %(objectname) %(*objectname) [7ms]
[2022-08-16T00:48:20.889Z] > git remote --verbose [1ms]
[2022-08-16T00:48:20.897Z] > git config --get commit.template [1ms]
[2022-08-16T00:48:21.043Z] > git ls-files --stage -- /workspace/FRONTFUNDATION/FRONTFUNDATION/src/app/components/components.component.scss [1ms]
[2022-08-16T00:48:21.051Z] > git cat-file -s b8f7d2c6ceeaeac47d838d31f21959ed12213cf3 [1ms]
[2022-08-16T00:48:21.198Z] > git show --textconv :FRONTFUNDATION/src/app/components/components.component.scss [2ms]
[2022-08-16T00:48:32.530Z] > git status -z -uall [40ms]
[2022-08-16T00:48:32.541Z] > git symbolic-ref --short HEAD [1ms]
[2022-08-16T00:48:32.549Z] > git for-each-ref --format=%(refname)%00%(upstream:short)%00%(objectname)%00%(upstream:track)%00%(upstream:remotename)%00%(upstream:remoteref) refs/heads/main refs/remotes/main [1ms]
[2022-08-16T00:48:32.563Z] > git for-each-ref --sort -committerdate --format %(refname) %(objectname) %(*objectname) [7ms]
[2022-08-16T00:48:32.564Z] > git remote --verbose [2ms]
[2022-08-16T00:48:32.573Z] > git config --get commit.template [1ms]
[2022-08-16T00:48:38.416Z] > git status -z -uall [35ms]
[2022-08-16T00:48:38.425Z] > git symbolic-ref --short HEAD [1ms]
[2022-08-16T00:48:38.432Z] > git for-each-ref --format=%(refname)%00%(upstream:short)%00%(objectname)%00%(upstream:track)%00%(upstream:remotename)%00%(upstream:remoteref) refs/heads/main refs/remotes/main [1ms]
[2022-08-16T00:48:38.443Z] > git for-each-ref --sort -committerdate --format %(refname) %(objectname) %(*objectname) [6ms]
[2022-08-16T00:48:38.443Z] > git remote --verbose [1ms]
[2022-08-16T00:48:38.451Z] > git config --get commit.template [1ms]
[2022-08-16T00:48:43.495Z] > git status -z -uall [33ms]
[2022-08-16T00:48:43.505Z] > git symbolic-ref --short HEAD [1ms]
[2022-08-16T00:48:43.514Z] > git for-each-ref --format=%(refname)%00%(upstream:short)%00%(objectname)%00%(upstream:track)%00%(upstream:remotename)%00%(upstream:remoteref) refs/heads/main refs/remotes/main [3ms]
[2022-08-16T00:48:43.526Z] > git for-each-ref --sort -committerdate --format %(refname) %(objectname) %(*objectname) [6ms]
[2022-08-16T00:48:43.526Z] > git remote --verbose [1ms]
[2022-08-16T00:48:43.535Z] > git config --get commit.template [2ms]
[2022-08-16T00:49:02.156Z] > git status -z -uall [34ms]
[2022-08-16T00:49:02.166Z] > git symbolic-ref --short HEAD [1ms]
[2022-08-16T00:49:02.173Z] > git for-each-ref --format=%(refname)%00%(upstream:short)%00%(objectname)%00%(upstream:track)%00%(upstream:remotename)%00%(upstream:remoteref) refs/heads/main refs/remotes/main [1ms]
[2022-08-16T00:49:02.183Z] > git for-each-ref --sort -committerdate --format %(refname) %(objectname) %(*objectname) [5ms]
[2022-08-16T00:49:02.184Z] > git remote --verbose [1ms]
[2022-08-16T00:49:02.192Z] > git config --get commit.template [1ms]
[2022-08-16T00:49:07.467Z] > git status -z -uall [40ms]
[2022-08-16T00:49:07.477Z] > git symbolic-ref --short HEAD [1ms]
[2022-08-16T00:49:07.485Z] > git for-each-ref --format=%(refname)%00%(upstream:short)%00%(objectname)%00%(upstream:track)%00%(upstream:remotename)%00%(upstream:remoteref) refs/heads/main refs/remotes/main [1ms]
[2022-08-16T00:49:07.502Z] > git for-each-ref --sort -committerdate --format %(refname) %(objectname) %(*objectname) [7ms]
[2022-08-16T00:49:07.504Z] > git remote --verbose [3ms]
[2022-08-16T00:49:07.516Z] > git config --get commit.template [4ms]
[2022-08-16T00:49:12.563Z] > git status -z -uall [38ms]
[2022-08-16T00:49:12.574Z] > git symbolic-ref --short HEAD [2ms]
[2022-08-16T00:49:12.584Z] > git for-each-ref --format=%(refname)%00%(upstream:short)%00%(objectname)%00%(upstream:track)%00%(upstream:remotename)%00%(upstream:remoteref) refs/heads/main refs/remotes/main [2ms]
[2022-08-16T00:49:12.600Z] > git for-each-ref --sort -committerdate --format %(refname) %(objectname) %(*objectname) [8ms]
[2022-08-16T00:49:12.601Z] > git remote --verbose [2ms]
[2022-08-16T00:49:12.608Z] > git config --get commit.template [1ms]
[2022-08-16T00:50:01.594Z] > git status -z -uall [34ms]
[2022-08-16T00:50:01.600Z] > git symbolic-ref --short HEAD [1ms]
[2022-08-16T00:50:01.606Z] > git for-each-ref --format=%(refname)%00%(upstream:short)%00%(objectname)%00%(upstream:track)%00%(upstream:remotename)%00%(upstream:remoteref) refs/heads/main refs/remotes/main [1ms]
[2022-08-16T00:50:01.616Z] > git for-each-ref --sort -committerdate --format %(refname) %(objectname) %(*objectname) [5ms]
[2022-08-16T00:50:01.616Z] > git remote --verbose [1ms]
[2022-08-16T00:50:01.623Z] > git config --get commit.template [1ms]
[2022-08-16T00:50:09.225Z] > git status -z -uall [4ms]
[2022-08-16T00:50:09.231Z] > git symbolic-ref --short HEAD [1ms]
[2022-08-16T00:50:09.237Z] > git for-each-ref --format=%(refname)%00%(upstream:short)%00%(objectname)%00%(upstream:track)%00%(upstream:remotename)%00%(upstream:remoteref) refs/heads/main refs/remotes/main [2ms]
[2022-08-16T00:50:09.248Z] > git for-each-ref --sort -committerdate --format %(refname) %(objectname) %(*objectname) [7ms]
[2022-08-16T00:50:09.248Z] > git remote --verbose [3ms]
[2022-08-16T00:50:09.255Z] > git config --get commit.template [0ms]
[2022-08-16T00:50:09.461Z] > git ls-files --stage -- /workspace/FRONTFUNDATION/FRONTFUNDATION/src/app/components/components.component.scss [1ms]
[2022-08-16T00:50:09.468Z] > git cat-file -s 960796d7de582ed12233a618a71ac863403b1924 [2ms]
[2022-08-16T00:50:09.615Z] > git show --textconv :FRONTFUNDATION/src/app/components/components.component.scss [1ms]
[2022-08-16T00:50:19.185Z] > git status -z -uall [3ms]
[2022-08-16T00:50:19.192Z] > git symbolic-ref --short HEAD [1ms]
[2022-08-16T00:50:19.201Z] > git for-each-ref --format=%(refname)%00%(upstream:short)%00%(objectname)%00%(upstream:track)%00%(upstream:remotename)%00%(upstream:remoteref) refs/heads/main refs/remotes/main [2ms]
[2022-08-16T00:50:19.215Z] > git for-each-ref --sort -committerdate --format %(refname) %(objectname) %(*objectname) [6ms]
[2022-08-16T00:50:19.215Z] > git remote --verbose [1ms]
[2022-08-16T00:50:19.266Z] > git config --get commit.template [1ms]
[2022-08-16T00:50:19.447Z] > git config --local branch.main.github-pr-owner-number [20ms]
[2022-08-16T00:50:19.507Z] > git ls-files --stage -- /workspace/FRONTFUNDATION/FRONTFUNDATION/src/app/components/components.component.scss [2ms]
[2022-08-16T00:50:19.516Z] > git cat-file -s 960796d7de582ed12233a618a71ac863403b1924 [4ms]
[2022-08-16T00:50:19.666Z] > git show --textconv :FRONTFUNDATION/src/app/components/components.component.scss [3ms]
[2022-08-16T00:50:27.431Z] > git status -z -uall [2ms]
[2022-08-16T00:50:27.439Z] > git symbolic-ref --short HEAD [1ms]
[2022-08-16T00:50:27.446Z] > git for-each-ref --format=%(refname)%00%(upstream:short)%00%(objectname)%00%(upstream:track)%00%(upstream:remotename)%00%(upstream:remoteref) refs/heads/main refs/remotes/main [2ms]
[2022-08-16T00:50:27.456Z] > git for-each-ref --sort -committerdate --format %(refname) %(objectname) %(*objectname) [5ms]
[2022-08-16T00:50:27.456Z] > git remote --verbose [1ms]
[2022-08-16T00:50:27.464Z] > git config --get commit.template [1ms]
[2022-08-16T00:50:27.639Z] > git config --local branch.main.github-pr-owner-number [30ms]
[2022-08-16T00:50:27.661Z] > git ls-files --stage -- /workspace/FRONTFUNDATION/FRONTFUNDATION/src/app/components/components.component.scss [1ms]
[2022-08-16T00:50:27.671Z] > git cat-file -s 960796d7de582ed12233a618a71ac863403b1924 [5ms]
[2022-08-16T00:50:27.818Z] > git show --textconv :FRONTFUNDATION/src/app/components/components.component.scss [3ms]
[2022-08-16T00:50:41.571Z] > git log --oneline --cherry main...main@{upstream} -- [3ms]
[2022-08-16T00:50:41.868Z] > git pull --tags origin main [289ms]
[2022-08-16T00:50:41.868Z] From https://github.com/FundationSemillas/FRONTFUNDATION
 * branch            main       -> FETCH_HEAD
hint: You have divergent branches and need to specify how to reconcile them.
hint: You can do so by running one of the following commands sometime before
hint: your next pull:
hint: 
hint:   git config pull.rebase false  # merge
hint:   git config pull.rebase true   # rebase
hint:   git config pull.ff only       # fast-forward only
hint: 
hint: You can replace "git config" with "git config --global" to set a default
hint: preference for all repositories. You can also pass --rebase, --no-rebase,
hint: or --ff-only on the command line to override the configured default per
hint: invocation.
fatal: Need to specify how to reconcile divergent branches.
[2022-08-16T00:50:43.080Z] > git status -z -uall [2ms]
[2022-08-16T00:50:43.091Z] > git symbolic-ref --short HEAD [1ms]
[2022-08-16T00:50:43.101Z] > git for-each-ref --format=%(refname)%00%(upstream:short)%00%(objectname)%00%(upstream:track)%00%(upstream:remotename)%00%(upstream:remoteref) refs/heads/main refs/remotes/main [2ms]
[2022-08-16T00:50:43.118Z] > git for-each-ref --sort -committerdate --format %(refname) %(objectname) %(*objectname) [9ms]
[2022-08-16T00:50:43.119Z] > git remote --verbose [1ms]
[2022-08-16T00:50:43.131Z] > git config --get commit.template [1ms]
[2022-08-16T00:50:43.312Z] > git ls-files --stage -- /workspace/FRONTFUNDATION/FRONTFUNDATION/src/app/components/components.component.scss [1ms]
[2022-08-16T00:50:43.318Z] > git cat-file -s 960796d7de582ed12233a618a71ac863403b1924 [1ms]
[2022-08-16T00:50:43.463Z] > git show --textconv :FRONTFUNDATION/src/app/components/components.component.scss [1ms]
[2022-08-16T00:51:20.114Z] > git fetch [408ms]
[2022-08-16T00:51:20.124Z] > git status -z -uall [2ms]
[2022-08-16T00:51:20.131Z] > git symbolic-ref --short HEAD [1ms]
[2022-08-16T00:51:20.137Z] > git for-each-ref --format=%(refname)%00%(upstream:short)%00%(objectname)%00%(upstream:track)%00%(upstream:remotename)%00%(upstream:remoteref) refs/heads/main refs/remotes/main [1ms]
[2022-08-16T00:51:20.148Z] > git for-each-ref --sort -committerdate --format %(refname) %(objectname) %(*objectname) [5ms]
[2022-08-16T00:51:20.149Z] > git remote --verbose [1ms]
[2022-08-16T00:51:20.158Z] > git config --get commit.template [1ms]
[2022-08-16T00:51:21.323Z] > git status -z -uall [2ms]
[2022-08-16T00:51:21.331Z] > git symbolic-ref --short HEAD [1ms]
[2022-08-16T00:51:21.338Z] > git for-each-ref --format=%(refname)%00%(upstream:short)%00%(objectname)%00%(upstream:track)%00%(upstream:remotename)%00%(upstream:remoteref) refs/heads/main refs/remotes/main [1ms]
[2022-08-16T00:51:21.352Z] > git for-each-ref --sort -committerdate --format %(refname) %(objectname) %(*objectname) [7ms]
[2022-08-16T00:51:21.352Z] > git remote --verbose [1ms]
[2022-08-16T00:51:21.360Z] > git config --get commit.template [1ms]
[2022-08-16T00:51:21.560Z] > git ls-files --stage -- /workspace/FRONTFUNDATION/FRONTFUNDATION/src/app/components/components.component.scss [1ms]
[2022-08-16T00:51:21.569Z] > git cat-file -s 960796d7de582ed12233a618a71ac863403b1924 [1ms]
[2022-08-16T00:51:21.714Z] > git show --textconv :FRONTFUNDATION/src/app/components/components.component.scss [1ms]
[2022-08-16T00:51:38.308Z] > git status -z -uall [2ms]
[2022-08-16T00:51:38.315Z] > git symbolic-ref --short HEAD [1ms]
[2022-08-16T00:51:38.321Z] > git for-each-ref --format=%(refname)%00%(upstream:short)%00%(objectname)%00%(upstream:track)%00%(upstream:remotename)%00%(upstream:remoteref) refs/heads/main refs/remotes/main [1ms]
[2022-08-16T00:51:38.334Z] > git for-each-ref --sort -committerdate --format %(refname) %(objectname) %(*objectname) [6ms]
[2022-08-16T00:51:38.334Z] > git remote --verbose [1ms]
[2022-08-16T00:51:38.343Z] > git config --get commit.template [1ms]
[2022-08-16T00:51:38.545Z] > git ls-files --stage -- /workspace/FRONTFUNDATION/FRONTFUNDATION/src/app/components/components.component.scss [1ms]
[2022-08-16T00:51:38.554Z] > git cat-file -s 960796d7de582ed12233a618a71ac863403b1924 [1ms]
[2022-08-16T00:51:38.699Z] > git show --textconv :FRONTFUNDATION/src/app/components/components.component.scss [1ms]
[2022-08-16T00:51:43.532Z] > git status -z -uall [2ms]
[2022-08-16T00:51:43.541Z] > git symbolic-ref --short HEAD [1ms]
[2022-08-16T00:51:43.551Z] > git for-each-ref --format=%(refname)%00%(upstream:short)%00%(objectname)%00%(upstream:track)%00%(upstream:remotename)%00%(upstream:remoteref) refs/heads/main refs/remotes/main [1ms]
[2022-08-16T00:51:43.568Z] > git for-each-ref --sort -committerdate --format %(refname) %(objectname) %(*objectname) [9ms]
[2022-08-16T00:51:43.569Z] > git remote --verbose [2ms]
[2022-08-16T00:51:43.576Z] > git config --get commit.template [1ms]
[2022-08-16T00:51:43.763Z] > git ls-files --stage -- /workspace/FRONTFUNDATION/FRONTFUNDATION/src/app/components/components.component.scss [1ms]
[2022-08-16T00:51:43.771Z] > git cat-file -s 960796d7de582ed12233a618a71ac863403b1924 [1ms]
[2022-08-16T00:51:43.915Z] > git show --textconv :FRONTFUNDATION/src/app/components/components.component.scss [2ms]
[2022-08-16T00:52:15.277Z] > git status -z -uall [2ms]
[2022-08-16T00:52:15.283Z] > git symbolic-ref --short HEAD [1ms]
[2022-08-16T00:52:15.289Z] > git for-each-ref --format=%(refname)%00%(upstream:short)%00%(objectname)%00%(upstream:track)%00%(upstream:remotename)%00%(upstream:remoteref) refs/heads/feature/images-home refs/remotes/feature/images-home [1ms]
[2022-08-16T00:52:15.301Z] > git for-each-ref --sort -committerdate --format %(refname) %(objectname) %(*objectname) [7ms]
[2022-08-16T00:52:15.301Z] > git remote --verbose [1ms]
[2022-08-16T00:52:15.311Z] > git config --get commit.template [1ms]
[2022-08-16T00:52:15.495Z] > git config --local branch.feature/images-home.github-pr-owner-number [32ms]
[2022-08-16T00:52:15.513Z] > git ls-files --stage -- /workspace/FRONTFUNDATION/FRONTFUNDATION/src/app/components/components.component.scss [2ms]
[2022-08-16T00:52:15.524Z] > git cat-file -s 960796d7de582ed12233a618a71ac863403b1924 [3ms]
[2022-08-16T00:52:15.668Z] > git show --textconv :FRONTFUNDATION/src/app/components/components.component.scss [2ms]
[2022-08-16T00:52:28.020Z] > git status -z -uall [2ms]
[2022-08-16T00:52:28.029Z] > git symbolic-ref --short HEAD [1ms]
[2022-08-16T00:52:28.035Z] > git for-each-ref --format=%(refname)%00%(upstream:short)%00%(objectname)%00%(upstream:track)%00%(upstream:remotename)%00%(upstream:remoteref) refs/heads/feature/images-home refs/remotes/feature/images-home [1ms]
[2022-08-16T00:52:28.046Z] > git for-each-ref --sort -committerdate --format %(refname) %(objectname) %(*objectname) [5ms]
[2022-08-16T00:52:28.047Z] > git remote --verbose [1ms]
[2022-08-16T00:52:28.056Z] > git config --get commit.template [1ms]
[2022-08-16T00:52:28.233Z] > git config --local branch.feature/images-home.github-pr-owner-number [32ms]
[2022-08-16T00:52:28.253Z] > git ls-files --stage -- /workspace/FRONTFUNDATION/FRONTFUNDATION/src/app/components/components.component.scss [1ms]
[2022-08-16T00:52:28.262Z] > git cat-file -s 960796d7de582ed12233a618a71ac863403b1924 [3ms]
[2022-08-16T00:52:28.409Z] > git show --textconv :FRONTFUNDATION/src/app/components/components.component.scss [2ms]
[2022-08-16T00:52:31.457Z] > git for-each-ref --format=%(refname)%00%(upstream:short)%00%(objectname)%00%(upstream:track)%00%(upstream:remotename)%00%(upstream:remoteref) refs/heads/feature/images-home refs/remotes/feature/images-home [26ms]
[2022-08-16T00:52:31.470Z] > git show -s --format=%H%n%aN%n%aE%n%at%n%ct%n%P%n%D%n%B -z 932eab09af5523faf4390fb2d6f11a97bb07afa1 [2ms]
[2022-08-16T00:52:33.298Z] > git for-each-ref --format=%(refname)%00%(upstream:short)%00%(objectname)%00%(upstream:track)%00%(upstream:remotename)%00%(upstream:remoteref) refs/heads/feature/images-home refs/remotes/feature/images-home [1ms]
[2022-08-16T00:52:33.314Z] > git for-each-ref --format=%(refname)%00%(upstream:short)%00%(objectname)%00%(upstream:track)%00%(upstream:remotename)%00%(upstream:remoteref) refs/heads/feature/images-home refs/remotes/feature/images-home [9ms]
[2022-08-16T00:52:33.325Z] > git show -s --format=%H%n%aN%n%aE%n%at%n%ct%n%P%n%D%n%B -z 932eab09af5523faf4390fb2d6f11a97bb07afa1 [3ms]
[2022-08-16T00:52:34.587Z] > git for-each-ref --format=%(refname)%00%(upstream:short)%00%(objectname)%00%(upstream:track)%00%(upstream:remotename)%00%(upstream:remoteref) refs/heads/feature/images-home refs/remotes/feature/images-home [2ms]
[2022-08-16T00:52:34.608Z] > git for-each-ref --format=%(refname)%00%(upstream:short)%00%(objectname)%00%(upstream:track)%00%(upstream:remotename)%00%(upstream:remoteref) refs/heads/feature/images-home refs/remotes/feature/images-home [9ms]
[2022-08-16T00:52:34.615Z] > git for-each-ref --format=%(refname)%00%(upstream:short)%00%(objectname)%00%(upstream:track)%00%(upstream:remotename)%00%(upstream:remoteref) refs/heads/feature/images-home refs/remotes/feature/images-home [22ms]
[2022-08-16T00:52:34.617Z] > git show -s --format=%H%n%aN%n%aE%n%at%n%ct%n%P%n%D%n%B -z 932eab09af5523faf4390fb2d6f11a97bb07afa1 [3ms]
[2022-08-16T00:53:01.456Z] > git status -z -uall [2ms]
[2022-08-16T00:53:01.721Z] > git symbolic-ref --short HEAD [1ms]
[2022-08-16T00:53:01.730Z] > git for-each-ref --format=%(refname)%00%(upstream:short)%00%(objectname)%00%(upstream:track)%00%(upstream:remotename)%00%(upstream:remoteref) refs/heads/feature/images-home refs/remotes/feature/images-home [1ms]
[2022-08-16T00:53:01.743Z] > git for-each-ref --sort -committerdate --format %(refname) %(objectname) %(*objectname) [7ms]
[2022-08-16T00:53:01.743Z] > git remote --verbose [1ms]
[2022-08-16T00:53:01.752Z] > git config --get commit.template [1ms]
[2022-08-16T00:53:01.867Z] > git ls-files --stage -- /workspace/FRONTFUNDATION/FRONTFUNDATION/src/app/components/components.component.scss [1ms]
[2022-08-16T00:53:01.877Z] > git cat-file -s 960796d7de582ed12233a618a71ac863403b1924 [1ms]
[2022-08-16T00:53:02.024Z] > git show --textconv :FRONTFUNDATION/src/app/components/components.component.scss [2ms]
[2022-08-16T00:53:04.135Z] > git for-each-ref --format %(refname:short)%00%(upstream:short) refs/heads [1ms]
[2022-08-16T00:53:04.155Z] > git checkout -q --track origin/main [9ms]
[2022-08-16T00:53:04.169Z] > git status -z -uall [3ms]
[2022-08-16T00:53:04.180Z] > git symbolic-ref --short HEAD [1ms]
[2022-08-16T00:53:04.188Z] > git for-each-ref --format=%(refname)%00%(upstream:short)%00%(objectname)%00%(upstream:track)%00%(upstream:remotename)%00%(upstream:remoteref) refs/heads/main refs/remotes/main [1ms]
[2022-08-16T00:53:04.203Z] > git for-each-ref --sort -committerdate --format %(refname) %(objectname) %(*objectname) [8ms]
[2022-08-16T00:53:04.203Z] > git remote --verbose [1ms]
[2022-08-16T00:53:04.278Z] > git for-each-ref --format=%(refname)%00%(upstream:short)%00%(objectname)%00%(upstream:track)%00%(upstream:remotename)%00%(upstream:remoteref) refs/heads/main refs/remotes/main [53ms]
[2022-08-16T00:53:04.285Z] > git for-each-ref --format=%(refname)%00%(upstream:short)%00%(objectname)%00%(upstream:track)%00%(upstream:remotename)%00%(upstream:remoteref) refs/heads/main refs/remotes/main [69ms]
[2022-08-16T00:53:04.287Z] > git config --get commit.template [9ms]
[2022-08-16T00:53:04.287Z] > git show -s --format=%H%n%aN%n%aE%n%at%n%ct%n%P%n%D%n%B -z c2c59e82db831d734bc0cb5748b696a96e701758 [2ms]
[2022-08-16T00:53:04.454Z] > git config --local branch.main.github-pr-owner-number [17ms]
[2022-08-16T00:53:05.610Z] > git ls-files --stage -- /workspace/FRONTFUNDATION/FRONTFUNDATION/src/app/components/components.component.scss [2ms]
[2022-08-16T00:53:05.621Z] > git cat-file -s b8f7d2c6ceeaeac47d838d31f21959ed12213cf3 [1ms]
[2022-08-16T00:53:05.768Z] > git show --textconv :FRONTFUNDATION/src/app/components/components.component.scss [2ms]
[2022-08-16T00:53:06.765Z] > git status -z -uall [2ms]
[2022-08-16T00:53:06.773Z] > git symbolic-ref --short HEAD [1ms]
[2022-08-16T00:53:06.781Z] > git for-each-ref --format=%(refname)%00%(upstream:short)%00%(objectname)%00%(upstream:track)%00%(upstream:remotename)%00%(upstream:remoteref) refs/heads/main refs/remotes/main [1ms]
[2022-08-16T00:53:06.795Z] > git for-each-ref --sort -committerdate --format %(refname) %(objectname) %(*objectname) [8ms]
[2022-08-16T00:53:06.796Z] > git remote --verbose [2ms]
[2022-08-16T00:53:06.805Z] > git config --get commit.template [1ms]
[2022-08-16T00:53:08.057Z] > git ls-files --stage -- /workspace/FRONTFUNDATION/FRONTFUNDATION/src/app/components/components.component.scss [1ms]
[2022-08-16T00:53:08.064Z] > git cat-file -s b8f7d2c6ceeaeac47d838d31f21959ed12213cf3 [1ms]
[2022-08-16T00:53:08.210Z] > git show --textconv :FRONTFUNDATION/src/app/components/components.component.scss [2ms]
[2022-08-16T00:53:16.593Z] > git status -z -uall [3ms]
[2022-08-16T00:53:16.600Z] > git symbolic-ref --short HEAD [2ms]
[2022-08-16T00:53:16.609Z] > git for-each-ref --format=%(refname)%00%(upstream:short)%00%(objectname)%00%(upstream:track)%00%(upstream:remotename)%00%(upstream:remoteref) refs/heads/main refs/remotes/main [1ms]
[2022-08-16T00:53:16.621Z] > git for-each-ref --sort -committerdate --format %(refname) %(objectname) %(*objectname) [6ms]
[2022-08-16T00:53:16.622Z] > git remote --verbose [1ms]
[2022-08-16T00:53:16.632Z] > git config --get commit.template [1ms]
[2022-08-16T00:53:20.600Z] > git ls-files --stage -- /workspace/FRONTFUNDATION/FRONTFUNDATION/src/app/components/components.component.scss [2ms]
[2022-08-16T00:53:20.607Z] > git cat-file -s 960796d7de582ed12233a618a71ac863403b1924 [2ms]
[2022-08-16T00:53:20.751Z] > git show --textconv :FRONTFUNDATION/src/app/components/components.component.scss [2ms]
[2022-08-16T00:53:21.678Z] > git status -z -uall [36ms]
[2022-08-16T00:53:21.687Z] > git symbolic-ref --short HEAD [1ms]
[2022-08-16T00:53:21.693Z] > git for-each-ref --format=%(refname)%00%(upstream:short)%00%(objectname)%00%(upstream:track)%00%(upstream:remotename)%00%(upstream:remoteref) refs/heads/main refs/remotes/main [1ms]
[2022-08-16T00:53:21.703Z] > git for-each-ref --sort -committerdate --format %(refname) %(objectname) %(*objectname) [5ms]
[2022-08-16T00:53:21.704Z] > git remote --verbose [1ms]
[2022-08-16T00:53:21.748Z] > git config --get commit.template [1ms]
[2022-08-16T00:53:21.911Z] > git config --local branch.main.github-pr-owner-number [18ms]
[2022-08-16T00:57:14.735Z] > git fetch [281ms]
[2022-08-16T00:57:14.779Z] > git status -z -uall [36ms]
[2022-08-16T00:57:14.787Z] > git symbolic-ref --short HEAD [1ms]
[2022-08-16T00:57:14.794Z] > git for-each-ref --format=%(refname)%00%(upstream:short)%00%(objectname)%00%(upstream:track)%00%(upstream:remotename)%00%(upstream:remoteref) refs/heads/main refs/remotes/main [1ms]
[2022-08-16T00:57:14.806Z] > git for-each-ref --sort -committerdate --format %(refname) %(objectname) %(*objectname) [6ms]
[2022-08-16T00:57:14.807Z] > git remote --verbose [1ms]
[2022-08-16T00:57:14.817Z] > git config --get commit.template [1ms]
[2022-08-16T00:57:15.979Z] > git status -z -uall [36ms]
[2022-08-16T00:57:15.988Z] > git symbolic-ref --short HEAD [1ms]
[2022-08-16T00:57:15.995Z] > git for-each-ref --format=%(refname)%00%(upstream:short)%00%(objectname)%00%(upstream:track)%00%(upstream:remotename)%00%(upstream:remoteref) refs/heads/main refs/remotes/main [1ms]
[2022-08-16T00:57:16.006Z] > git for-each-ref --sort -committerdate --format %(refname) %(objectname) %(*objectname) [6ms]
[2022-08-16T00:57:16.006Z] > git remote --verbose [1ms]
[2022-08-16T00:57:16.017Z] > git config --get commit.template [1ms]
